<?xml version="1.0" encoding="utf-8"?>
<CoverageSession xmlns:xsd="http://www.w3.org/2001/XMLSchema" xmlns:xsi="http://www.w3.org/2001/XMLSchema-instance" Version="0.0.0.0">
  <Summary numSequencePoints="45" visitedSequencePoints="44" numBranchPoints="0" visitedBranchPoints="0" sequenceCoverage="97.78" branchCoverage="0.0" maxCyclomaticComplexity="0" minCyclomaticComplexity="0" maxCrapScore="0" minCrapScore="0" visitedClasses="3" numClasses="4" visitedMethods="5" numMethods="5" />
  <Modules>
    <Module>
      <Summary numSequencePoints="16" visitedSequencePoints="15" numBranchPoints="0" visitedBranchPoints="0" sequenceCoverage="93.75" branchCoverage="0.0" maxCyclomaticComplexity="0" minCyclomaticComplexity="0" maxCrapScore="0" minCrapScore="0" visitedClasses="2" numClasses="3" visitedMethods="2" numMethods="2" />
      <ModuleTime>0001-01-01T00:00:00</ModuleTime>
      <ModuleName>ModelRef</ModuleName>
      <Files>
        <File uid="2" fullPath="C:/ELTE/Szoftech/hunor-profetai/SafariCEO/Assets/Scripts/Editor/BuildCommand.cs" />
        <File uid="3" fullPath="C:/ELTE/Szoftech/hunor-profetai/SafariCEO/Assets/Scripts/Model/AnimalScripts/Animal.cs" />
        <File uid="4" fullPath="C:/ELTE/Szoftech/hunor-profetai/SafariCEO/Assets/Scripts/Model/AnimalScripts/Carnivorous.cs" />
        <File uid="5" fullPath="C:/ELTE/Szoftech/hunor-profetai/SafariCEO/Assets/Scripts/Model/AnimalScripts/Herbivore.cs" />
        <File uid="6" fullPath="C:/ELTE/Szoftech/hunor-profetai/SafariCEO/Assets/Scripts/Model/AnimalScripts/HerdMemberData.cs" />
        <File uid="7" fullPath="C:/ELTE/Szoftech/hunor-profetai/SafariCEO/Assets/Scripts/Model/AnimalScripts/Jeep.cs" />
        <File uid="8" fullPath="C:/ELTE/Szoftech/hunor-profetai/SafariCEO/Assets/Scripts/Model/AnimalScripts/SlowZoneHandler.cs" />
        <File uid="9" fullPath="C:/ELTE/Szoftech/hunor-profetai/SafariCEO/Assets/Scripts/Model/Events/TileEventArgs.cs" />
        <File uid="10" fullPath="C:/ELTE/Szoftech/hunor-profetai/SafariCEO/Assets/Scripts/Model/GameManager.cs" />
        <File uid="11" fullPath="C:/ELTE/Szoftech/hunor-profetai/SafariCEO/Assets/Scripts/Model/GameSettings.cs" />
        <File uid="12" fullPath="C:/ELTE/Szoftech/hunor-profetai/SafariCEO/Assets/Scripts/Model/Map/Tile.cs" />
        <File uid="13" fullPath="C:/ELTE/Szoftech/hunor-profetai/SafariCEO/Assets/Scripts/Model/Navigation/Enemy.cs" />
        <File uid="14" fullPath="C:/ELTE/Szoftech/hunor-profetai/SafariCEO/Assets/Scripts/Model/Navigation/Player.cs" />
        <File uid="15" fullPath="C:/ELTE/Szoftech/hunor-profetai/SafariCEO/Assets/Scripts/Model/ShopElement.cs" />
        <File uid="16" fullPath="C:/ELTE/Szoftech/hunor-profetai/SafariCEO/Assets/Scripts/View/CameraManager.cs" />
        <File uid="17" fullPath="C:/ELTE/Szoftech/hunor-profetai/SafariCEO/Assets/Scripts/View/Draggable.cs" />
        <File uid="18" fullPath="C:/ELTE/Szoftech/hunor-profetai/SafariCEO/Assets/Scripts/View/EnablePauseMenu.cs" />
        <File uid="19" fullPath="C:/ELTE/Szoftech/hunor-profetai/SafariCEO/Assets/Scripts/View/EndPopUpUiScript.cs" />
        <File uid="20" fullPath="C:/ELTE/Szoftech/hunor-profetai/SafariCEO/Assets/Scripts/View/GameUIButtonsManager.cs" />
        <File uid="21" fullPath="C:/ELTE/Szoftech/hunor-profetai/SafariCEO/Assets/Scripts/View/InspectionManager.cs" />
        <File uid="22" fullPath="C:/ELTE/Szoftech/hunor-profetai/SafariCEO/Assets/Scripts/View/MainMenu.cs" />
        <File uid="23" fullPath="C:/ELTE/Szoftech/hunor-profetai/SafariCEO/Assets/Scripts/View/PauseMenu.cs" />
        <File uid="24" fullPath="C:/ELTE/Szoftech/hunor-profetai/SafariCEO/Assets/Scripts/Model/Map/Minimap.cs" />
        <File uid="25" fullPath="C:/ELTE/Szoftech/hunor-profetai/SafariCEO/Assets/Scripts/Model/Map/SafariMap.cs" />
      </Files>
      <Classes>
        <Class>
          <Summary numSequencePoints="0" visitedSequencePoints="0" numBranchPoints="0" visitedBranchPoints="0" sequenceCoverage="0" branchCoverage="0" maxCyclomaticComplexity="0" minCyclomaticComplexity="0" maxCrapScore="0" minCrapScore="0" visitedClasses="0" numClasses="1" visitedMethods="0" numMethods="0" />
          <FullName>BuildCommand</FullName>
          <Methods />
        </Class>
        <Class>
          <Summary numSequencePoints="8" visitedSequencePoints="7" numBranchPoints="0" visitedBranchPoints="0" sequenceCoverage="87.50" branchCoverage="0.0" maxCyclomaticComplexity="0" minCyclomaticComplexity="0" maxCrapScore="0" minCrapScore="0" visitedClasses="1" numClasses="1" visitedMethods="1" numMethods="1" />
          <FullName>Assets.Scripts.Model.Map.Minimap</FullName>
          <Methods>
            <Method visited="true" cyclomaticComplexity="0" nPathComplexity="0" sequenceCoverage="87.50" branchCoverage="0" crapScore="0" isConstructor="false" isStatic="false" isGetter="false" isSetter="false">
              <Summary numSequencePoints="8" visitedSequencePoints="7" numBranchPoints="0" visitedBranchPoints="0" sequenceCoverage="87.50" branchCoverage="0" maxCyclomaticComplexity="0" minCyclomaticComplexity="0" maxCrapScore="0" minCrapScore="0" visitedClasses="0" numClasses="0" visitedMethods="1" numMethods="1" />
              <MetadataToken>100663538</MetadataToken>
              <Name>System.Void Assets.Scripts.Model.Map.Minimap::Start()</Name>
              <FileRef uid="24" />
              <SequencePoints>
                <SequencePoint vc="1" uspid="5201" ordinal="0" offset="0" sl="18" sc="9" el="18" ec="9" bec="0" bev="0" fileid="24">
                  <TrackedMethodRefs>
                    <TrackedMethodRef uid="0" vc="1" />
                  </TrackedMethodRefs>
                </SequencePoint>
                <SequencePoint vc="1" uspid="5202" ordinal="0" offset="1" sl="19" sc="13" el="19" ec="13" bec="0" bev="0" fileid="24">
                  <TrackedMethodRefs>
                    <TrackedMethodRef uid="0" vc="1" />
                  </TrackedMethodRefs>
                </SequencePoint>
                <SequencePoint vc="1" uspid="5203" ordinal="0" offset="23" sl="20" sc="13" el="20" ec="13" bec="0" bev="0" fileid="24">
                  <TrackedMethodRefs>
                    <TrackedMethodRef uid="0" vc="1" />
                  </TrackedMethodRefs>
                </SequencePoint>
                <SequencePoint vc="0" uspid="5204" ordinal="0" offset="39" sl="20" sc="40" el="20" ec="40" bec="0" bev="0" fileid="24">
                  <TrackedMethodRefs>
                    <TrackedMethodRef uid="0" vc="0" />
                  </TrackedMethodRefs>
                </SequencePoint>
                <SequencePoint vc="1" uspid="5205" ordinal="0" offset="41" sl="23" sc="13" el="23" ec="13" bec="0" bev="0" fileid="24">
                  <TrackedMethodRefs>
                    <TrackedMethodRef uid="0" vc="1" />
                  </TrackedMethodRefs>
                </SequencePoint>
                <SequencePoint vc="1" uspid="5206" ordinal="0" offset="55" sl="26" sc="13" el="26" ec="13" bec="0" bev="0" fileid="24">
                  <TrackedMethodRefs>
                    <TrackedMethodRef uid="0" vc="1" />
                  </TrackedMethodRefs>
                </SequencePoint>
                <SequencePoint vc="1" uspid="5207" ordinal="0" offset="79" sl="35" sc="13" el="35" ec="13" bec="0" bev="0" fileid="24">
                  <TrackedMethodRefs>
                    <TrackedMethodRef uid="0" vc="1" />
                  </TrackedMethodRefs>
                </SequencePoint>
                <SequencePoint vc="1" uspid="5208" ordinal="0" offset="142" sl="36" sc="9" el="36" ec="9" bec="0" bev="0" fileid="24">
                  <TrackedMethodRefs>
                    <TrackedMethodRef uid="0" vc="1" />
                  </TrackedMethodRefs>
                </SequencePoint>
              </SequencePoints>
              <BranchPoints />
            </Method>
          </Methods>
        </Class>
        <Class>
          <Summary numSequencePoints="8" visitedSequencePoints="8" numBranchPoints="0" visitedBranchPoints="0" sequenceCoverage="100.0" branchCoverage="0.0" maxCyclomaticComplexity="0" minCyclomaticComplexity="0" maxCrapScore="0" minCrapScore="0" visitedClasses="1" numClasses="1" visitedMethods="1" numMethods="1" />
          <FullName>Assets.Scripts.Model.Map.SafariMap</FullName>
          <Methods>
            <Method visited="true" cyclomaticComplexity="0" nPathComplexity="0" sequenceCoverage="100.0" branchCoverage="0" crapScore="0" isConstructor="true" isStatic="false" isGetter="false" isSetter="false">
              <Summary numSequencePoints="8" visitedSequencePoints="8" numBranchPoints="0" visitedBranchPoints="0" sequenceCoverage="100.0" branchCoverage="0" maxCyclomaticComplexity="0" minCyclomaticComplexity="0" maxCrapScore="0" minCrapScore="0" visitedClasses="0" numClasses="0" visitedMethods="1" numMethods="1" />
              <MetadataToken>100663560</MetadataToken>
              <Name>Assets.Scripts.Model.Map.SafariMap::SafariMap()</Name>
              <FileRef uid="25" />
              <SequencePoints>
                <SequencePoint vc="1" uspid="5704" ordinal="0" offset="0" sl="40" sc="9" el="40" ec="9" bec="0" bev="0" fileid="25">
                  <TrackedMethodRefs>
                    <TrackedMethodRef uid="0" vc="1" />
                  </TrackedMethodRefs>
                </SequencePoint>
                <SequencePoint vc="1" uspid="5705" ordinal="0" offset="21" sl="42" sc="9" el="42" ec="9" bec="0" bev="0" fileid="25">
                  <TrackedMethodRefs>
                    <TrackedMethodRef uid="0" vc="1" />
                  </TrackedMethodRefs>
                </SequencePoint>
                <SequencePoint vc="1" uspid="5706" ordinal="0" offset="32" sl="43" sc="9" el="43" ec="9" bec="0" bev="0" fileid="25">
                  <TrackedMethodRefs>
                    <TrackedMethodRef uid="0" vc="1" />
                  </TrackedMethodRefs>
                </SequencePoint>
                <SequencePoint vc="1" uspid="5707" ordinal="0" offset="43" sl="44" sc="9" el="44" ec="9" bec="0" bev="0" fileid="25">
                  <TrackedMethodRefs>
                    <TrackedMethodRef uid="0" vc="1" />
                  </TrackedMethodRefs>
                </SequencePoint>
                <SequencePoint vc="1" uspid="5708" ordinal="0" offset="54" sl="45" sc="9" el="45" ec="9" bec="0" bev="0" fileid="25">
                  <TrackedMethodRefs>
                    <TrackedMethodRef uid="0" vc="1" />
                  </TrackedMethodRefs>
                </SequencePoint>
                <SequencePoint vc="1" uspid="5709" ordinal="0" offset="65" sl="48" sc="9" el="48" ec="9" bec="0" bev="0" fileid="25">
                  <TrackedMethodRefs>
                    <TrackedMethodRef uid="0" vc="1" />
                  </TrackedMethodRefs>
                </SequencePoint>
                <SequencePoint vc="1" uspid="5710" ordinal="0" offset="76" sl="50" sc="9" el="50" ec="9" bec="0" bev="0" fileid="25">
                  <TrackedMethodRefs>
                    <TrackedMethodRef uid="0" vc="1" />
                  </TrackedMethodRefs>
                </SequencePoint>
                <SequencePoint vc="1" uspid="5711" ordinal="0" offset="83" sl="51" sc="9" el="51" ec="9" bec="0" bev="0" fileid="25">
                  <TrackedMethodRefs>
                    <TrackedMethodRef uid="0" vc="1" />
                  </TrackedMethodRefs>
                </SequencePoint>
              </SequencePoints>
              <BranchPoints />
            </Method>
          </Methods>
        </Class>
      </Classes>
      <TrackedMethods>
        <TrackedMethod uid="0" token="100663299" name="System.Void MinimapTests::Start_SetsMinimapCameraPropertiesCorrectly()" strategy="Test" />
      </TrackedMethods>
    </Module>
    <Module>
      <Summary numSequencePoints="29" visitedSequencePoints="29" numBranchPoints="0" visitedBranchPoints="0" sequenceCoverage="100.0" branchCoverage="0.0" maxCyclomaticComplexity="0" minCyclomaticComplexity="0" maxCrapScore="0" minCrapScore="0" visitedClasses="1" numClasses="1" visitedMethods="3" numMethods="3" />
      <ModuleTime>0001-01-01T00:00:00</ModuleTime>
      <ModuleName>EditMode</ModuleName>
      <Files>
        <File uid="26" fullPath="C:/ELTE/Szoftech/hunor-profetai/SafariCEO/Assets/Scripts/Tests/Editmode/Map/MinimapTests.cs" />
        <File uid="27" fullPath="C:/ELTE/Szoftech/hunor-profetai/SafariCEO/Assets/Scripts/Tests/Editmode/Map/SafariMapTests.cs" />
        <File uid="28" fullPath="C:/ELTE/Szoftech/hunor-profetai/SafariCEO/Assets/Scripts/Tests/Editmode/Map/TileTests.cs" />
        <File uid="29" fullPath="C:/ELTE/Szoftech/hunor-profetai/SafariCEO/Assets/Scripts/Tests/Editmode/SanityTest.cs" />
      </Files>
      <Classes>
        <Class>
          <Summary numSequencePoints="29" visitedSequencePoints="29" numBranchPoints="0" visitedBranchPoints="0" sequenceCoverage="100.0" branchCoverage="0.0" maxCyclomaticComplexity="0" minCyclomaticComplexity="0" maxCrapScore="0" minCrapScore="0" visitedClasses="1" numClasses="1" visitedMethods="3" numMethods="3" />
          <FullName>MinimapTests</FullName>
          <Methods>
            <Method visited="true" cyclomaticComplexity="0" nPathComplexity="0" sequenceCoverage="100.0" branchCoverage="0" crapScore="0" isConstructor="false" isStatic="false" isGetter="false" isSetter="false">
              <Summary numSequencePoints="20" visitedSequencePoints="20" numBranchPoints="0" visitedBranchPoints="0" sequenceCoverage="100.0" branchCoverage="0" maxCyclomaticComplexity="0" minCyclomaticComplexity="0" maxCrapScore="0" minCrapScore="0" visitedClasses="0" numClasses="0" visitedMethods="1" numMethods="1" />
              <MetadataToken>100663297</MetadataToken>
              <Name>System.Void MinimapTests::Setup()</Name>
              <FileRef uid="26" />
              <SequencePoints>
                <SequencePoint vc="1" uspid="5779" ordinal="0" offset="0" sl="19" sc="5" el="19" ec="5" bec="0" bev="0" fileid="26">
                  <TrackedMethodRefs>
                    <TrackedMethodRef uid="1" vc="1" />
                  </TrackedMethodRefs>
                </SequencePoint>
                <SequencePoint vc="1" uspid="5780" ordinal="0" offset="1" sl="20" sc="9" el="20" ec="9" bec="0" bev="0" fileid="26">
                  <TrackedMethodRefs>
                    <TrackedMethodRef uid="1" vc="1" />
                  </TrackedMethodRefs>
                </SequencePoint>
                <SequencePoint vc="1" uspid="5781" ordinal="0" offset="12" sl="21" sc="9" el="21" ec="9" bec="0" bev="0" fileid="26">
                  <TrackedMethodRefs>
                    <TrackedMethodRef uid="1" vc="1" />
                  </TrackedMethodRefs>
                </SequencePoint>
                <SequencePoint vc="1" uspid="5782" ordinal="0" offset="29" sl="24" sc="9" el="24" ec="9" bec="0" bev="0" fileid="26">
                  <TrackedMethodRefs>
                    <TrackedMethodRef uid="1" vc="1" />
                  </TrackedMethodRefs>
                </SequencePoint>
                <SequencePoint vc="1" uspid="5783" ordinal="0" offset="35" sl="25" sc="9" el="25" ec="9" bec="0" bev="0" fileid="26">
                  <TrackedMethodRefs>
                    <TrackedMethodRef uid="1" vc="1" />
                  </TrackedMethodRefs>
                </SequencePoint>
                <SequencePoint vc="1" uspid="5784" ordinal="0" offset="47" sl="26" sc="9" el="26" ec="9" bec="0" bev="0" fileid="26">
                  <TrackedMethodRefs>
                    <TrackedMethodRef uid="1" vc="1" />
                  </TrackedMethodRefs>
                </SequencePoint>
                <SequencePoint vc="1" uspid="5785" ordinal="0" offset="64" sl="29" sc="9" el="29" ec="9" bec="0" bev="0" fileid="26">
                  <TrackedMethodRefs>
                    <TrackedMethodRef uid="1" vc="1" />
                  </TrackedMethodRefs>
                </SequencePoint>
                <SequencePoint vc="1" uspid="5786" ordinal="0" offset="70" sl="30" sc="9" el="30" ec="9" bec="0" bev="0" fileid="26">
                  <TrackedMethodRefs>
                    <TrackedMethodRef uid="1" vc="1" />
                  </TrackedMethodRefs>
                </SequencePoint>
                <SequencePoint vc="1" uspid="5787" ordinal="0" offset="82" sl="31" sc="9" el="31" ec="9" bec="0" bev="0" fileid="26">
                  <TrackedMethodRefs>
                    <TrackedMethodRef uid="1" vc="1" />
                  </TrackedMethodRefs>
                </SequencePoint>
                <SequencePoint vc="1" uspid="5788" ordinal="0" offset="99" sl="34" sc="9" el="34" ec="9" bec="0" bev="0" fileid="26">
                  <TrackedMethodRefs>
                    <TrackedMethodRef uid="1" vc="1" />
                  </TrackedMethodRefs>
                </SequencePoint>
                <SequencePoint vc="1" uspid="5789" ordinal="0" offset="105" sl="35" sc="9" el="35" ec="9" bec="0" bev="0" fileid="26">
                  <TrackedMethodRefs>
                    <TrackedMethodRef uid="1" vc="1" />
                  </TrackedMethodRefs>
                </SequencePoint>
                <SequencePoint vc="1" uspid="5790" ordinal="0" offset="117" sl="36" sc="9" el="36" ec="9" bec="0" bev="0" fileid="26">
                  <TrackedMethodRefs>
                    <TrackedMethodRef uid="1" vc="1" />
                  </TrackedMethodRefs>
                </SequencePoint>
                <SequencePoint vc="1" uspid="5791" ordinal="0" offset="134" sl="39" sc="9" el="39" ec="9" bec="0" bev="0" fileid="26">
                  <TrackedMethodRefs>
                    <TrackedMethodRef uid="1" vc="1" />
                  </TrackedMethodRefs>
                </SequencePoint>
                <SequencePoint vc="1" uspid="5792" ordinal="0" offset="140" sl="40" sc="9" el="40" ec="9" bec="0" bev="0" fileid="26">
                  <TrackedMethodRefs>
                    <TrackedMethodRef uid="1" vc="1" />
                  </TrackedMethodRefs>
                </SequencePoint>
                <SequencePoint vc="1" uspid="5793" ordinal="0" offset="152" sl="41" sc="9" el="41" ec="9" bec="0" bev="0" fileid="26">
                  <TrackedMethodRefs>
                    <TrackedMethodRef uid="1" vc="1" />
                  </TrackedMethodRefs>
                </SequencePoint>
                <SequencePoint vc="1" uspid="5794" ordinal="0" offset="169" sl="44" sc="9" el="44" ec="9" bec="0" bev="0" fileid="26">
                  <TrackedMethodRefs>
                    <TrackedMethodRef uid="1" vc="1" />
                  </TrackedMethodRefs>
                </SequencePoint>
                <SequencePoint vc="1" uspid="5795" ordinal="0" offset="176" sl="45" sc="9" el="45" ec="9" bec="0" bev="0" fileid="26">
                  <TrackedMethodRefs>
                    <TrackedMethodRef uid="1" vc="1" />
                  </TrackedMethodRefs>
                </SequencePoint>
                <SequencePoint vc="1" uspid="5796" ordinal="0" offset="189" sl="46" sc="9" el="46" ec="9" bec="0" bev="0" fileid="26">
                  <TrackedMethodRefs>
                    <TrackedMethodRef uid="1" vc="1" />
                  </TrackedMethodRefs>
                </SequencePoint>
                <SequencePoint vc="1" uspid="5797" ordinal="0" offset="214" sl="47" sc="9" el="47" ec="9" bec="0" bev="0" fileid="26">
                  <TrackedMethodRefs>
                    <TrackedMethodRef uid="1" vc="1" />
                  </TrackedMethodRefs>
                </SequencePoint>
                <SequencePoint vc="1" uspid="5798" ordinal="0" offset="231" sl="48" sc="5" el="48" ec="5" bec="0" bev="0" fileid="26">
                  <TrackedMethodRefs>
                    <TrackedMethodRef uid="1" vc="1" />
                  </TrackedMethodRefs>
                </SequencePoint>
              </SequencePoints>
              <BranchPoints />
            </Method>
            <Method visited="true" cyclomaticComplexity="0" nPathComplexity="0" sequenceCoverage="100.0" branchCoverage="0" crapScore="0" isConstructor="false" isStatic="false" isGetter="false" isSetter="false">
              <Summary numSequencePoints="3" visitedSequencePoints="3" numBranchPoints="0" visitedBranchPoints="0" sequenceCoverage="100.0" branchCoverage="0" maxCyclomaticComplexity="0" minCyclomaticComplexity="0" maxCrapScore="0" minCrapScore="0" visitedClasses="0" numClasses="0" visitedMethods="1" numMethods="1" />
              <MetadataToken>100663298</MetadataToken>
              <Name>System.Void MinimapTests::Teardown()</Name>
              <FileRef uid="26" />
              <SequencePoints>
                <SequencePoint vc="1" uspid="5799" ordinal="0" offset="0" sl="52" sc="5" el="52" ec="5" bec="0" bev="0" fileid="26">
                  <TrackedMethodRefs>
                    <TrackedMethodRef uid="1" vc="1" />
                  </TrackedMethodRefs>
                </SequencePoint>
                <SequencePoint vc="1" uspid="5800" ordinal="0" offset="1" sl="53" sc="9" el="53" ec="9" bec="0" bev="0" fileid="26">
                  <TrackedMethodRefs>
                    <TrackedMethodRef uid="1" vc="1" />
                  </TrackedMethodRefs>
                </SequencePoint>
                <SequencePoint vc="1" uspid="5801" ordinal="0" offset="13" sl="54" sc="5" el="54" ec="5" bec="0" bev="0" fileid="26">
                  <TrackedMethodRefs>
                    <TrackedMethodRef uid="1" vc="1" />
                  </TrackedMethodRefs>
                </SequencePoint>
              </SequencePoints>
              <BranchPoints />
            </Method>
            <Method visited="true" cyclomaticComplexity="0" nPathComplexity="0" sequenceCoverage="100.0" branchCoverage="0" crapScore="0" isConstructor="false" isStatic="false" isGetter="false" isSetter="false">
              <Summary numSequencePoints="6" visitedSequencePoints="6" numBranchPoints="0" visitedBranchPoints="0" sequenceCoverage="100.0" branchCoverage="0" maxCyclomaticComplexity="0" minCyclomaticComplexity="0" maxCrapScore="0" minCrapScore="0" visitedClasses="0" numClasses="0" visitedMethods="1" numMethods="1" />
              <MetadataToken>100663299</MetadataToken>
              <Name>System.Void MinimapTests::Start_SetsMinimapCameraPropertiesCorrectly()</Name>
              <FileRef uid="26" />
              <SequencePoints>
                <SequencePoint vc="1" uspid="5802" ordinal="0" offset="0" sl="58" sc="5" el="58" ec="5" bec="0" bev="0" fileid="26">
                  <TrackedMethodRefs>
                    <TrackedMethodRef uid="1" vc="1" />
                  </TrackedMethodRefs>
                </SequencePoint>
                <SequencePoint vc="1" uspid="5803" ordinal="0" offset="1" sl="60" sc="9" el="60" ec="9" bec="0" bev="0" fileid="26">
                  <TrackedMethodRefs>
                    <TrackedMethodRef uid="1" vc="1" />
                  </TrackedMethodRefs>
                </SequencePoint>
                <SequencePoint vc="1" uspid="5804" ordinal="0" offset="24" sl="61" sc="9" el="61" ec="9" bec="0" bev="0" fileid="26">
                  <TrackedMethodRefs>
                    <TrackedMethodRef uid="1" vc="1" />
                  </TrackedMethodRefs>
                </SequencePoint>
                <SequencePoint vc="1" uspid="5805" ordinal="0" offset="38" sl="64" sc="9" el="64" ec="9" bec="0" bev="0" fileid="26">
                  <TrackedMethodRefs>
                    <TrackedMethodRef uid="1" vc="1" />
                  </TrackedMethodRefs>
                </SequencePoint>
                <SequencePoint vc="1" uspid="5806" ordinal="0" offset="75" sl="65" sc="9" el="65" ec="9" bec="0" bev="0" fileid="26">
                  <TrackedMethodRefs>
                    <TrackedMethodRef uid="1" vc="1" />
                  </TrackedMethodRefs>
                </SequencePoint>
                <SequencePoint vc="1" uspid="5807" ordinal="0" offset="132" sl="66" sc="5" el="66" ec="5" bec="0" bev="0" fileid="26">
                  <TrackedMethodRefs>
                    <TrackedMethodRef uid="1" vc="1" />
                  </TrackedMethodRefs>
                </SequencePoint>
              </SequencePoints>
              <BranchPoints />
            </Method>
          </Methods>
        </Class>
      </Classes>
      <TrackedMethods>
        <TrackedMethod uid="1" token="100663299" name="System.Void MinimapTests::Start_SetsMinimapCameraPropertiesCorrectly()" strategy="Test" />
      </TrackedMethods>
    </Module>
  </Modules>
</CoverageSession>