<?xml version="1.0" encoding="utf-8"?>
<CoverageSession xmlns:xsd="http://www.w3.org/2001/XMLSchema" xmlns:xsi="http://www.w3.org/2001/XMLSchema-instance" Version="0.0.0.0">
  <Summary numSequencePoints="191" visitedSequencePoints="162" numBranchPoints="0" visitedBranchPoints="0" sequenceCoverage="84.82" branchCoverage="0.0" maxCyclomaticComplexity="0" minCyclomaticComplexity="0" maxCrapScore="0" minCrapScore="0" visitedClasses="5" numClasses="5" visitedMethods="27" numMethods="27" />
  <Modules>
    <Module>
      <Summary numSequencePoints="51" visitedSequencePoints="51" numBranchPoints="0" visitedBranchPoints="0" sequenceCoverage="100.0" branchCoverage="0.0" maxCyclomaticComplexity="0" minCyclomaticComplexity="0" maxCrapScore="0" minCrapScore="0" visitedClasses="2" numClasses="2" visitedMethods="6" numMethods="6" />
      <ModuleTime>0001-01-01T00:00:00</ModuleTime>
      <ModuleName>EditMode</ModuleName>
      <Files>
        <File uid="1" fullPath="C:/Users/Bali/Desktop/ELTE/24-25_2/SzoftTech/src/hunor-profetai/Assets/Scripts/Tests/EditMode/Entities/AnimalTest.cs" />
        <File uid="2" fullPath="C:/Users/Bali/Desktop/ELTE/24-25_2/SzoftTech/src/hunor-profetai/Assets/Scripts/Tests/EditMode/Entities/JeepTest.cs" />
        <File uid="3" fullPath="C:/Users/Bali/Desktop/ELTE/24-25_2/SzoftTech/src/hunor-profetai/Assets/Scripts/Tests/EditMode/Entities/SlowZTest.cs" />
        <File uid="4" fullPath="C:/Users/Bali/Desktop/ELTE/24-25_2/SzoftTech/src/hunor-profetai/Assets/Scripts/Tests/EditMode/GameManagerEditTest.cs" />
        <File uid="5" fullPath="C:/Users/Bali/Desktop/ELTE/24-25_2/SzoftTech/src/hunor-profetai/Assets/Scripts/Tests/EditMode/Map/MinimapTests.cs" />
        <File uid="6" fullPath="C:/Users/Bali/Desktop/ELTE/24-25_2/SzoftTech/src/hunor-profetai/Assets/Scripts/Tests/EditMode/Map/SafariMapTests.cs" />
        <File uid="7" fullPath="C:/Users/Bali/Desktop/ELTE/24-25_2/SzoftTech/src/hunor-profetai/Assets/Scripts/Tests/EditMode/Map/TileTests.cs" />
        <File uid="8" fullPath="C:/Users/Bali/Desktop/ELTE/24-25_2/SzoftTech/src/hunor-profetai/Assets/Scripts/Tests/EditMode/SanityTest.cs" />
        <File uid="9" fullPath="C:/Users/Bali/Desktop/ELTE/24-25_2/SzoftTech/src/hunor-profetai/Assets/Scripts/Tests/EditMode/View/CameraManagerTests.cs" />
        <File uid="10" fullPath="C:/Users/Bali/Desktop/ELTE/24-25_2/SzoftTech/src/hunor-profetai/Assets/Scripts/Tests/EditMode/View/EnablePauseMenuTest.cs" />
      </Files>
      <Classes>
        <Class>
          <Summary numSequencePoints="49" visitedSequencePoints="49" numBranchPoints="0" visitedBranchPoints="0" sequenceCoverage="100.0" branchCoverage="0.0" maxCyclomaticComplexity="0" minCyclomaticComplexity="0" maxCrapScore="0" minCrapScore="0" visitedClasses="1" numClasses="1" visitedMethods="5" numMethods="5" />
          <FullName>GameManagerEditModeTests</FullName>
          <Methods>
            <Method visited="true" cyclomaticComplexity="0" nPathComplexity="0" sequenceCoverage="100.0" branchCoverage="0" crapScore="0" isConstructor="false" isStatic="false" isGetter="false" isSetter="false">
              <Summary numSequencePoints="25" visitedSequencePoints="25" numBranchPoints="0" visitedBranchPoints="0" sequenceCoverage="100.0" branchCoverage="0" maxCyclomaticComplexity="0" minCyclomaticComplexity="0" maxCrapScore="0" minCrapScore="0" visitedClasses="0" numClasses="0" visitedMethods="1" numMethods="1" />
              <MetadataToken>100663314</MetadataToken>
              <Name>System.Void GameManagerEditModeTests::SetUp()</Name>
              <FileRef uid="4" />
              <SequencePoints>
                <SequencePoint vc="1" uspid="50638" ordinal="0" offset="0" sl="17" sc="5" el="17" ec="5" bec="0" bev="0" fileid="4">
                  <TrackedMethodRefs>
                    <TrackedMethodRef uid="0" vc="1" />
                  </TrackedMethodRefs>
                </SequencePoint>
                <SequencePoint vc="1" uspid="50639" ordinal="0" offset="1" sl="18" sc="9" el="18" ec="9" bec="0" bev="0" fileid="4">
                  <TrackedMethodRefs>
                    <TrackedMethodRef uid="0" vc="1" />
                  </TrackedMethodRefs>
                </SequencePoint>
                <SequencePoint vc="1" uspid="50640" ordinal="0" offset="17" sl="19" sc="9" el="19" ec="9" bec="0" bev="0" fileid="4">
                  <TrackedMethodRefs>
                    <TrackedMethodRef uid="0" vc="1" />
                  </TrackedMethodRefs>
                </SequencePoint>
                <SequencePoint vc="1" uspid="50641" ordinal="0" offset="34" sl="21" sc="9" el="21" ec="9" bec="0" bev="0" fileid="4">
                  <TrackedMethodRefs>
                    <TrackedMethodRef uid="0" vc="1" />
                  </TrackedMethodRefs>
                </SequencePoint>
                <SequencePoint vc="1" uspid="50642" ordinal="0" offset="55" sl="22" sc="9" el="22" ec="9" bec="0" bev="0" fileid="4">
                  <TrackedMethodRefs>
                    <TrackedMethodRef uid="0" vc="1" />
                  </TrackedMethodRefs>
                </SequencePoint>
                <SequencePoint vc="1" uspid="50643" ordinal="0" offset="76" sl="23" sc="9" el="23" ec="9" bec="0" bev="0" fileid="4">
                  <TrackedMethodRefs>
                    <TrackedMethodRef uid="0" vc="1" />
                  </TrackedMethodRefs>
                </SequencePoint>
                <SequencePoint vc="1" uspid="50644" ordinal="0" offset="87" sl="24" sc="9" el="24" ec="9" bec="0" bev="0" fileid="4">
                  <TrackedMethodRefs>
                    <TrackedMethodRef uid="0" vc="1" />
                  </TrackedMethodRefs>
                </SequencePoint>
                <SequencePoint vc="1" uspid="50645" ordinal="0" offset="94" sl="25" sc="9" el="25" ec="9" bec="0" bev="0" fileid="4">
                  <TrackedMethodRefs>
                    <TrackedMethodRef uid="0" vc="1" />
                  </TrackedMethodRefs>
                </SequencePoint>
                <SequencePoint vc="1" uspid="50646" ordinal="0" offset="106" sl="26" sc="9" el="26" ec="9" bec="0" bev="0" fileid="4">
                  <TrackedMethodRefs>
                    <TrackedMethodRef uid="0" vc="1" />
                  </TrackedMethodRefs>
                </SequencePoint>
                <SequencePoint vc="1" uspid="50647" ordinal="0" offset="127" sl="29" sc="9" el="29" ec="9" bec="0" bev="0" fileid="4">
                  <TrackedMethodRefs>
                    <TrackedMethodRef uid="0" vc="1" />
                  </TrackedMethodRefs>
                </SequencePoint>
                <SequencePoint vc="1" uspid="50648" ordinal="0" offset="138" sl="30" sc="9" el="30" ec="9" bec="0" bev="0" fileid="4">
                  <TrackedMethodRefs>
                    <TrackedMethodRef uid="0" vc="1" />
                  </TrackedMethodRefs>
                </SequencePoint>
                <SequencePoint vc="1" uspid="50649" ordinal="0" offset="145" sl="31" sc="9" el="31" ec="9" bec="0" bev="0" fileid="4">
                  <TrackedMethodRefs>
                    <TrackedMethodRef uid="0" vc="1" />
                  </TrackedMethodRefs>
                </SequencePoint>
                <SequencePoint vc="1" uspid="50650" ordinal="0" offset="157" sl="34" sc="9" el="34" ec="9" bec="0" bev="0" fileid="4">
                  <TrackedMethodRefs>
                    <TrackedMethodRef uid="0" vc="1" />
                  </TrackedMethodRefs>
                </SequencePoint>
                <SequencePoint vc="1" uspid="50651" ordinal="0" offset="163" sl="35" sc="9" el="35" ec="9" bec="0" bev="0" fileid="4">
                  <TrackedMethodRefs>
                    <TrackedMethodRef uid="0" vc="1" />
                  </TrackedMethodRefs>
                </SequencePoint>
                <SequencePoint vc="1" uspid="50652" ordinal="0" offset="182" sl="36" sc="9" el="36" ec="9" bec="0" bev="0" fileid="4">
                  <TrackedMethodRefs>
                    <TrackedMethodRef uid="0" vc="1" />
                  </TrackedMethodRefs>
                </SequencePoint>
                <SequencePoint vc="1" uspid="50653" ordinal="0" offset="201" sl="37" sc="9" el="37" ec="9" bec="0" bev="0" fileid="4">
                  <TrackedMethodRefs>
                    <TrackedMethodRef uid="0" vc="1" />
                  </TrackedMethodRefs>
                </SequencePoint>
                <SequencePoint vc="1" uspid="50654" ordinal="0" offset="220" sl="39" sc="9" el="39" ec="9" bec="0" bev="0" fileid="4">
                  <TrackedMethodRefs>
                    <TrackedMethodRef uid="0" vc="1" />
                  </TrackedMethodRefs>
                </SequencePoint>
                <SequencePoint vc="1" uspid="50655" ordinal="0" offset="229" sl="40" sc="9" el="40" ec="9" bec="0" bev="0" fileid="4">
                  <TrackedMethodRefs>
                    <TrackedMethodRef uid="0" vc="1" />
                  </TrackedMethodRefs>
                </SequencePoint>
                <SequencePoint vc="1" uspid="50656" ordinal="0" offset="238" sl="41" sc="9" el="41" ec="9" bec="0" bev="0" fileid="4">
                  <TrackedMethodRefs>
                    <TrackedMethodRef uid="0" vc="1" />
                  </TrackedMethodRefs>
                </SequencePoint>
                <SequencePoint vc="1" uspid="50657" ordinal="0" offset="247" sl="44" sc="9" el="44" ec="9" bec="0" bev="0" fileid="4">
                  <TrackedMethodRefs>
                    <TrackedMethodRef uid="0" vc="1" />
                  </TrackedMethodRefs>
                </SequencePoint>
                <SequencePoint vc="1" uspid="50658" ordinal="0" offset="271" sl="45" sc="9" el="45" ec="9" bec="0" bev="0" fileid="4">
                  <TrackedMethodRefs>
                    <TrackedMethodRef uid="0" vc="1" />
                  </TrackedMethodRefs>
                </SequencePoint>
                <SequencePoint vc="1" uspid="50659" ordinal="0" offset="287" sl="48" sc="9" el="48" ec="9" bec="0" bev="0" fileid="4">
                  <TrackedMethodRefs>
                    <TrackedMethodRef uid="0" vc="1" />
                  </TrackedMethodRefs>
                </SequencePoint>
                <SequencePoint vc="1" uspid="50660" ordinal="0" offset="311" sl="49" sc="9" el="49" ec="9" bec="0" bev="0" fileid="4">
                  <TrackedMethodRefs>
                    <TrackedMethodRef uid="0" vc="1" />
                  </TrackedMethodRefs>
                </SequencePoint>
                <SequencePoint vc="1" uspid="50661" ordinal="0" offset="332" sl="52" sc="9" el="52" ec="9" bec="0" bev="0" fileid="4">
                  <TrackedMethodRefs>
                    <TrackedMethodRef uid="0" vc="1" />
                  </TrackedMethodRefs>
                </SequencePoint>
                <SequencePoint vc="1" uspid="50662" ordinal="0" offset="339" sl="53" sc="5" el="53" ec="5" bec="0" bev="0" fileid="4">
                  <TrackedMethodRefs>
                    <TrackedMethodRef uid="0" vc="1" />
                  </TrackedMethodRefs>
                </SequencePoint>
              </SequencePoints>
              <BranchPoints />
            </Method>
            <Method visited="true" cyclomaticComplexity="0" nPathComplexity="0" sequenceCoverage="100.0" branchCoverage="0" crapScore="0" isConstructor="false" isStatic="false" isGetter="false" isSetter="false">
              <Summary numSequencePoints="3" visitedSequencePoints="3" numBranchPoints="0" visitedBranchPoints="0" sequenceCoverage="100.0" branchCoverage="0" maxCyclomaticComplexity="0" minCyclomaticComplexity="0" maxCrapScore="0" minCrapScore="0" visitedClasses="0" numClasses="0" visitedMethods="1" numMethods="1" />
              <MetadataToken>100663315</MetadataToken>
              <Name>System.Void GameManagerEditModeTests::TearDown()</Name>
              <FileRef uid="4" />
              <SequencePoints>
                <SequencePoint vc="1" uspid="50663" ordinal="0" offset="0" sl="57" sc="5" el="57" ec="5" bec="0" bev="0" fileid="4">
                  <TrackedMethodRefs>
                    <TrackedMethodRef uid="0" vc="1" />
                  </TrackedMethodRefs>
                </SequencePoint>
                <SequencePoint vc="1" uspid="50664" ordinal="0" offset="1" sl="58" sc="9" el="58" ec="9" bec="0" bev="0" fileid="4">
                  <TrackedMethodRefs>
                    <TrackedMethodRef uid="0" vc="1" />
                  </TrackedMethodRefs>
                </SequencePoint>
                <SequencePoint vc="1" uspid="50665" ordinal="0" offset="13" sl="59" sc="5" el="59" ec="5" bec="0" bev="0" fileid="4">
                  <TrackedMethodRefs>
                    <TrackedMethodRef uid="0" vc="1" />
                  </TrackedMethodRefs>
                </SequencePoint>
              </SequencePoints>
              <BranchPoints />
            </Method>
            <Method visited="true" cyclomaticComplexity="0" nPathComplexity="0" sequenceCoverage="100.0" branchCoverage="0" crapScore="0" isConstructor="false" isStatic="false" isGetter="false" isSetter="false">
              <Summary numSequencePoints="5" visitedSequencePoints="5" numBranchPoints="0" visitedBranchPoints="0" sequenceCoverage="100.0" branchCoverage="0" maxCyclomaticComplexity="0" minCyclomaticComplexity="0" maxCrapScore="0" minCrapScore="0" visitedClasses="0" numClasses="0" visitedMethods="1" numMethods="1" />
              <MetadataToken>100663317</MetadataToken>
              <Name>System.Void GameManagerEditModeTests::InvokeStart(GameManager)</Name>
              <FileRef uid="4" />
              <SequencePoints>
                <SequencePoint vc="1" uspid="50680" ordinal="0" offset="0" sl="83" sc="5" el="83" ec="5" bec="0" bev="0" fileid="4">
                  <TrackedMethodRefs>
                    <TrackedMethodRef uid="0" vc="1" />
                  </TrackedMethodRefs>
                </SequencePoint>
                <SequencePoint vc="1" uspid="50681" ordinal="0" offset="1" sl="84" sc="9" el="84" ec="9" bec="0" bev="0" fileid="4">
                  <TrackedMethodRefs>
                    <TrackedMethodRef uid="0" vc="1" />
                  </TrackedMethodRefs>
                </SequencePoint>
                <SequencePoint vc="1" uspid="50682" ordinal="0" offset="24" sl="85" sc="9" el="85" ec="9" bec="0" bev="0" fileid="4">
                  <TrackedMethodRefs>
                    <TrackedMethodRef uid="0" vc="1" />
                  </TrackedMethodRefs>
                </SequencePoint>
                <SequencePoint vc="1" uspid="50683" ordinal="0" offset="41" sl="86" sc="9" el="86" ec="9" bec="0" bev="0" fileid="4">
                  <TrackedMethodRefs>
                    <TrackedMethodRef uid="0" vc="1" />
                  </TrackedMethodRefs>
                </SequencePoint>
                <SequencePoint vc="1" uspid="50684" ordinal="0" offset="50" sl="87" sc="5" el="87" ec="5" bec="0" bev="0" fileid="4">
                  <TrackedMethodRefs>
                    <TrackedMethodRef uid="0" vc="1" />
                  </TrackedMethodRefs>
                </SequencePoint>
              </SequencePoints>
              <BranchPoints />
            </Method>
            <Method visited="true" cyclomaticComplexity="0" nPathComplexity="0" sequenceCoverage="100.0" branchCoverage="0" crapScore="0" isConstructor="false" isStatic="false" isGetter="false" isSetter="false">
              <Summary numSequencePoints="10" visitedSequencePoints="10" numBranchPoints="0" visitedBranchPoints="0" sequenceCoverage="100.0" branchCoverage="0" maxCyclomaticComplexity="0" minCyclomaticComplexity="0" maxCrapScore="0" minCrapScore="0" visitedClasses="0" numClasses="0" visitedMethods="1" numMethods="1" />
              <MetadataToken>100663318</MetadataToken>
              <Name>System.Void GameManagerEditModeTests::Start_SetsValuesCorrectly_ForEasyDifficulty()</Name>
              <FileRef uid="4" />
              <SequencePoints>
                <SequencePoint vc="1" uspid="50685" ordinal="0" offset="0" sl="92" sc="5" el="92" ec="5" bec="0" bev="0" fileid="4">
                  <TrackedMethodRefs>
                    <TrackedMethodRef uid="0" vc="1" />
                  </TrackedMethodRefs>
                </SequencePoint>
                <SequencePoint vc="1" uspid="50686" ordinal="0" offset="1" sl="93" sc="9" el="93" ec="9" bec="0" bev="0" fileid="4">
                  <TrackedMethodRefs>
                    <TrackedMethodRef uid="0" vc="1" />
                  </TrackedMethodRefs>
                </SequencePoint>
                <SequencePoint vc="1" uspid="50687" ordinal="0" offset="8" sl="95" sc="9" el="95" ec="9" bec="0" bev="0" fileid="4">
                  <TrackedMethodRefs>
                    <TrackedMethodRef uid="0" vc="1" />
                  </TrackedMethodRefs>
                </SequencePoint>
                <SequencePoint vc="1" uspid="50688" ordinal="0" offset="21" sl="97" sc="9" el="97" ec="9" bec="0" bev="0" fileid="4">
                  <TrackedMethodRefs>
                    <TrackedMethodRef uid="0" vc="1" />
                  </TrackedMethodRefs>
                </SequencePoint>
                <SequencePoint vc="1" uspid="50689" ordinal="0" offset="53" sl="98" sc="9" el="98" ec="9" bec="0" bev="0" fileid="4">
                  <TrackedMethodRefs>
                    <TrackedMethodRef uid="0" vc="1" />
                  </TrackedMethodRefs>
                </SequencePoint>
                <SequencePoint vc="1" uspid="50690" ordinal="0" offset="73" sl="99" sc="9" el="99" ec="9" bec="0" bev="0" fileid="4">
                  <TrackedMethodRefs>
                    <TrackedMethodRef uid="0" vc="1" />
                  </TrackedMethodRefs>
                </SequencePoint>
                <SequencePoint vc="1" uspid="50691" ordinal="0" offset="93" sl="100" sc="9" el="100" ec="9" bec="0" bev="0" fileid="4">
                  <TrackedMethodRefs>
                    <TrackedMethodRef uid="0" vc="1" />
                  </TrackedMethodRefs>
                </SequencePoint>
                <SequencePoint vc="1" uspid="50692" ordinal="0" offset="113" sl="101" sc="9" el="101" ec="9" bec="0" bev="0" fileid="4">
                  <TrackedMethodRefs>
                    <TrackedMethodRef uid="0" vc="1" />
                  </TrackedMethodRefs>
                </SequencePoint>
                <SequencePoint vc="1" uspid="50693" ordinal="0" offset="133" sl="102" sc="9" el="102" ec="9" bec="0" bev="0" fileid="4">
                  <TrackedMethodRefs>
                    <TrackedMethodRef uid="0" vc="1" />
                  </TrackedMethodRefs>
                </SequencePoint>
                <SequencePoint vc="1" uspid="50694" ordinal="0" offset="156" sl="103" sc="5" el="103" ec="5" bec="0" bev="0" fileid="4">
                  <TrackedMethodRefs>
                    <TrackedMethodRef uid="0" vc="1" />
                  </TrackedMethodRefs>
                </SequencePoint>
              </SequencePoints>
              <BranchPoints />
            </Method>
            <Method visited="true" cyclomaticComplexity="0" nPathComplexity="0" sequenceCoverage="100.0" branchCoverage="0" crapScore="0" isConstructor="false" isStatic="false" isGetter="false" isSetter="false">
              <Summary numSequencePoints="6" visitedSequencePoints="6" numBranchPoints="0" visitedBranchPoints="0" sequenceCoverage="100.0" branchCoverage="0" maxCyclomaticComplexity="0" minCyclomaticComplexity="0" maxCrapScore="0" minCrapScore="0" visitedClasses="0" numClasses="0" visitedMethods="1" numMethods="1" />
              <MetadataToken>100663321</MetadataToken>
              <Name>System.Void GameManagerEditModeTests::AssertPrivateField[T](System.Object, System.String, T)</Name>
              <FileRef uid="4" />
              <SequencePoints>
                <SequencePoint vc="5" uspid="50715" ordinal="0" offset="0" sl="136" sc="0" el="136" ec="0" bec="0" bev="0" fileid="4">
                  <TrackedMethodRefs>
                    <TrackedMethodRef uid="0" vc="5" />
                  </TrackedMethodRefs>
                </SequencePoint>
                <SequencePoint vc="5" uspid="50716" ordinal="0" offset="1" sl="137" sc="0" el="137" ec="0" bec="0" bev="0" fileid="4">
                  <TrackedMethodRefs>
                    <TrackedMethodRef uid="0" vc="5" />
                  </TrackedMethodRefs>
                </SequencePoint>
                <SequencePoint vc="5" uspid="50717" ordinal="0" offset="16" sl="138" sc="0" el="138" ec="0" bec="0" bev="0" fileid="4">
                  <TrackedMethodRefs>
                    <TrackedMethodRef uid="0" vc="5" />
                  </TrackedMethodRefs>
                </SequencePoint>
                <SequencePoint vc="5" uspid="50718" ordinal="0" offset="44" sl="139" sc="0" el="139" ec="0" bec="0" bev="0" fileid="4">
                  <TrackedMethodRefs>
                    <TrackedMethodRef uid="0" vc="5" />
                  </TrackedMethodRefs>
                </SequencePoint>
                <SequencePoint vc="5" uspid="50719" ordinal="0" offset="52" sl="140" sc="0" el="140" ec="0" bec="0" bev="0" fileid="4">
                  <TrackedMethodRefs>
                    <TrackedMethodRef uid="0" vc="5" />
                  </TrackedMethodRefs>
                </SequencePoint>
                <SequencePoint vc="5" uspid="50720" ordinal="0" offset="88" sl="141" sc="0" el="141" ec="0" bec="0" bev="0" fileid="4">
                  <TrackedMethodRefs>
                    <TrackedMethodRef uid="0" vc="5" />
                  </TrackedMethodRefs>
                </SequencePoint>
              </SequencePoints>
              <BranchPoints />
            </Method>
          </Methods>
        </Class>
        <Class>
          <Summary numSequencePoints="2" visitedSequencePoints="2" numBranchPoints="0" visitedBranchPoints="0" sequenceCoverage="100.0" branchCoverage="0.0" maxCyclomaticComplexity="0" minCyclomaticComplexity="0" maxCrapScore="0" minCrapScore="0" visitedClasses="1" numClasses="1" visitedMethods="1" numMethods="1" />
          <FullName>DummySafariMap</FullName>
          <Methods>
            <Method visited="true" cyclomaticComplexity="0" nPathComplexity="0" sequenceCoverage="100.0" branchCoverage="0" crapScore="0" isConstructor="false" isStatic="false" isGetter="false" isSetter="false">
              <Summary numSequencePoints="2" visitedSequencePoints="2" numBranchPoints="0" visitedBranchPoints="0" sequenceCoverage="100.0" branchCoverage="0" maxCyclomaticComplexity="0" minCyclomaticComplexity="0" maxCrapScore="0" minCrapScore="0" visitedClasses="0" numClasses="0" visitedMethods="1" numMethods="1" />
              <MetadataToken>100663327</MetadataToken>
              <Name>System.Void DummySafariMap::CreateMap()</Name>
              <FileRef uid="4" />
              <SequencePoints>
                <SequencePoint vc="1" uspid="50755" ordinal="0" offset="0" sl="220" sc="5" el="220" ec="5" bec="0" bev="0" fileid="4">
                  <TrackedMethodRefs>
                    <TrackedMethodRef uid="0" vc="1" />
                  </TrackedMethodRefs>
                </SequencePoint>
                <SequencePoint vc="1" uspid="50756" ordinal="0" offset="1" sl="222" sc="5" el="222" ec="5" bec="0" bev="0" fileid="4">
                  <TrackedMethodRefs>
                    <TrackedMethodRef uid="0" vc="1" />
                  </TrackedMethodRefs>
                </SequencePoint>
              </SequencePoints>
              <BranchPoints />
            </Method>
          </Methods>
        </Class>
      </Classes>
      <TrackedMethods>
        <TrackedMethod uid="0" token="100663318" name="System.Void GameManagerEditModeTests::Start_SetsValuesCorrectly_ForEasyDifficulty()" strategy="Test" />
      </TrackedMethods>
    </Module>
    <Module>
      <Summary numSequencePoints="140" visitedSequencePoints="111" numBranchPoints="0" visitedBranchPoints="0" sequenceCoverage="79.29" branchCoverage="0.0" maxCyclomaticComplexity="0" minCyclomaticComplexity="0" maxCrapScore="0" minCrapScore="0" visitedClasses="3" numClasses="3" visitedMethods="21" numMethods="21" />
      <ModuleTime>0001-01-01T00:00:00</ModuleTime>
      <ModuleName>ModelRef</ModuleName>
      <Files>
        <File uid="11" fullPath="C:/Users/Bali/Desktop/ELTE/24-25_2/SzoftTech/src/hunor-profetai/Assets/Scripts/Model/AnimalScripts/Animal.cs" />
        <File uid="12" fullPath="C:/Users/Bali/Desktop/ELTE/24-25_2/SzoftTech/src/hunor-profetai/Assets/Scripts/Model/AnimalScripts/Carnivorous.cs" />
        <File uid="13" fullPath="C:/Users/Bali/Desktop/ELTE/24-25_2/SzoftTech/src/hunor-profetai/Assets/Scripts/Model/AnimalScripts/Herbivore.cs" />
        <File uid="14" fullPath="C:/Users/Bali/Desktop/ELTE/24-25_2/SzoftTech/src/hunor-profetai/Assets/Scripts/Model/AnimalScripts/Jeep.cs" />
        <File uid="15" fullPath="C:/Users/Bali/Desktop/ELTE/24-25_2/SzoftTech/src/hunor-profetai/Assets/Scripts/Model/AnimalScripts/SlowZoneHandler.cs" />
        <File uid="16" fullPath="C:/Users/Bali/Desktop/ELTE/24-25_2/SzoftTech/src/hunor-profetai/Assets/Scripts/Model/GameManager.cs" />
        <File uid="17" fullPath="C:/Users/Bali/Desktop/ELTE/24-25_2/SzoftTech/src/hunor-profetai/Assets/Scripts/Model/GameSettings.cs" />
        <File uid="18" fullPath="C:/Users/Bali/Desktop/ELTE/24-25_2/SzoftTech/src/hunor-profetai/Assets/Scripts/Model/Map/Tile.cs" />
        <File uid="19" fullPath="C:/Users/Bali/Desktop/ELTE/24-25_2/SzoftTech/src/hunor-profetai/Assets/Scripts/Model/ShopElement.cs" />
        <File uid="20" fullPath="C:/Users/Bali/Desktop/ELTE/24-25_2/SzoftTech/src/hunor-profetai/Assets/Scripts/View/CameraManager.cs" />
        <File uid="21" fullPath="C:/Users/Bali/Desktop/ELTE/24-25_2/SzoftTech/src/hunor-profetai/Assets/Scripts/View/Draggable.cs" />
        <File uid="22" fullPath="C:/Users/Bali/Desktop/ELTE/24-25_2/SzoftTech/src/hunor-profetai/Assets/Scripts/View/EnablePauseMenu.cs" />
        <File uid="23" fullPath="C:/Users/Bali/Desktop/ELTE/24-25_2/SzoftTech/src/hunor-profetai/Assets/Scripts/View/EndPopUpUiScript.cs" />
        <File uid="24" fullPath="C:/Users/Bali/Desktop/ELTE/24-25_2/SzoftTech/src/hunor-profetai/Assets/Scripts/View/GameUIButtonsManager.cs" />
        <File uid="25" fullPath="C:/Users/Bali/Desktop/ELTE/24-25_2/SzoftTech/src/hunor-profetai/Assets/Scripts/View/InspectionManager.cs" />
        <File uid="26" fullPath="C:/Users/Bali/Desktop/ELTE/24-25_2/SzoftTech/src/hunor-profetai/Assets/Scripts/View/MainMenu.cs" />
        <File uid="27" fullPath="C:/Users/Bali/Desktop/ELTE/24-25_2/SzoftTech/src/hunor-profetai/Assets/Scripts/View/PauseMenu.cs" />
        <File uid="28" fullPath="C:/Users/Bali/Desktop/ELTE/24-25_2/SzoftTech/src/hunor-profetai/Assets/Scripts/Model/Map/Minimap.cs" />
        <File uid="29" fullPath="C:/Users/Bali/Desktop/ELTE/24-25_2/SzoftTech/src/hunor-profetai/Assets/Scripts/Model/Map/SafariMap.cs" />
      </Files>
      <Classes>
        <Class>
          <Summary numSequencePoints="130" visitedSequencePoints="101" numBranchPoints="0" visitedBranchPoints="0" sequenceCoverage="77.69" branchCoverage="0.0" maxCyclomaticComplexity="0" minCyclomaticComplexity="0" maxCrapScore="0" minCrapScore="0" visitedClasses="1" numClasses="1" visitedMethods="18" numMethods="18" />
          <FullName>GameManager</FullName>
          <Methods>
            <Method visited="true" cyclomaticComplexity="0" nPathComplexity="0" sequenceCoverage="100.0" branchCoverage="0" crapScore="0" isConstructor="false" isStatic="false" isGetter="false" isSetter="true">
              <Summary numSequencePoints="1" visitedSequencePoints="1" numBranchPoints="0" visitedBranchPoints="0" sequenceCoverage="100.0" branchCoverage="0" maxCyclomaticComplexity="0" minCyclomaticComplexity="0" maxCrapScore="0" minCrapScore="0" visitedClasses="0" numClasses="0" visitedMethods="1" numMethods="1" />
              <MetadataToken>100663399</MetadataToken>
              <Name>System.Void GameManager::set_HasWon(System.Boolean)</Name>
              <FileRef uid="16" />
              <SequencePoints>
                <SequencePoint vc="1" uspid="52271" ordinal="0" offset="0" sl="46" sc="31" el="46" ec="31" bec="0" bev="0" fileid="16">
                  <TrackedMethodRefs>
                    <TrackedMethodRef uid="1" vc="1" />
                  </TrackedMethodRefs>
                </SequencePoint>
              </SequencePoints>
              <BranchPoints />
            </Method>
            <Method visited="true" cyclomaticComplexity="0" nPathComplexity="0" sequenceCoverage="100.0" branchCoverage="0" crapScore="0" isConstructor="false" isStatic="false" isGetter="false" isSetter="true">
              <Summary numSequencePoints="1" visitedSequencePoints="1" numBranchPoints="0" visitedBranchPoints="0" sequenceCoverage="100.0" branchCoverage="0" maxCyclomaticComplexity="0" minCyclomaticComplexity="0" maxCrapScore="0" minCrapScore="0" visitedClasses="0" numClasses="0" visitedMethods="1" numMethods="1" />
              <MetadataToken>100663401</MetadataToken>
              <Name>System.Void GameManager::set_HasLost(System.Boolean)</Name>
              <FileRef uid="16" />
              <SequencePoints>
                <SequencePoint vc="1" uspid="52273" ordinal="0" offset="0" sl="47" sc="33" el="47" ec="33" bec="0" bev="0" fileid="16">
                  <TrackedMethodRefs>
                    <TrackedMethodRef uid="1" vc="1" />
                  </TrackedMethodRefs>
                </SequencePoint>
              </SequencePoints>
              <BranchPoints />
            </Method>
            <Method visited="true" cyclomaticComplexity="0" nPathComplexity="0" sequenceCoverage="100.0" branchCoverage="0" crapScore="0" isConstructor="false" isStatic="false" isGetter="true" isSetter="false">
              <Summary numSequencePoints="1" visitedSequencePoints="1" numBranchPoints="0" visitedBranchPoints="0" sequenceCoverage="100.0" branchCoverage="0" maxCyclomaticComplexity="0" minCyclomaticComplexity="0" maxCrapScore="0" minCrapScore="0" visitedClasses="0" numClasses="0" visitedMethods="1" numMethods="1" />
              <MetadataToken>100663402</MetadataToken>
              <Name>System.Int32 GameManager::get_Visitors()</Name>
              <FileRef uid="16" />
              <SequencePoints>
                <SequencePoint vc="1" uspid="52274" ordinal="0" offset="0" sl="50" sc="27" el="50" ec="27" bec="0" bev="0" fileid="16">
                  <TrackedMethodRefs>
                    <TrackedMethodRef uid="1" vc="1" />
                  </TrackedMethodRefs>
                </SequencePoint>
              </SequencePoints>
              <BranchPoints />
            </Method>
            <Method visited="true" cyclomaticComplexity="0" nPathComplexity="0" sequenceCoverage="100.0" branchCoverage="0" crapScore="0" isConstructor="false" isStatic="false" isGetter="false" isSetter="true">
              <Summary numSequencePoints="1" visitedSequencePoints="1" numBranchPoints="0" visitedBranchPoints="0" sequenceCoverage="100.0" branchCoverage="0" maxCyclomaticComplexity="0" minCyclomaticComplexity="0" maxCrapScore="0" minCrapScore="0" visitedClasses="0" numClasses="0" visitedMethods="1" numMethods="1" />
              <MetadataToken>100663403</MetadataToken>
              <Name>System.Void GameManager::set_Visitors(System.Int32)</Name>
              <FileRef uid="16" />
              <SequencePoints>
                <SequencePoint vc="1" uspid="52275" ordinal="0" offset="0" sl="50" sc="32" el="50" ec="32" bec="0" bev="0" fileid="16">
                  <TrackedMethodRefs>
                    <TrackedMethodRef uid="1" vc="1" />
                  </TrackedMethodRefs>
                </SequencePoint>
              </SequencePoints>
              <BranchPoints />
            </Method>
            <Method visited="true" cyclomaticComplexity="0" nPathComplexity="0" sequenceCoverage="100.0" branchCoverage="0" crapScore="0" isConstructor="false" isStatic="false" isGetter="false" isSetter="true">
              <Summary numSequencePoints="1" visitedSequencePoints="1" numBranchPoints="0" visitedBranchPoints="0" sequenceCoverage="100.0" branchCoverage="0" maxCyclomaticComplexity="0" minCyclomaticComplexity="0" maxCrapScore="0" minCrapScore="0" visitedClasses="0" numClasses="0" visitedMethods="1" numMethods="1" />
              <MetadataToken>100663405</MetadataToken>
              <Name>System.Void GameManager::set_CurrentCarnivorousCount(System.Int32)</Name>
              <FileRef uid="16" />
              <SequencePoints>
                <SequencePoint vc="1" uspid="52277" ordinal="0" offset="0" sl="51" sc="47" el="51" ec="47" bec="0" bev="0" fileid="16">
                  <TrackedMethodRefs>
                    <TrackedMethodRef uid="1" vc="1" />
                  </TrackedMethodRefs>
                </SequencePoint>
              </SequencePoints>
              <BranchPoints />
            </Method>
            <Method visited="true" cyclomaticComplexity="0" nPathComplexity="0" sequenceCoverage="100.0" branchCoverage="0" crapScore="0" isConstructor="false" isStatic="false" isGetter="false" isSetter="true">
              <Summary numSequencePoints="1" visitedSequencePoints="1" numBranchPoints="0" visitedBranchPoints="0" sequenceCoverage="100.0" branchCoverage="0" maxCyclomaticComplexity="0" minCyclomaticComplexity="0" maxCrapScore="0" minCrapScore="0" visitedClasses="0" numClasses="0" visitedMethods="1" numMethods="1" />
              <MetadataToken>100663407</MetadataToken>
              <Name>System.Void GameManager::set_CurrentHerbivoresCount(System.Int32)</Name>
              <FileRef uid="16" />
              <SequencePoints>
                <SequencePoint vc="1" uspid="52279" ordinal="0" offset="0" sl="52" sc="46" el="52" ec="46" bec="0" bev="0" fileid="16">
                  <TrackedMethodRefs>
                    <TrackedMethodRef uid="1" vc="1" />
                  </TrackedMethodRefs>
                </SequencePoint>
              </SequencePoints>
              <BranchPoints />
            </Method>
            <Method visited="true" cyclomaticComplexity="0" nPathComplexity="0" sequenceCoverage="100.0" branchCoverage="0" crapScore="0" isConstructor="false" isStatic="false" isGetter="true" isSetter="false">
              <Summary numSequencePoints="1" visitedSequencePoints="1" numBranchPoints="0" visitedBranchPoints="0" sequenceCoverage="100.0" branchCoverage="0" maxCyclomaticComplexity="0" minCyclomaticComplexity="0" maxCrapScore="0" minCrapScore="0" visitedClasses="0" numClasses="0" visitedMethods="1" numMethods="1" />
              <MetadataToken>100663408</MetadataToken>
              <Name>System.Int32 GameManager::get_EntryFee()</Name>
              <FileRef uid="16" />
              <SequencePoints>
                <SequencePoint vc="2" uspid="52280" ordinal="0" offset="0" sl="71" sc="27" el="71" ec="27" bec="0" bev="0" fileid="16">
                  <TrackedMethodRefs>
                    <TrackedMethodRef uid="1" vc="2" />
                  </TrackedMethodRefs>
                </SequencePoint>
              </SequencePoints>
              <BranchPoints />
            </Method>
            <Method visited="true" cyclomaticComplexity="0" nPathComplexity="0" sequenceCoverage="100.0" branchCoverage="0" crapScore="0" isConstructor="false" isStatic="false" isGetter="false" isSetter="true">
              <Summary numSequencePoints="1" visitedSequencePoints="1" numBranchPoints="0" visitedBranchPoints="0" sequenceCoverage="100.0" branchCoverage="0" maxCyclomaticComplexity="0" minCyclomaticComplexity="0" maxCrapScore="0" minCrapScore="0" visitedClasses="0" numClasses="0" visitedMethods="1" numMethods="1" />
              <MetadataToken>100663409</MetadataToken>
              <Name>System.Void GameManager::set_EntryFee(System.Int32)</Name>
              <FileRef uid="16" />
              <SequencePoints>
                <SequencePoint vc="1" uspid="52281" ordinal="0" offset="0" sl="71" sc="32" el="71" ec="32" bec="0" bev="0" fileid="16">
                  <TrackedMethodRefs>
                    <TrackedMethodRef uid="1" vc="1" />
                  </TrackedMethodRefs>
                </SequencePoint>
              </SequencePoints>
              <BranchPoints />
            </Method>
            <Method visited="true" cyclomaticComplexity="0" nPathComplexity="0" sequenceCoverage="100.0" branchCoverage="0" crapScore="0" isConstructor="false" isStatic="false" isGetter="true" isSetter="false">
              <Summary numSequencePoints="1" visitedSequencePoints="1" numBranchPoints="0" visitedBranchPoints="0" sequenceCoverage="100.0" branchCoverage="0" maxCyclomaticComplexity="0" minCyclomaticComplexity="0" maxCrapScore="0" minCrapScore="0" visitedClasses="0" numClasses="0" visitedMethods="1" numMethods="1" />
              <MetadataToken>100663410</MetadataToken>
              <Name>System.Int32 GameManager::get_Money()</Name>
              <FileRef uid="16" />
              <SequencePoints>
                <SequencePoint vc="1" uspid="52282" ordinal="0" offset="0" sl="83" sc="16" el="83" ec="16" bec="0" bev="0" fileid="16">
                  <TrackedMethodRefs>
                    <TrackedMethodRef uid="1" vc="1" />
                  </TrackedMethodRefs>
                </SequencePoint>
              </SequencePoints>
              <BranchPoints />
            </Method>
            <Method visited="true" cyclomaticComplexity="0" nPathComplexity="0" sequenceCoverage="100.0" branchCoverage="0" crapScore="0" isConstructor="false" isStatic="false" isGetter="false" isSetter="true">
              <Summary numSequencePoints="7" visitedSequencePoints="7" numBranchPoints="0" visitedBranchPoints="0" sequenceCoverage="100.0" branchCoverage="0" maxCyclomaticComplexity="0" minCyclomaticComplexity="0" maxCrapScore="0" minCrapScore="0" visitedClasses="0" numClasses="0" visitedMethods="1" numMethods="1" />
              <MetadataToken>100663411</MetadataToken>
              <Name>System.Void GameManager::set_Money(System.Int32)</Name>
              <FileRef uid="16" />
              <SequencePoints>
                <SequencePoint vc="1" uspid="52283" ordinal="0" offset="0" sl="85" sc="9" el="85" ec="9" bec="0" bev="0" fileid="16">
                  <TrackedMethodRefs>
                    <TrackedMethodRef uid="1" vc="1" />
                  </TrackedMethodRefs>
                </SequencePoint>
                <SequencePoint vc="1" uspid="52284" ordinal="0" offset="1" sl="86" sc="13" el="86" ec="13" bec="0" bev="0" fileid="16">
                  <TrackedMethodRefs>
                    <TrackedMethodRef uid="1" vc="1" />
                  </TrackedMethodRefs>
                </SequencePoint>
                <SequencePoint vc="1" uspid="52285" ordinal="0" offset="8" sl="87" sc="13" el="87" ec="13" bec="0" bev="0" fileid="16">
                  <TrackedMethodRefs>
                    <TrackedMethodRef uid="1" vc="1" />
                  </TrackedMethodRefs>
                </SequencePoint>
                <SequencePoint vc="1" uspid="52286" ordinal="0" offset="21" sl="88" sc="13" el="88" ec="13" bec="0" bev="0" fileid="16">
                  <TrackedMethodRefs>
                    <TrackedMethodRef uid="1" vc="1" />
                  </TrackedMethodRefs>
                </SequencePoint>
                <SequencePoint vc="1" uspid="52287" ordinal="0" offset="22" sl="89" sc="17" el="89" ec="17" bec="0" bev="0" fileid="16">
                  <TrackedMethodRefs>
                    <TrackedMethodRef uid="1" vc="1" />
                  </TrackedMethodRefs>
                </SequencePoint>
                <SequencePoint vc="1" uspid="52288" ordinal="0" offset="55" sl="90" sc="13" el="90" ec="13" bec="0" bev="0" fileid="16">
                  <TrackedMethodRefs>
                    <TrackedMethodRef uid="1" vc="1" />
                  </TrackedMethodRefs>
                </SequencePoint>
                <SequencePoint vc="1" uspid="52289" ordinal="0" offset="56" sl="91" sc="9" el="91" ec="9" bec="0" bev="0" fileid="16">
                  <TrackedMethodRefs>
                    <TrackedMethodRef uid="1" vc="1" />
                  </TrackedMethodRefs>
                </SequencePoint>
              </SequencePoints>
              <BranchPoints />
            </Method>
            <Method visited="true" cyclomaticComplexity="0" nPathComplexity="0" sequenceCoverage="100.0" branchCoverage="0" crapScore="0" isConstructor="false" isStatic="false" isGetter="false" isSetter="true">
              <Summary numSequencePoints="11" visitedSequencePoints="11" numBranchPoints="0" visitedBranchPoints="0" sequenceCoverage="100.0" branchCoverage="0" maxCyclomaticComplexity="0" minCyclomaticComplexity="0" maxCrapScore="0" minCrapScore="0" visitedClasses="0" numClasses="0" visitedMethods="1" numMethods="1" />
              <MetadataToken>100663413</MetadataToken>
              <Name>System.Void GameManager::set_TimePassed(System.Int32)</Name>
              <FileRef uid="16" />
              <SequencePoints>
                <SequencePoint vc="1" uspid="52291" ordinal="0" offset="0" sl="98" sc="9" el="98" ec="9" bec="0" bev="0" fileid="16">
                  <TrackedMethodRefs>
                    <TrackedMethodRef uid="1" vc="1" />
                  </TrackedMethodRefs>
                </SequencePoint>
                <SequencePoint vc="1" uspid="52292" ordinal="0" offset="1" sl="99" sc="13" el="99" ec="13" bec="0" bev="0" fileid="16">
                  <TrackedMethodRefs>
                    <TrackedMethodRef uid="1" vc="1" />
                  </TrackedMethodRefs>
                </SequencePoint>
                <SequencePoint vc="1" uspid="52293" ordinal="0" offset="8" sl="100" sc="13" el="100" ec="13" bec="0" bev="0" fileid="16">
                  <TrackedMethodRefs>
                    <TrackedMethodRef uid="1" vc="1" />
                  </TrackedMethodRefs>
                </SequencePoint>
                <SequencePoint vc="1" uspid="52294" ordinal="0" offset="24" sl="101" sc="13" el="101" ec="13" bec="0" bev="0" fileid="16">
                  <TrackedMethodRefs>
                    <TrackedMethodRef uid="1" vc="1" />
                  </TrackedMethodRefs>
                </SequencePoint>
                <SequencePoint vc="1" uspid="52295" ordinal="0" offset="25" sl="102" sc="17" el="102" ec="17" bec="0" bev="0" fileid="16">
                  <TrackedMethodRefs>
                    <TrackedMethodRef uid="1" vc="1" />
                  </TrackedMethodRefs>
                </SequencePoint>
                <SequencePoint vc="1" uspid="52296" ordinal="0" offset="38" sl="103" sc="17" el="103" ec="17" bec="0" bev="0" fileid="16">
                  <TrackedMethodRefs>
                    <TrackedMethodRef uid="1" vc="1" />
                  </TrackedMethodRefs>
                </SequencePoint>
                <SequencePoint vc="1" uspid="52297" ordinal="0" offset="57" sl="104" sc="17" el="104" ec="17" bec="0" bev="0" fileid="16">
                  <TrackedMethodRefs>
                    <TrackedMethodRef uid="1" vc="1" />
                  </TrackedMethodRefs>
                </SequencePoint>
                <SequencePoint vc="1" uspid="52298" ordinal="0" offset="79" sl="105" sc="17" el="105" ec="17" bec="0" bev="0" fileid="16">
                  <TrackedMethodRefs>
                    <TrackedMethodRef uid="1" vc="1" />
                  </TrackedMethodRefs>
                </SequencePoint>
                <SequencePoint vc="1" uspid="52299" ordinal="0" offset="102" sl="107" sc="17" el="107" ec="17" bec="0" bev="0" fileid="16">
                  <TrackedMethodRefs>
                    <TrackedMethodRef uid="1" vc="1" />
                  </TrackedMethodRefs>
                </SequencePoint>
                <SequencePoint vc="1" uspid="52300" ordinal="0" offset="217" sl="111" sc="13" el="111" ec="13" bec="0" bev="0" fileid="16">
                  <TrackedMethodRefs>
                    <TrackedMethodRef uid="1" vc="1" />
                  </TrackedMethodRefs>
                </SequencePoint>
                <SequencePoint vc="1" uspid="52301" ordinal="0" offset="218" sl="112" sc="9" el="112" ec="9" bec="0" bev="0" fileid="16">
                  <TrackedMethodRefs>
                    <TrackedMethodRef uid="1" vc="1" />
                  </TrackedMethodRefs>
                </SequencePoint>
              </SequencePoints>
              <BranchPoints />
            </Method>
            <Method visited="true" cyclomaticComplexity="0" nPathComplexity="0" sequenceCoverage="100.0" branchCoverage="0" crapScore="0" isConstructor="false" isStatic="false" isGetter="true" isSetter="false">
              <Summary numSequencePoints="1" visitedSequencePoints="1" numBranchPoints="0" visitedBranchPoints="0" sequenceCoverage="100.0" branchCoverage="0" maxCyclomaticComplexity="0" minCyclomaticComplexity="0" maxCrapScore="0" minCrapScore="0" visitedClasses="0" numClasses="0" visitedMethods="1" numMethods="1" />
              <MetadataToken>100663414</MetadataToken>
              <Name>GameManager/GameSpeed GameManager::get_CurrentGameSpeed()</Name>
              <FileRef uid="16" />
              <SequencePoints>
                <SequencePoint vc="1" uspid="52302" ordinal="0" offset="0" sl="120" sc="41" el="120" ec="41" bec="0" bev="0" fileid="16">
                  <TrackedMethodRefs>
                    <TrackedMethodRef uid="1" vc="1" />
                  </TrackedMethodRefs>
                </SequencePoint>
              </SequencePoints>
              <BranchPoints />
            </Method>
            <Method visited="true" cyclomaticComplexity="0" nPathComplexity="0" sequenceCoverage="100.0" branchCoverage="0" crapScore="0" isConstructor="false" isStatic="false" isGetter="false" isSetter="true">
              <Summary numSequencePoints="1" visitedSequencePoints="1" numBranchPoints="0" visitedBranchPoints="0" sequenceCoverage="100.0" branchCoverage="0" maxCyclomaticComplexity="0" minCyclomaticComplexity="0" maxCrapScore="0" minCrapScore="0" visitedClasses="0" numClasses="0" visitedMethods="1" numMethods="1" />
              <MetadataToken>100663415</MetadataToken>
              <Name>System.Void GameManager::set_CurrentGameSpeed(GameManager/GameSpeed)</Name>
              <FileRef uid="16" />
              <SequencePoints>
                <SequencePoint vc="1" uspid="52303" ordinal="0" offset="0" sl="120" sc="46" el="120" ec="46" bec="0" bev="0" fileid="16">
                  <TrackedMethodRefs>
                    <TrackedMethodRef uid="1" vc="1" />
                  </TrackedMethodRefs>
                </SequencePoint>
              </SequencePoints>
              <BranchPoints />
            </Method>
            <Method visited="true" cyclomaticComplexity="0" nPathComplexity="0" sequenceCoverage="80.49" branchCoverage="0" crapScore="0" isConstructor="false" isStatic="false" isGetter="false" isSetter="false">
              <Summary numSequencePoints="41" visitedSequencePoints="33" numBranchPoints="0" visitedBranchPoints="0" sequenceCoverage="80.49" branchCoverage="0" maxCyclomaticComplexity="0" minCyclomaticComplexity="0" maxCrapScore="0" minCrapScore="0" visitedClasses="0" numClasses="0" visitedMethods="1" numMethods="1" />
              <MetadataToken>100663420</MetadataToken>
              <Name>System.Void GameManager::Start()</Name>
              <FileRef uid="16" />
              <SequencePoints>
                <SequencePoint vc="1" uspid="52308" ordinal="0" offset="0" sl="135" sc="5" el="135" ec="5" bec="0" bev="0" fileid="16">
                  <TrackedMethodRefs>
                    <TrackedMethodRef uid="1" vc="1" />
                  </TrackedMethodRefs>
                </SequencePoint>
                <SequencePoint vc="1" uspid="52309" ordinal="0" offset="1" sl="136" sc="9" el="136" ec="9" bec="0" bev="0" fileid="16">
                  <TrackedMethodRefs>
                    <TrackedMethodRef uid="1" vc="1" />
                  </TrackedMethodRefs>
                </SequencePoint>
                <SequencePoint vc="0" uspid="52310" ordinal="0" offset="11" sl="136" sc="23" el="136" ec="23" bec="0" bev="0" fileid="16">
                  <TrackedMethodRefs>
                    <TrackedMethodRef uid="1" vc="0" />
                  </TrackedMethodRefs>
                </SequencePoint>
                <SequencePoint vc="1" uspid="52311" ordinal="0" offset="16" sl="137" sc="9" el="137" ec="9" bec="0" bev="0" fileid="16">
                  <TrackedMethodRefs>
                    <TrackedMethodRef uid="1" vc="1" />
                  </TrackedMethodRefs>
                </SequencePoint>
                <SequencePoint vc="1" uspid="52312" ordinal="0" offset="52" sl="138" sc="9" el="138" ec="9" bec="0" bev="0" fileid="16">
                  <TrackedMethodRefs>
                    <TrackedMethodRef uid="1" vc="1" />
                  </TrackedMethodRefs>
                </SequencePoint>
                <SequencePoint vc="1" uspid="52313" ordinal="0" offset="69" sl="139" sc="13" el="139" ec="13" bec="0" bev="0" fileid="16">
                  <TrackedMethodRefs>
                    <TrackedMethodRef uid="1" vc="1" />
                  </TrackedMethodRefs>
                </SequencePoint>
                <SequencePoint vc="0" uspid="52314" ordinal="0" offset="77" sl="141" sc="13" el="141" ec="13" bec="0" bev="0" fileid="16">
                  <TrackedMethodRefs>
                    <TrackedMethodRef uid="1" vc="0" />
                  </TrackedMethodRefs>
                </SequencePoint>
                <SequencePoint vc="1" uspid="52315" ordinal="0" offset="89" sl="144" sc="9" el="144" ec="9" bec="0" bev="0" fileid="16">
                  <TrackedMethodRefs>
                    <TrackedMethodRef uid="1" vc="1" />
                  </TrackedMethodRefs>
                </SequencePoint>
                <SequencePoint vc="0" uspid="52316" ordinal="0" offset="107" sl="145" sc="9" el="145" ec="9" bec="0" bev="0" fileid="16">
                  <TrackedMethodRefs>
                    <TrackedMethodRef uid="1" vc="0" />
                  </TrackedMethodRefs>
                </SequencePoint>
                <SequencePoint vc="0" uspid="52317" ordinal="0" offset="108" sl="146" sc="13" el="146" ec="13" bec="0" bev="0" fileid="16">
                  <TrackedMethodRefs>
                    <TrackedMethodRef uid="1" vc="0" />
                  </TrackedMethodRefs>
                </SequencePoint>
                <SequencePoint vc="0" uspid="52318" ordinal="0" offset="125" sl="147" sc="9" el="147" ec="9" bec="0" bev="0" fileid="16">
                  <TrackedMethodRefs>
                    <TrackedMethodRef uid="1" vc="0" />
                  </TrackedMethodRefs>
                </SequencePoint>
                <SequencePoint vc="1" uspid="52319" ordinal="0" offset="126" sl="149" sc="9" el="149" ec="9" bec="0" bev="0" fileid="16">
                  <TrackedMethodRefs>
                    <TrackedMethodRef uid="1" vc="1" />
                  </TrackedMethodRefs>
                </SequencePoint>
                <SequencePoint vc="1" uspid="52320" ordinal="0" offset="138" sl="150" sc="9" el="150" ec="9" bec="0" bev="0" fileid="16">
                  <TrackedMethodRefs>
                    <TrackedMethodRef uid="1" vc="1" />
                  </TrackedMethodRefs>
                </SequencePoint>
                <SequencePoint vc="1" uspid="52321" ordinal="0" offset="155" sl="152" sc="9" el="152" ec="9" bec="0" bev="0" fileid="16">
                  <TrackedMethodRefs>
                    <TrackedMethodRef uid="1" vc="1" />
                  </TrackedMethodRefs>
                </SequencePoint>
                <SequencePoint vc="1" uspid="52322" ordinal="0" offset="167" sl="154" sc="9" el="154" ec="9" bec="0" bev="0" fileid="16">
                  <TrackedMethodRefs>
                    <TrackedMethodRef uid="1" vc="1" />
                  </TrackedMethodRefs>
                </SequencePoint>
                <SequencePoint vc="1" uspid="52323" ordinal="0" offset="179" sl="156" sc="9" el="156" ec="9" bec="0" bev="0" fileid="16">
                  <TrackedMethodRefs>
                    <TrackedMethodRef uid="1" vc="1" />
                  </TrackedMethodRefs>
                </SequencePoint>
                <SequencePoint vc="1" uspid="52324" ordinal="0" offset="191" sl="157" sc="9" el="157" ec="9" bec="0" bev="0" fileid="16">
                  <TrackedMethodRefs>
                    <TrackedMethodRef uid="1" vc="1" />
                  </TrackedMethodRefs>
                </SequencePoint>
                <SequencePoint vc="1" uspid="52325" ordinal="0" offset="198" sl="158" sc="9" el="158" ec="9" bec="0" bev="0" fileid="16">
                  <TrackedMethodRefs>
                    <TrackedMethodRef uid="1" vc="1" />
                  </TrackedMethodRefs>
                </SequencePoint>
                <SequencePoint vc="1" uspid="52326" ordinal="0" offset="216" sl="159" sc="9" el="159" ec="9" bec="0" bev="0" fileid="16">
                  <TrackedMethodRefs>
                    <TrackedMethodRef uid="1" vc="1" />
                  </TrackedMethodRefs>
                </SequencePoint>
                <SequencePoint vc="1" uspid="52327" ordinal="0" offset="234" sl="160" sc="9" el="160" ec="9" bec="0" bev="0" fileid="16">
                  <TrackedMethodRefs>
                    <TrackedMethodRef uid="1" vc="1" />
                  </TrackedMethodRefs>
                </SequencePoint>
                <SequencePoint vc="1" uspid="52328" ordinal="0" offset="252" sl="163" sc="9" el="163" ec="9" bec="0" bev="0" fileid="16">
                  <TrackedMethodRefs>
                    <TrackedMethodRef uid="1" vc="1" />
                  </TrackedMethodRefs>
                </SequencePoint>
                <SequencePoint vc="1" uspid="52329" ordinal="0" offset="263" sl="164" sc="9" el="164" ec="9" bec="0" bev="0" fileid="16">
                  <TrackedMethodRefs>
                    <TrackedMethodRef uid="1" vc="1" />
                  </TrackedMethodRefs>
                </SequencePoint>
                <SequencePoint vc="0" uspid="52330" ordinal="0" offset="278" sl="165" sc="9" el="165" ec="9" bec="0" bev="0" fileid="16">
                  <TrackedMethodRefs>
                    <TrackedMethodRef uid="1" vc="0" />
                  </TrackedMethodRefs>
                </SequencePoint>
                <SequencePoint vc="0" uspid="52331" ordinal="0" offset="279" sl="166" sc="13" el="166" ec="13" bec="0" bev="0" fileid="16">
                  <TrackedMethodRefs>
                    <TrackedMethodRef uid="1" vc="0" />
                  </TrackedMethodRefs>
                </SequencePoint>
                <SequencePoint vc="0" uspid="52332" ordinal="0" offset="286" sl="167" sc="9" el="167" ec="9" bec="0" bev="0" fileid="16">
                  <TrackedMethodRefs>
                    <TrackedMethodRef uid="1" vc="0" />
                  </TrackedMethodRefs>
                </SequencePoint>
                <SequencePoint vc="1" uspid="52333" ordinal="0" offset="287" sl="168" sc="9" el="168" ec="9" bec="0" bev="0" fileid="16">
                  <TrackedMethodRefs>
                    <TrackedMethodRef uid="1" vc="1" />
                  </TrackedMethodRefs>
                </SequencePoint>
                <SequencePoint vc="1" uspid="52334" ordinal="0" offset="320" sl="170" sc="9" el="170" ec="9" bec="0" bev="0" fileid="16">
                  <TrackedMethodRefs>
                    <TrackedMethodRef uid="1" vc="1" />
                  </TrackedMethodRefs>
                </SequencePoint>
                <SequencePoint vc="1" uspid="52335" ordinal="0" offset="327" sl="172" sc="9" el="172" ec="9" bec="0" bev="0" fileid="16">
                  <TrackedMethodRefs>
                    <TrackedMethodRef uid="1" vc="1" />
                  </TrackedMethodRefs>
                </SequencePoint>
                <SequencePoint vc="1" uspid="52336" ordinal="0" offset="351" sl="173" sc="9" el="173" ec="9" bec="0" bev="0" fileid="16">
                  <TrackedMethodRefs>
                    <TrackedMethodRef uid="1" vc="1" />
                  </TrackedMethodRefs>
                </SequencePoint>
                <SequencePoint vc="1" uspid="52337" ordinal="0" offset="358" sl="175" sc="9" el="175" ec="9" bec="0" bev="0" fileid="16">
                  <TrackedMethodRefs>
                    <TrackedMethodRef uid="1" vc="1" />
                  </TrackedMethodRefs>
                </SequencePoint>
                <SequencePoint vc="1" uspid="52338" ordinal="0" offset="366" sl="177" sc="9" el="177" ec="9" bec="0" bev="0" fileid="16">
                  <TrackedMethodRefs>
                    <TrackedMethodRef uid="1" vc="1" />
                  </TrackedMethodRefs>
                </SequencePoint>
                <SequencePoint vc="1" uspid="52339" ordinal="0" offset="374" sl="179" sc="9" el="179" ec="9" bec="0" bev="0" fileid="16">
                  <TrackedMethodRefs>
                    <TrackedMethodRef uid="1" vc="1" />
                  </TrackedMethodRefs>
                </SequencePoint>
                <SequencePoint vc="1" uspid="52340" ordinal="0" offset="382" sl="180" sc="9" el="180" ec="9" bec="0" bev="0" fileid="16">
                  <TrackedMethodRefs>
                    <TrackedMethodRef uid="1" vc="1" />
                  </TrackedMethodRefs>
                </SequencePoint>
                <SequencePoint vc="1" uspid="52341" ordinal="0" offset="390" sl="182" sc="9" el="182" ec="9" bec="0" bev="0" fileid="16">
                  <TrackedMethodRefs>
                    <TrackedMethodRef uid="1" vc="1" />
                  </TrackedMethodRefs>
                </SequencePoint>
                <SequencePoint vc="1" uspid="52342" ordinal="0" offset="398" sl="183" sc="9" el="183" ec="9" bec="0" bev="0" fileid="16">
                  <TrackedMethodRefs>
                    <TrackedMethodRef uid="1" vc="1" />
                  </TrackedMethodRefs>
                </SequencePoint>
                <SequencePoint vc="1" uspid="52343" ordinal="0" offset="406" sl="185" sc="9" el="185" ec="9" bec="0" bev="0" fileid="16">
                  <TrackedMethodRefs>
                    <TrackedMethodRef uid="1" vc="1" />
                  </TrackedMethodRefs>
                </SequencePoint>
                <SequencePoint vc="1" uspid="52344" ordinal="0" offset="415" sl="186" sc="9" el="186" ec="9" bec="0" bev="0" fileid="16">
                  <TrackedMethodRefs>
                    <TrackedMethodRef uid="1" vc="1" />
                  </TrackedMethodRefs>
                </SequencePoint>
                <SequencePoint vc="1" uspid="52345" ordinal="0" offset="451" sl="187" sc="9" el="187" ec="9" bec="0" bev="0" fileid="16">
                  <TrackedMethodRefs>
                    <TrackedMethodRef uid="1" vc="1" />
                  </TrackedMethodRefs>
                </SequencePoint>
                <SequencePoint vc="1" uspid="52346" ordinal="0" offset="463" sl="188" sc="9" el="188" ec="9" bec="0" bev="0" fileid="16">
                  <TrackedMethodRefs>
                    <TrackedMethodRef uid="1" vc="1" />
                  </TrackedMethodRefs>
                </SequencePoint>
                <SequencePoint vc="1" uspid="52347" ordinal="0" offset="471" sl="189" sc="9" el="189" ec="9" bec="0" bev="0" fileid="16">
                  <TrackedMethodRefs>
                    <TrackedMethodRef uid="1" vc="1" />
                  </TrackedMethodRefs>
                </SequencePoint>
                <SequencePoint vc="1" uspid="52348" ordinal="0" offset="478" sl="192" sc="5" el="192" ec="5" bec="0" bev="0" fileid="16">
                  <TrackedMethodRefs>
                    <TrackedMethodRef uid="1" vc="1" />
                  </TrackedMethodRefs>
                </SequencePoint>
              </SequencePoints>
              <BranchPoints />
            </Method>
            <Method visited="true" cyclomaticComplexity="0" nPathComplexity="0" sequenceCoverage="41.67" branchCoverage="0" crapScore="0" isConstructor="false" isStatic="false" isGetter="false" isSetter="false">
              <Summary numSequencePoints="24" visitedSequencePoints="10" numBranchPoints="0" visitedBranchPoints="0" sequenceCoverage="41.67" branchCoverage="0" maxCyclomaticComplexity="0" minCyclomaticComplexity="0" maxCrapScore="0" minCrapScore="0" visitedClasses="0" numClasses="0" visitedMethods="1" numMethods="1" />
              <MetadataToken>100663421</MetadataToken>
              <Name>System.Void GameManager::SetDifficulty()</Name>
              <FileRef uid="16" />
              <SequencePoints>
                <SequencePoint vc="1" uspid="52349" ordinal="0" offset="0" sl="195" sc="5" el="195" ec="5" bec="0" bev="0" fileid="16">
                  <TrackedMethodRefs>
                    <TrackedMethodRef uid="1" vc="1" />
                  </TrackedMethodRefs>
                </SequencePoint>
                <SequencePoint vc="1" uspid="52350" ordinal="0" offset="1" sl="196" sc="9" el="196" ec="9" bec="0" bev="0" fileid="16">
                  <TrackedMethodRefs>
                    <TrackedMethodRef uid="1" vc="1" />
                  </TrackedMethodRefs>
                </SequencePoint>
                <SequencePoint vc="1" uspid="52351" ordinal="0" offset="35" sl="199" sc="17" el="199" ec="17" bec="0" bev="0" fileid="16">
                  <TrackedMethodRefs>
                    <TrackedMethodRef uid="1" vc="1" />
                  </TrackedMethodRefs>
                </SequencePoint>
                <SequencePoint vc="1" uspid="52352" ordinal="0" offset="47" sl="200" sc="17" el="200" ec="17" bec="0" bev="0" fileid="16">
                  <TrackedMethodRefs>
                    <TrackedMethodRef uid="1" vc="1" />
                  </TrackedMethodRefs>
                </SequencePoint>
                <SequencePoint vc="1" uspid="52353" ordinal="0" offset="55" sl="201" sc="17" el="201" ec="17" bec="0" bev="0" fileid="16">
                  <TrackedMethodRefs>
                    <TrackedMethodRef uid="1" vc="1" />
                  </TrackedMethodRefs>
                </SequencePoint>
                <SequencePoint vc="1" uspid="52354" ordinal="0" offset="63" sl="202" sc="17" el="202" ec="17" bec="0" bev="0" fileid="16">
                  <TrackedMethodRefs>
                    <TrackedMethodRef uid="1" vc="1" />
                  </TrackedMethodRefs>
                </SequencePoint>
                <SequencePoint vc="1" uspid="52355" ordinal="0" offset="71" sl="203" sc="17" el="203" ec="17" bec="0" bev="0" fileid="16">
                  <TrackedMethodRefs>
                    <TrackedMethodRef uid="1" vc="1" />
                  </TrackedMethodRefs>
                </SequencePoint>
                <SequencePoint vc="1" uspid="52356" ordinal="0" offset="79" sl="204" sc="17" el="204" ec="17" bec="0" bev="0" fileid="16">
                  <TrackedMethodRefs>
                    <TrackedMethodRef uid="1" vc="1" />
                  </TrackedMethodRefs>
                </SequencePoint>
                <SequencePoint vc="1" uspid="52357" ordinal="0" offset="90" sl="205" sc="17" el="205" ec="17" bec="0" bev="0" fileid="16">
                  <TrackedMethodRefs>
                    <TrackedMethodRef uid="1" vc="1" />
                  </TrackedMethodRefs>
                </SequencePoint>
                <SequencePoint vc="0" uspid="52358" ordinal="0" offset="92" sl="207" sc="17" el="207" ec="17" bec="0" bev="0" fileid="16">
                  <TrackedMethodRefs>
                    <TrackedMethodRef uid="1" vc="0" />
                  </TrackedMethodRefs>
                </SequencePoint>
                <SequencePoint vc="0" uspid="52359" ordinal="0" offset="104" sl="208" sc="17" el="208" ec="17" bec="0" bev="0" fileid="16">
                  <TrackedMethodRefs>
                    <TrackedMethodRef uid="1" vc="0" />
                  </TrackedMethodRefs>
                </SequencePoint>
                <SequencePoint vc="0" uspid="52360" ordinal="0" offset="112" sl="209" sc="17" el="209" ec="17" bec="0" bev="0" fileid="16">
                  <TrackedMethodRefs>
                    <TrackedMethodRef uid="1" vc="0" />
                  </TrackedMethodRefs>
                </SequencePoint>
                <SequencePoint vc="0" uspid="52361" ordinal="0" offset="120" sl="210" sc="17" el="210" ec="17" bec="0" bev="0" fileid="16">
                  <TrackedMethodRefs>
                    <TrackedMethodRef uid="1" vc="0" />
                  </TrackedMethodRefs>
                </SequencePoint>
                <SequencePoint vc="0" uspid="52362" ordinal="0" offset="128" sl="211" sc="17" el="211" ec="17" bec="0" bev="0" fileid="16">
                  <TrackedMethodRefs>
                    <TrackedMethodRef uid="1" vc="0" />
                  </TrackedMethodRefs>
                </SequencePoint>
                <SequencePoint vc="0" uspid="52363" ordinal="0" offset="139" sl="212" sc="17" el="212" ec="17" bec="0" bev="0" fileid="16">
                  <TrackedMethodRefs>
                    <TrackedMethodRef uid="1" vc="0" />
                  </TrackedMethodRefs>
                </SequencePoint>
                <SequencePoint vc="0" uspid="52364" ordinal="0" offset="150" sl="213" sc="17" el="213" ec="17" bec="0" bev="0" fileid="16">
                  <TrackedMethodRefs>
                    <TrackedMethodRef uid="1" vc="0" />
                  </TrackedMethodRefs>
                </SequencePoint>
                <SequencePoint vc="0" uspid="52365" ordinal="0" offset="152" sl="215" sc="17" el="215" ec="17" bec="0" bev="0" fileid="16">
                  <TrackedMethodRefs>
                    <TrackedMethodRef uid="1" vc="0" />
                  </TrackedMethodRefs>
                </SequencePoint>
                <SequencePoint vc="0" uspid="52366" ordinal="0" offset="164" sl="216" sc="17" el="216" ec="17" bec="0" bev="0" fileid="16">
                  <TrackedMethodRefs>
                    <TrackedMethodRef uid="1" vc="0" />
                  </TrackedMethodRefs>
                </SequencePoint>
                <SequencePoint vc="0" uspid="52367" ordinal="0" offset="172" sl="217" sc="17" el="217" ec="17" bec="0" bev="0" fileid="16">
                  <TrackedMethodRefs>
                    <TrackedMethodRef uid="1" vc="0" />
                  </TrackedMethodRefs>
                </SequencePoint>
                <SequencePoint vc="0" uspid="52368" ordinal="0" offset="180" sl="218" sc="17" el="218" ec="17" bec="0" bev="0" fileid="16">
                  <TrackedMethodRefs>
                    <TrackedMethodRef uid="1" vc="0" />
                  </TrackedMethodRefs>
                </SequencePoint>
                <SequencePoint vc="0" uspid="52369" ordinal="0" offset="188" sl="219" sc="17" el="219" ec="17" bec="0" bev="0" fileid="16">
                  <TrackedMethodRefs>
                    <TrackedMethodRef uid="1" vc="0" />
                  </TrackedMethodRefs>
                </SequencePoint>
                <SequencePoint vc="0" uspid="52370" ordinal="0" offset="199" sl="220" sc="17" el="220" ec="17" bec="0" bev="0" fileid="16">
                  <TrackedMethodRefs>
                    <TrackedMethodRef uid="1" vc="0" />
                  </TrackedMethodRefs>
                </SequencePoint>
                <SequencePoint vc="0" uspid="52371" ordinal="0" offset="210" sl="221" sc="17" el="221" ec="17" bec="0" bev="0" fileid="16">
                  <TrackedMethodRefs>
                    <TrackedMethodRef uid="1" vc="0" />
                  </TrackedMethodRefs>
                </SequencePoint>
                <SequencePoint vc="1" uspid="52372" ordinal="0" offset="212" sl="223" sc="5" el="223" ec="5" bec="0" bev="0" fileid="16">
                  <TrackedMethodRefs>
                    <TrackedMethodRef uid="1" vc="1" />
                  </TrackedMethodRefs>
                </SequencePoint>
              </SequencePoints>
              <BranchPoints />
            </Method>
            <Method visited="true" cyclomaticComplexity="0" nPathComplexity="0" sequenceCoverage="100.0" branchCoverage="0" crapScore="0" isConstructor="false" isStatic="false" isGetter="false" isSetter="false">
              <Summary numSequencePoints="3" visitedSequencePoints="3" numBranchPoints="0" visitedBranchPoints="0" sequenceCoverage="100.0" branchCoverage="0" maxCyclomaticComplexity="0" minCyclomaticComplexity="0" maxCrapScore="0" minCrapScore="0" visitedClasses="0" numClasses="0" visitedMethods="1" numMethods="1" />
              <MetadataToken>100663433</MetadataToken>
              <Name>System.Void GameManager::UpdateVisitorCount()</Name>
              <FileRef uid="16" />
              <SequencePoints>
                <SequencePoint vc="1" uspid="52569" ordinal="0" offset="0" sl="487" sc="5" el="487" ec="5" bec="0" bev="0" fileid="16">
                  <TrackedMethodRefs>
                    <TrackedMethodRef uid="1" vc="1" />
                  </TrackedMethodRefs>
                </SequencePoint>
                <SequencePoint vc="1" uspid="52570" ordinal="0" offset="1" sl="488" sc="9" el="488" ec="9" bec="0" bev="0" fileid="16">
                  <TrackedMethodRefs>
                    <TrackedMethodRef uid="1" vc="1" />
                  </TrackedMethodRefs>
                </SequencePoint>
                <SequencePoint vc="1" uspid="52571" ordinal="0" offset="27" sl="489" sc="5" el="489" ec="5" bec="0" bev="0" fileid="16">
                  <TrackedMethodRefs>
                    <TrackedMethodRef uid="1" vc="1" />
                  </TrackedMethodRefs>
                </SequencePoint>
              </SequencePoints>
              <BranchPoints />
            </Method>
            <Method visited="true" cyclomaticComplexity="0" nPathComplexity="0" sequenceCoverage="50.00" branchCoverage="0" crapScore="0" isConstructor="false" isStatic="false" isGetter="false" isSetter="false">
              <Summary numSequencePoints="14" visitedSequencePoints="7" numBranchPoints="0" visitedBranchPoints="0" sequenceCoverage="50.00" branchCoverage="0" maxCyclomaticComplexity="0" minCyclomaticComplexity="0" maxCrapScore="0" minCrapScore="0" visitedClasses="0" numClasses="0" visitedMethods="1" numMethods="1" />
              <MetadataToken>100663437</MetadataToken>
              <Name>System.Void GameManager::UpdateSpeedButton()</Name>
              <FileRef uid="16" />
              <SequencePoints>
                <SequencePoint vc="1" uspid="52593" ordinal="0" offset="0" sl="527" sc="5" el="527" ec="5" bec="0" bev="0" fileid="16">
                  <TrackedMethodRefs>
                    <TrackedMethodRef uid="1" vc="1" />
                  </TrackedMethodRefs>
                </SequencePoint>
                <SequencePoint vc="1" uspid="52594" ordinal="0" offset="1" sl="528" sc="9" el="528" ec="9" bec="0" bev="0" fileid="16">
                  <TrackedMethodRefs>
                    <TrackedMethodRef uid="1" vc="1" />
                  </TrackedMethodRefs>
                </SequencePoint>
                <SequencePoint vc="0" uspid="52595" ordinal="0" offset="14" sl="528" sc="34" el="528" ec="34" bec="0" bev="0" fileid="16">
                  <TrackedMethodRefs>
                    <TrackedMethodRef uid="1" vc="0" />
                  </TrackedMethodRefs>
                </SequencePoint>
                <SequencePoint vc="1" uspid="52596" ordinal="0" offset="19" sl="530" sc="9" el="530" ec="9" bec="0" bev="0" fileid="16">
                  <TrackedMethodRefs>
                    <TrackedMethodRef uid="1" vc="1" />
                  </TrackedMethodRefs>
                </SequencePoint>
                <SequencePoint vc="1" uspid="52597" ordinal="0" offset="50" sl="534" sc="17" el="534" ec="17" bec="0" bev="0" fileid="16">
                  <TrackedMethodRefs>
                    <TrackedMethodRef uid="1" vc="1" />
                  </TrackedMethodRefs>
                </SequencePoint>
                <SequencePoint vc="1" uspid="52598" ordinal="0" offset="78" sl="535" sc="17" el="535" ec="17" bec="0" bev="0" fileid="16">
                  <TrackedMethodRefs>
                    <TrackedMethodRef uid="1" vc="1" />
                  </TrackedMethodRefs>
                </SequencePoint>
                <SequencePoint vc="1" uspid="52599" ordinal="0" offset="105" sl="536" sc="17" el="536" ec="17" bec="0" bev="0" fileid="16">
                  <TrackedMethodRefs>
                    <TrackedMethodRef uid="1" vc="1" />
                  </TrackedMethodRefs>
                </SequencePoint>
                <SequencePoint vc="0" uspid="52600" ordinal="0" offset="107" sl="538" sc="17" el="538" ec="17" bec="0" bev="0" fileid="16">
                  <TrackedMethodRefs>
                    <TrackedMethodRef uid="1" vc="0" />
                  </TrackedMethodRefs>
                </SequencePoint>
                <SequencePoint vc="0" uspid="52601" ordinal="0" offset="135" sl="539" sc="17" el="539" ec="17" bec="0" bev="0" fileid="16">
                  <TrackedMethodRefs>
                    <TrackedMethodRef uid="1" vc="0" />
                  </TrackedMethodRefs>
                </SequencePoint>
                <SequencePoint vc="0" uspid="52602" ordinal="0" offset="162" sl="540" sc="17" el="540" ec="17" bec="0" bev="0" fileid="16">
                  <TrackedMethodRefs>
                    <TrackedMethodRef uid="1" vc="0" />
                  </TrackedMethodRefs>
                </SequencePoint>
                <SequencePoint vc="0" uspid="52603" ordinal="0" offset="164" sl="542" sc="17" el="542" ec="17" bec="0" bev="0" fileid="16">
                  <TrackedMethodRefs>
                    <TrackedMethodRef uid="1" vc="0" />
                  </TrackedMethodRefs>
                </SequencePoint>
                <SequencePoint vc="0" uspid="52604" ordinal="0" offset="192" sl="543" sc="17" el="543" ec="17" bec="0" bev="0" fileid="16">
                  <TrackedMethodRefs>
                    <TrackedMethodRef uid="1" vc="0" />
                  </TrackedMethodRefs>
                </SequencePoint>
                <SequencePoint vc="0" uspid="52605" ordinal="0" offset="219" sl="544" sc="17" el="544" ec="17" bec="0" bev="0" fileid="16">
                  <TrackedMethodRefs>
                    <TrackedMethodRef uid="1" vc="0" />
                  </TrackedMethodRefs>
                </SequencePoint>
                <SequencePoint vc="1" uspid="52606" ordinal="0" offset="221" sl="546" sc="5" el="546" ec="5" bec="0" bev="0" fileid="16">
                  <TrackedMethodRefs>
                    <TrackedMethodRef uid="1" vc="1" />
                  </TrackedMethodRefs>
                </SequencePoint>
              </SequencePoints>
              <BranchPoints />
            </Method>
            <Method visited="true" cyclomaticComplexity="0" nPathComplexity="0" sequenceCoverage="100.0" branchCoverage="0" crapScore="0" isConstructor="true" isStatic="false" isGetter="false" isSetter="false">
              <Summary numSequencePoints="19" visitedSequencePoints="19" numBranchPoints="0" visitedBranchPoints="0" sequenceCoverage="100.0" branchCoverage="0" maxCyclomaticComplexity="0" minCyclomaticComplexity="0" maxCrapScore="0" minCrapScore="0" visitedClasses="0" numClasses="0" visitedMethods="1" numMethods="1" />
              <MetadataToken>100663438</MetadataToken>
              <Name>GameManager::GameManager()</Name>
              <FileRef uid="16" />
              <SequencePoints>
                <SequencePoint vc="1" uspid="52607" ordinal="0" offset="0" sl="29" sc="5" el="29" ec="5" bec="0" bev="0" fileid="16">
                  <TrackedMethodRefs>
                    <TrackedMethodRef uid="1" vc="1" />
                  </TrackedMethodRefs>
                </SequencePoint>
                <SequencePoint vc="1" uspid="52608" ordinal="0" offset="11" sl="30" sc="5" el="30" ec="5" bec="0" bev="0" fileid="16">
                  <TrackedMethodRefs>
                    <TrackedMethodRef uid="1" vc="1" />
                  </TrackedMethodRefs>
                </SequencePoint>
                <SequencePoint vc="1" uspid="52609" ordinal="0" offset="22" sl="31" sc="5" el="31" ec="5" bec="0" bev="0" fileid="16">
                  <TrackedMethodRefs>
                    <TrackedMethodRef uid="1" vc="1" />
                  </TrackedMethodRefs>
                </SequencePoint>
                <SequencePoint vc="1" uspid="52610" ordinal="0" offset="29" sl="32" sc="5" el="32" ec="5" bec="0" bev="0" fileid="16">
                  <TrackedMethodRefs>
                    <TrackedMethodRef uid="1" vc="1" />
                  </TrackedMethodRefs>
                </SequencePoint>
                <SequencePoint vc="1" uspid="52611" ordinal="0" offset="36" sl="34" sc="5" el="34" ec="5" bec="0" bev="0" fileid="16">
                  <TrackedMethodRefs>
                    <TrackedMethodRef uid="1" vc="1" />
                  </TrackedMethodRefs>
                </SequencePoint>
                <SequencePoint vc="1" uspid="52612" ordinal="0" offset="47" sl="60" sc="5" el="60" ec="5" bec="0" bev="0" fileid="16">
                  <TrackedMethodRefs>
                    <TrackedMethodRef uid="1" vc="1" />
                  </TrackedMethodRefs>
                </SequencePoint>
                <SequencePoint vc="1" uspid="52613" ordinal="0" offset="55" sl="61" sc="5" el="61" ec="5" bec="0" bev="0" fileid="16">
                  <TrackedMethodRefs>
                    <TrackedMethodRef uid="1" vc="1" />
                  </TrackedMethodRefs>
                </SequencePoint>
                <SequencePoint vc="1" uspid="52614" ordinal="0" offset="63" sl="62" sc="5" el="62" ec="5" bec="0" bev="0" fileid="16">
                  <TrackedMethodRefs>
                    <TrackedMethodRef uid="1" vc="1" />
                  </TrackedMethodRefs>
                </SequencePoint>
                <SequencePoint vc="1" uspid="52615" ordinal="0" offset="71" sl="63" sc="5" el="63" ec="5" bec="0" bev="0" fileid="16">
                  <TrackedMethodRefs>
                    <TrackedMethodRef uid="1" vc="1" />
                  </TrackedMethodRefs>
                </SequencePoint>
                <SequencePoint vc="1" uspid="52616" ordinal="0" offset="79" sl="64" sc="5" el="64" ec="5" bec="0" bev="0" fileid="16">
                  <TrackedMethodRefs>
                    <TrackedMethodRef uid="1" vc="1" />
                  </TrackedMethodRefs>
                </SequencePoint>
                <SequencePoint vc="1" uspid="52617" ordinal="0" offset="87" sl="65" sc="5" el="65" ec="5" bec="0" bev="0" fileid="16">
                  <TrackedMethodRefs>
                    <TrackedMethodRef uid="1" vc="1" />
                  </TrackedMethodRefs>
                </SequencePoint>
                <SequencePoint vc="1" uspid="52618" ordinal="0" offset="95" sl="66" sc="5" el="66" ec="5" bec="0" bev="0" fileid="16">
                  <TrackedMethodRefs>
                    <TrackedMethodRef uid="1" vc="1" />
                  </TrackedMethodRefs>
                </SequencePoint>
                <SequencePoint vc="1" uspid="52619" ordinal="0" offset="103" sl="67" sc="5" el="67" ec="5" bec="0" bev="0" fileid="16">
                  <TrackedMethodRefs>
                    <TrackedMethodRef uid="1" vc="1" />
                  </TrackedMethodRefs>
                </SequencePoint>
                <SequencePoint vc="1" uspid="52620" ordinal="0" offset="111" sl="68" sc="5" el="68" ec="5" bec="0" bev="0" fileid="16">
                  <TrackedMethodRefs>
                    <TrackedMethodRef uid="1" vc="1" />
                  </TrackedMethodRefs>
                </SequencePoint>
                <SequencePoint vc="1" uspid="52621" ordinal="0" offset="119" sl="93" sc="5" el="93" ec="5" bec="0" bev="0" fileid="16">
                  <TrackedMethodRefs>
                    <TrackedMethodRef uid="1" vc="1" />
                  </TrackedMethodRefs>
                </SequencePoint>
                <SequencePoint vc="1" uspid="52622" ordinal="0" offset="126" sl="120" sc="55" el="120" ec="55" bec="0" bev="0" fileid="16">
                  <TrackedMethodRefs>
                    <TrackedMethodRef uid="1" vc="1" />
                  </TrackedMethodRefs>
                </SequencePoint>
                <SequencePoint vc="1" uspid="52623" ordinal="0" offset="133" sl="126" sc="53" el="126" ec="53" bec="0" bev="0" fileid="16">
                  <TrackedMethodRefs>
                    <TrackedMethodRef uid="1" vc="1" />
                  </TrackedMethodRefs>
                </SequencePoint>
                <SequencePoint vc="1" uspid="52624" ordinal="0" offset="141" sl="129" sc="22" el="129" ec="22" bec="0" bev="0" fileid="16">
                  <TrackedMethodRefs>
                    <TrackedMethodRef uid="1" vc="1" />
                  </TrackedMethodRefs>
                </SequencePoint>
                <SequencePoint vc="1" uspid="52625" ordinal="0" offset="152" sl="130" sc="5" el="130" ec="5" bec="0" bev="0" fileid="16">
                  <TrackedMethodRefs>
                    <TrackedMethodRef uid="1" vc="1" />
                  </TrackedMethodRefs>
                </SequencePoint>
              </SequencePoints>
              <BranchPoints />
            </Method>
          </Methods>
        </Class>
        <Class>
          <Summary numSequencePoints="2" visitedSequencePoints="2" numBranchPoints="0" visitedBranchPoints="0" sequenceCoverage="100.0" branchCoverage="0.0" maxCyclomaticComplexity="0" minCyclomaticComplexity="0" maxCrapScore="0" minCrapScore="0" visitedClasses="1" numClasses="1" visitedMethods="2" numMethods="2" />
          <FullName>GameSettings</FullName>
          <Methods>
            <Method visited="true" cyclomaticComplexity="0" nPathComplexity="0" sequenceCoverage="100.0" branchCoverage="0" crapScore="0" isConstructor="false" isStatic="true" isGetter="true" isSetter="false">
              <Summary numSequencePoints="1" visitedSequencePoints="1" numBranchPoints="0" visitedBranchPoints="0" sequenceCoverage="100.0" branchCoverage="0" maxCyclomaticComplexity="0" minCyclomaticComplexity="0" maxCrapScore="0" minCrapScore="0" visitedClasses="0" numClasses="0" visitedMethods="1" numMethods="1" />
              <MetadataToken>100663439</MetadataToken>
              <Name>static Difficulty GameSettings::get_SelectedDifficulty()</Name>
              <FileRef uid="17" />
              <SequencePoints>
                <SequencePoint vc="1" uspid="52626" ordinal="0" offset="0" sl="7" sc="51" el="7" ec="51" bec="0" bev="0" fileid="17">
                  <TrackedMethodRefs>
                    <TrackedMethodRef uid="1" vc="1" />
                  </TrackedMethodRefs>
                </SequencePoint>
              </SequencePoints>
              <BranchPoints />
            </Method>
            <Method visited="true" cyclomaticComplexity="0" nPathComplexity="0" sequenceCoverage="100.0" branchCoverage="0" crapScore="0" isConstructor="false" isStatic="true" isGetter="false" isSetter="true">
              <Summary numSequencePoints="1" visitedSequencePoints="1" numBranchPoints="0" visitedBranchPoints="0" sequenceCoverage="100.0" branchCoverage="0" maxCyclomaticComplexity="0" minCyclomaticComplexity="0" maxCrapScore="0" minCrapScore="0" visitedClasses="0" numClasses="0" visitedMethods="1" numMethods="1" />
              <MetadataToken>100663440</MetadataToken>
              <Name>static System.Void GameSettings::set_SelectedDifficulty(Difficulty)</Name>
              <FileRef uid="17" />
              <SequencePoints>
                <SequencePoint vc="2" uspid="52627" ordinal="0" offset="0" sl="7" sc="56" el="7" ec="56" bec="0" bev="0" fileid="17">
                  <TrackedMethodRefs>
                    <TrackedMethodRef uid="1" vc="2" />
                  </TrackedMethodRefs>
                </SequencePoint>
              </SequencePoints>
              <BranchPoints />
            </Method>
          </Methods>
        </Class>
        <Class>
          <Summary numSequencePoints="8" visitedSequencePoints="8" numBranchPoints="0" visitedBranchPoints="0" sequenceCoverage="100.0" branchCoverage="0.0" maxCyclomaticComplexity="0" minCyclomaticComplexity="0" maxCrapScore="0" minCrapScore="0" visitedClasses="1" numClasses="1" visitedMethods="1" numMethods="1" />
          <FullName>Assets.Scripts.Model.Map.SafariMap</FullName>
          <Methods>
            <Method visited="true" cyclomaticComplexity="0" nPathComplexity="0" sequenceCoverage="100.0" branchCoverage="0" crapScore="0" isConstructor="true" isStatic="false" isGetter="false" isSetter="false">
              <Summary numSequencePoints="8" visitedSequencePoints="8" numBranchPoints="0" visitedBranchPoints="0" sequenceCoverage="100.0" branchCoverage="0" maxCyclomaticComplexity="0" minCyclomaticComplexity="0" maxCrapScore="0" minCrapScore="0" visitedClasses="0" numClasses="0" visitedMethods="1" numMethods="1" />
              <MetadataToken>100663557</MetadataToken>
              <Name>Assets.Scripts.Model.Map.SafariMap::SafariMap()</Name>
              <FileRef uid="29" />
              <SequencePoints>
                <SequencePoint vc="1" uspid="53794" ordinal="0" offset="0" sl="41" sc="9" el="41" ec="9" bec="0" bev="0" fileid="29">
                  <TrackedMethodRefs>
                    <TrackedMethodRef uid="1" vc="1" />
                  </TrackedMethodRefs>
                </SequencePoint>
                <SequencePoint vc="1" uspid="53795" ordinal="0" offset="21" sl="43" sc="59" el="43" ec="59" bec="0" bev="0" fileid="29">
                  <TrackedMethodRefs>
                    <TrackedMethodRef uid="1" vc="1" />
                  </TrackedMethodRefs>
                </SequencePoint>
                <SequencePoint vc="1" uspid="53796" ordinal="0" offset="32" sl="44" sc="9" el="44" ec="9" bec="0" bev="0" fileid="29">
                  <TrackedMethodRefs>
                    <TrackedMethodRef uid="1" vc="1" />
                  </TrackedMethodRefs>
                </SequencePoint>
                <SequencePoint vc="1" uspid="53797" ordinal="0" offset="43" sl="45" sc="9" el="45" ec="9" bec="0" bev="0" fileid="29">
                  <TrackedMethodRefs>
                    <TrackedMethodRef uid="1" vc="1" />
                  </TrackedMethodRefs>
                </SequencePoint>
                <SequencePoint vc="1" uspid="53798" ordinal="0" offset="54" sl="46" sc="9" el="46" ec="9" bec="0" bev="0" fileid="29">
                  <TrackedMethodRefs>
                    <TrackedMethodRef uid="1" vc="1" />
                  </TrackedMethodRefs>
                </SequencePoint>
                <SequencePoint vc="1" uspid="53799" ordinal="0" offset="65" sl="49" sc="9" el="49" ec="9" bec="0" bev="0" fileid="29">
                  <TrackedMethodRefs>
                    <TrackedMethodRef uid="1" vc="1" />
                  </TrackedMethodRefs>
                </SequencePoint>
                <SequencePoint vc="1" uspid="53800" ordinal="0" offset="76" sl="51" sc="9" el="51" ec="9" bec="0" bev="0" fileid="29">
                  <TrackedMethodRefs>
                    <TrackedMethodRef uid="1" vc="1" />
                  </TrackedMethodRefs>
                </SequencePoint>
                <SequencePoint vc="1" uspid="53801" ordinal="0" offset="83" sl="52" sc="9" el="52" ec="9" bec="0" bev="0" fileid="29">
                  <TrackedMethodRefs>
                    <TrackedMethodRef uid="1" vc="1" />
                  </TrackedMethodRefs>
                </SequencePoint>
              </SequencePoints>
              <BranchPoints />
            </Method>
          </Methods>
        </Class>
      </Classes>
      <TrackedMethods>
        <TrackedMethod uid="1" token="100663318" name="System.Void GameManagerEditModeTests::Start_SetsValuesCorrectly_ForEasyDifficulty()" strategy="Test" />
      </TrackedMethods>
    </Module>
  </Modules>
</CoverageSession>