<?xml version="1.0" encoding="utf-8"?>
<CoverageSession xmlns:xsd="http://www.w3.org/2001/XMLSchema" xmlns:xsi="http://www.w3.org/2001/XMLSchema-instance" Version="0.0.0.0">
  <Summary numSequencePoints="63" visitedSequencePoints="63" numBranchPoints="0" visitedBranchPoints="0" sequenceCoverage="100.0" branchCoverage="0.0" maxCyclomaticComplexity="0" minCyclomaticComplexity="0" maxCrapScore="0" minCrapScore="0" visitedClasses="3" numClasses="4" visitedMethods="9" numMethods="9" />
  <Modules>
    <Module>
      <Summary numSequencePoints="49" visitedSequencePoints="49" numBranchPoints="0" visitedBranchPoints="0" sequenceCoverage="100.0" branchCoverage="0.0" maxCyclomaticComplexity="0" minCyclomaticComplexity="0" maxCrapScore="0" minCrapScore="0" visitedClasses="1" numClasses="2" visitedMethods="2" numMethods="2" />
      <ModuleTime>0001-01-01T00:00:00</ModuleTime>
      <ModuleName>EditMode</ModuleName>
      <Files>
        <File uid="1" fullPath="C:/Users/Bali/Desktop/ELTE/24-25_2/SzoftTech/src/hunor-profetai/Assets/Scripts/Tests/EditMode/Entities/AnimalTest.cs" />
        <File uid="2" fullPath="C:/Users/Bali/Desktop/ELTE/24-25_2/SzoftTech/src/hunor-profetai/Assets/Scripts/Tests/EditMode/Entities/JeepTest.cs" />
        <File uid="3" fullPath="C:/Users/Bali/Desktop/ELTE/24-25_2/SzoftTech/src/hunor-profetai/Assets/Scripts/Tests/EditMode/Entities/SlowZTest.cs" />
        <File uid="4" fullPath="C:/Users/Bali/Desktop/ELTE/24-25_2/SzoftTech/src/hunor-profetai/Assets/Scripts/Tests/EditMode/GameManagerEditTest.cs" />
        <File uid="5" fullPath="C:/Users/Bali/Desktop/ELTE/24-25_2/SzoftTech/src/hunor-profetai/Assets/Scripts/Tests/EditMode/Map/MinimapTests.cs" />
        <File uid="6" fullPath="C:/Users/Bali/Desktop/ELTE/24-25_2/SzoftTech/src/hunor-profetai/Assets/Scripts/Tests/EditMode/Map/SafariMapTests.cs" />
        <File uid="7" fullPath="C:/Users/Bali/Desktop/ELTE/24-25_2/SzoftTech/src/hunor-profetai/Assets/Scripts/Tests/EditMode/Map/TileTests.cs" />
        <File uid="8" fullPath="C:/Users/Bali/Desktop/ELTE/24-25_2/SzoftTech/src/hunor-profetai/Assets/Scripts/Tests/EditMode/SanityTest.cs" />
        <File uid="9" fullPath="C:/Users/Bali/Desktop/ELTE/24-25_2/SzoftTech/src/hunor-profetai/Assets/Scripts/Tests/EditMode/View/CameraManagerTests.cs" />
        <File uid="10" fullPath="C:/Users/Bali/Desktop/ELTE/24-25_2/SzoftTech/src/hunor-profetai/Assets/Scripts/Tests/EditMode/View/EnablePauseMenuTest.cs" />
      </Files>
      <Classes>
        <Class>
          <Summary numSequencePoints="0" visitedSequencePoints="0" numBranchPoints="0" visitedBranchPoints="0" sequenceCoverage="0" branchCoverage="0" maxCyclomaticComplexity="0" minCyclomaticComplexity="0" maxCrapScore="0" minCrapScore="0" visitedClasses="0" numClasses="1" visitedMethods="0" numMethods="0" />
          <FullName>GameManagerEditModeTests</FullName>
          <Methods />
        </Class>
        <Class>
          <Summary numSequencePoints="49" visitedSequencePoints="49" numBranchPoints="0" visitedBranchPoints="0" sequenceCoverage="100.0" branchCoverage="0.0" maxCyclomaticComplexity="0" minCyclomaticComplexity="0" maxCrapScore="0" minCrapScore="0" visitedClasses="1" numClasses="1" visitedMethods="2" numMethods="2" />
          <FullName>SafariMapTests</FullName>
          <Methods>
            <Method visited="true" cyclomaticComplexity="0" nPathComplexity="0" sequenceCoverage="100.0" branchCoverage="0" crapScore="0" isConstructor="false" isStatic="false" isGetter="false" isSetter="false">
              <Summary numSequencePoints="40" visitedSequencePoints="40" numBranchPoints="0" visitedBranchPoints="0" sequenceCoverage="100.0" branchCoverage="0" maxCyclomaticComplexity="0" minCyclomaticComplexity="0" maxCrapScore="0" minCrapScore="0" visitedClasses="0" numClasses="0" visitedMethods="1" numMethods="1" />
              <MetadataToken>100663335</MetadataToken>
              <Name>System.Void SafariMapTests::SetUp()</Name>
              <FileRef uid="6" />
              <SequencePoints>
                <SequencePoint vc="1" uspid="128254" ordinal="0" offset="0" sl="19" sc="5" el="19" ec="5" bec="0" bev="0" fileid="6">
                  <TrackedMethodRefs>
                    <TrackedMethodRef uid="0" vc="1" />
                  </TrackedMethodRefs>
                </SequencePoint>
                <SequencePoint vc="1" uspid="128255" ordinal="0" offset="1" sl="20" sc="9" el="20" ec="9" bec="0" bev="0" fileid="6">
                  <TrackedMethodRefs>
                    <TrackedMethodRef uid="0" vc="1" />
                  </TrackedMethodRefs>
                </SequencePoint>
                <SequencePoint vc="1" uspid="128256" ordinal="0" offset="12" sl="23" sc="9" el="23" ec="9" bec="0" bev="0" fileid="6">
                  <TrackedMethodRefs>
                    <TrackedMethodRef uid="0" vc="1" />
                  </TrackedMethodRefs>
                </SequencePoint>
                <SequencePoint vc="1" uspid="128257" ordinal="0" offset="37" sl="24" sc="9" el="24" ec="9" bec="0" bev="0" fileid="6">
                  <TrackedMethodRefs>
                    <TrackedMethodRef uid="0" vc="1" />
                  </TrackedMethodRefs>
                </SequencePoint>
                <SequencePoint vc="1" uspid="128258" ordinal="0" offset="53" sl="25" sc="9" el="25" ec="9" bec="0" bev="0" fileid="6">
                  <TrackedMethodRefs>
                    <TrackedMethodRef uid="0" vc="1" />
                  </TrackedMethodRefs>
                </SequencePoint>
                <SequencePoint vc="1" uspid="128259" ordinal="0" offset="70" sl="26" sc="9" el="26" ec="9" bec="0" bev="0" fileid="6">
                  <TrackedMethodRefs>
                    <TrackedMethodRef uid="0" vc="1" />
                  </TrackedMethodRefs>
                </SequencePoint>
                <SequencePoint vc="1" uspid="128260" ordinal="0" offset="87" sl="29" sc="9" el="29" ec="9" bec="0" bev="0" fileid="6">
                  <TrackedMethodRefs>
                    <TrackedMethodRef uid="0" vc="1" />
                  </TrackedMethodRefs>
                </SequencePoint>
                <SequencePoint vc="1" uspid="128261" ordinal="0" offset="98" sl="30" sc="9" el="30" ec="9" bec="0" bev="0" fileid="6">
                  <TrackedMethodRefs>
                    <TrackedMethodRef uid="0" vc="1" />
                  </TrackedMethodRefs>
                </SequencePoint>
                <SequencePoint vc="1" uspid="128262" ordinal="0" offset="117" sl="31" sc="9" el="31" ec="9" bec="0" bev="0" fileid="6">
                  <TrackedMethodRefs>
                    <TrackedMethodRef uid="0" vc="1" />
                  </TrackedMethodRefs>
                </SequencePoint>
                <SequencePoint vc="1" uspid="128263" ordinal="0" offset="136" sl="32" sc="9" el="32" ec="9" bec="0" bev="0" fileid="6">
                  <TrackedMethodRefs>
                    <TrackedMethodRef uid="0" vc="1" />
                  </TrackedMethodRefs>
                </SequencePoint>
                <SequencePoint vc="1" uspid="128264" ordinal="0" offset="155" sl="33" sc="9" el="33" ec="9" bec="0" bev="0" fileid="6">
                  <TrackedMethodRefs>
                    <TrackedMethodRef uid="0" vc="1" />
                  </TrackedMethodRefs>
                </SequencePoint>
                <SequencePoint vc="1" uspid="128265" ordinal="0" offset="174" sl="34" sc="9" el="34" ec="9" bec="0" bev="0" fileid="6">
                  <TrackedMethodRefs>
                    <TrackedMethodRef uid="0" vc="1" />
                  </TrackedMethodRefs>
                </SequencePoint>
                <SequencePoint vc="1" uspid="128266" ordinal="0" offset="194" sl="36" sc="9" el="36" ec="9" bec="0" bev="0" fileid="6">
                  <TrackedMethodRefs>
                    <TrackedMethodRef uid="0" vc="1" />
                  </TrackedMethodRefs>
                </SequencePoint>
                <SequencePoint vc="1" uspid="128267" ordinal="0" offset="205" sl="37" sc="9" el="37" ec="9" bec="0" bev="0" fileid="6">
                  <TrackedMethodRefs>
                    <TrackedMethodRef uid="0" vc="1" />
                  </TrackedMethodRefs>
                </SequencePoint>
                <SequencePoint vc="1" uspid="128268" ordinal="0" offset="217" sl="41" sc="9" el="41" ec="9" bec="0" bev="0" fileid="6">
                  <TrackedMethodRefs>
                    <TrackedMethodRef uid="0" vc="1" />
                  </TrackedMethodRefs>
                </SequencePoint>
                <SequencePoint vc="1" uspid="128269" ordinal="0" offset="233" sl="42" sc="9" el="42" ec="9" bec="0" bev="0" fileid="6">
                  <TrackedMethodRefs>
                    <TrackedMethodRef uid="0" vc="1" />
                  </TrackedMethodRefs>
                </SequencePoint>
                <SequencePoint vc="1" uspid="128270" ordinal="0" offset="245" sl="44" sc="9" el="44" ec="9" bec="0" bev="0" fileid="6">
                  <TrackedMethodRefs>
                    <TrackedMethodRef uid="0" vc="1" />
                  </TrackedMethodRefs>
                </SequencePoint>
                <SequencePoint vc="1" uspid="128271" ordinal="0" offset="261" sl="45" sc="9" el="45" ec="9" bec="0" bev="0" fileid="6">
                  <TrackedMethodRefs>
                    <TrackedMethodRef uid="0" vc="1" />
                  </TrackedMethodRefs>
                </SequencePoint>
                <SequencePoint vc="1" uspid="128272" ordinal="0" offset="273" sl="47" sc="9" el="47" ec="9" bec="0" bev="0" fileid="6">
                  <TrackedMethodRefs>
                    <TrackedMethodRef uid="0" vc="1" />
                  </TrackedMethodRefs>
                </SequencePoint>
                <SequencePoint vc="1" uspid="128273" ordinal="0" offset="289" sl="48" sc="9" el="48" ec="9" bec="0" bev="0" fileid="6">
                  <TrackedMethodRefs>
                    <TrackedMethodRef uid="0" vc="1" />
                  </TrackedMethodRefs>
                </SequencePoint>
                <SequencePoint vc="1" uspid="128274" ordinal="0" offset="301" sl="50" sc="9" el="50" ec="9" bec="0" bev="0" fileid="6">
                  <TrackedMethodRefs>
                    <TrackedMethodRef uid="0" vc="1" />
                  </TrackedMethodRefs>
                </SequencePoint>
                <SequencePoint vc="1" uspid="128275" ordinal="0" offset="318" sl="51" sc="9" el="51" ec="9" bec="0" bev="0" fileid="6">
                  <TrackedMethodRefs>
                    <TrackedMethodRef uid="0" vc="1" />
                  </TrackedMethodRefs>
                </SequencePoint>
                <SequencePoint vc="1" uspid="128276" ordinal="0" offset="335" sl="52" sc="9" el="52" ec="9" bec="0" bev="0" fileid="6">
                  <TrackedMethodRefs>
                    <TrackedMethodRef uid="0" vc="1" />
                  </TrackedMethodRefs>
                </SequencePoint>
                <SequencePoint vc="1" uspid="128277" ordinal="0" offset="364" sl="54" sc="9" el="54" ec="9" bec="0" bev="0" fileid="6">
                  <TrackedMethodRefs>
                    <TrackedMethodRef uid="0" vc="1" />
                  </TrackedMethodRefs>
                </SequencePoint>
                <SequencePoint vc="1" uspid="128278" ordinal="0" offset="380" sl="55" sc="14" el="55" ec="14" bec="0" bev="0" fileid="6">
                  <TrackedMethodRefs>
                    <TrackedMethodRef uid="0" vc="1" />
                  </TrackedMethodRefs>
                </SequencePoint>
                <SequencePoint vc="160" uspid="128279" ordinal="0" offset="384" sl="56" sc="9" el="56" ec="9" bec="0" bev="0" fileid="6">
                  <TrackedMethodRefs>
                    <TrackedMethodRef uid="0" vc="160" />
                  </TrackedMethodRefs>
                </SequencePoint>
                <SequencePoint vc="160" uspid="128280" ordinal="0" offset="385" sl="57" sc="13" el="57" ec="13" bec="0" bev="0" fileid="6">
                  <TrackedMethodRefs>
                    <TrackedMethodRef uid="0" vc="160" />
                  </TrackedMethodRefs>
                </SequencePoint>
                <SequencePoint vc="160" uspid="128281" ordinal="0" offset="391" sl="58" sc="18" el="58" ec="18" bec="0" bev="0" fileid="6">
                  <TrackedMethodRefs>
                    <TrackedMethodRef uid="0" vc="160" />
                  </TrackedMethodRefs>
                </SequencePoint>
                <SequencePoint vc="14400" uspid="128282" ordinal="0" offset="396" sl="59" sc="13" el="59" ec="13" bec="0" bev="0" fileid="6">
                  <TrackedMethodRefs>
                    <TrackedMethodRef uid="0" vc="14400" />
                  </TrackedMethodRefs>
                </SequencePoint>
                <SequencePoint vc="14400" uspid="128283" ordinal="0" offset="397" sl="60" sc="17" el="60" ec="17" bec="0" bev="0" fileid="6">
                  <TrackedMethodRefs>
                    <TrackedMethodRef uid="0" vc="14400" />
                  </TrackedMethodRefs>
                </SequencePoint>
                <SequencePoint vc="14400" uspid="128284" ordinal="0" offset="409" sl="61" sc="17" el="61" ec="17" bec="0" bev="0" fileid="6">
                  <TrackedMethodRefs>
                    <TrackedMethodRef uid="0" vc="14400" />
                  </TrackedMethodRefs>
                </SequencePoint>
                <SequencePoint vc="14400" uspid="128285" ordinal="0" offset="417" sl="62" sc="17" el="62" ec="17" bec="0" bev="0" fileid="6">
                  <TrackedMethodRefs>
                    <TrackedMethodRef uid="0" vc="14400" />
                  </TrackedMethodRefs>
                </SequencePoint>
                <SequencePoint vc="14400" uspid="128286" ordinal="0" offset="426" sl="63" sc="13" el="63" ec="13" bec="0" bev="0" fileid="6">
                  <TrackedMethodRefs>
                    <TrackedMethodRef uid="0" vc="14400" />
                  </TrackedMethodRefs>
                </SequencePoint>
                <SequencePoint vc="14400" uspid="128287" ordinal="0" offset="427" sl="58" sc="37" el="58" ec="37" bec="0" bev="0" fileid="6">
                  <TrackedMethodRefs>
                    <TrackedMethodRef uid="0" vc="14400" />
                  </TrackedMethodRefs>
                </SequencePoint>
                <SequencePoint vc="14560" uspid="128288" ordinal="0" offset="433" sl="58" sc="29" el="58" ec="29" bec="0" bev="0" fileid="6">
                  <TrackedMethodRefs>
                    <TrackedMethodRef uid="0" vc="14560" />
                  </TrackedMethodRefs>
                </SequencePoint>
                <SequencePoint vc="160" uspid="128289" ordinal="0" offset="445" sl="64" sc="13" el="64" ec="13" bec="0" bev="0" fileid="6">
                  <TrackedMethodRefs>
                    <TrackedMethodRef uid="0" vc="160" />
                  </TrackedMethodRefs>
                </SequencePoint>
                <SequencePoint vc="160" uspid="128290" ordinal="0" offset="463" sl="65" sc="9" el="65" ec="9" bec="0" bev="0" fileid="6">
                  <TrackedMethodRefs>
                    <TrackedMethodRef uid="0" vc="160" />
                  </TrackedMethodRefs>
                </SequencePoint>
                <SequencePoint vc="160" uspid="128291" ordinal="0" offset="464" sl="55" sc="33" el="55" ec="33" bec="0" bev="0" fileid="6">
                  <TrackedMethodRefs>
                    <TrackedMethodRef uid="0" vc="160" />
                  </TrackedMethodRefs>
                </SequencePoint>
                <SequencePoint vc="161" uspid="128292" ordinal="0" offset="468" sl="55" sc="25" el="55" ec="25" bec="0" bev="0" fileid="6">
                  <TrackedMethodRefs>
                    <TrackedMethodRef uid="0" vc="161" />
                  </TrackedMethodRefs>
                </SequencePoint>
                <SequencePoint vc="1" uspid="128293" ordinal="0" offset="482" sl="66" sc="5" el="66" ec="5" bec="0" bev="0" fileid="6">
                  <TrackedMethodRefs>
                    <TrackedMethodRef uid="0" vc="1" />
                  </TrackedMethodRefs>
                </SequencePoint>
              </SequencePoints>
              <BranchPoints />
            </Method>
            <Method visited="true" cyclomaticComplexity="0" nPathComplexity="0" sequenceCoverage="100.0" branchCoverage="0" crapScore="0" isConstructor="false" isStatic="false" isGetter="false" isSetter="false">
              <Summary numSequencePoints="9" visitedSequencePoints="9" numBranchPoints="0" visitedBranchPoints="0" sequenceCoverage="100.0" branchCoverage="0" maxCyclomaticComplexity="0" minCyclomaticComplexity="0" maxCrapScore="0" minCrapScore="0" visitedClasses="0" numClasses="0" visitedMethods="1" numMethods="1" />
              <MetadataToken>100663342</MetadataToken>
              <Name>System.Void SafariMapTests::Test_IsMainBuilding_ReturnsTrueForMainBuildingTile()</Name>
              <FileRef uid="6" />
              <SequencePoints>
                <SequencePoint vc="1" uspid="128355" ordinal="0" offset="0" sl="173" sc="5" el="173" ec="5" bec="0" bev="0" fileid="6">
                  <TrackedMethodRefs>
                    <TrackedMethodRef uid="0" vc="1" />
                  </TrackedMethodRefs>
                </SequencePoint>
                <SequencePoint vc="1" uspid="128356" ordinal="0" offset="1" sl="177" sc="9" el="177" ec="9" bec="0" bev="0" fileid="6">
                  <TrackedMethodRefs>
                    <TrackedMethodRef uid="0" vc="1" />
                  </TrackedMethodRefs>
                </SequencePoint>
                <SequencePoint vc="1" uspid="128357" ordinal="0" offset="18" sl="178" sc="9" el="178" ec="9" bec="0" bev="0" fileid="6">
                  <TrackedMethodRefs>
                    <TrackedMethodRef uid="0" vc="1" />
                  </TrackedMethodRefs>
                </SequencePoint>
                <SequencePoint vc="1" uspid="128358" ordinal="0" offset="49" sl="179" sc="9" el="179" ec="9" bec="0" bev="0" fileid="6">
                  <TrackedMethodRefs>
                    <TrackedMethodRef uid="0" vc="1" />
                  </TrackedMethodRefs>
                </SequencePoint>
                <SequencePoint vc="1" uspid="128359" ordinal="0" offset="80" sl="180" sc="9" el="180" ec="9" bec="0" bev="0" fileid="6">
                  <TrackedMethodRefs>
                    <TrackedMethodRef uid="0" vc="1" />
                  </TrackedMethodRefs>
                </SequencePoint>
                <SequencePoint vc="1" uspid="128360" ordinal="0" offset="88" sl="183" sc="9" el="183" ec="9" bec="0" bev="0" fileid="6">
                  <TrackedMethodRefs>
                    <TrackedMethodRef uid="0" vc="1" />
                  </TrackedMethodRefs>
                </SequencePoint>
                <SequencePoint vc="1" uspid="128361" ordinal="0" offset="114" sl="184" sc="9" el="184" ec="9" bec="0" bev="0" fileid="6">
                  <TrackedMethodRefs>
                    <TrackedMethodRef uid="0" vc="1" />
                  </TrackedMethodRefs>
                </SequencePoint>
                <SequencePoint vc="1" uspid="128362" ordinal="0" offset="121" sl="186" sc="9" el="186" ec="9" bec="0" bev="0" fileid="6">
                  <TrackedMethodRefs>
                    <TrackedMethodRef uid="0" vc="1" />
                  </TrackedMethodRefs>
                </SequencePoint>
                <SequencePoint vc="1" uspid="128363" ordinal="0" offset="154" sl="187" sc="5" el="187" ec="5" bec="0" bev="0" fileid="6">
                  <TrackedMethodRefs>
                    <TrackedMethodRef uid="0" vc="1" />
                  </TrackedMethodRefs>
                </SequencePoint>
              </SequencePoints>
              <BranchPoints />
            </Method>
          </Methods>
        </Class>
      </Classes>
      <TrackedMethods>
        <TrackedMethod uid="0" token="100663342" name="System.Void SafariMapTests::Test_IsMainBuilding_ReturnsTrueForMainBuildingTile()" strategy="Test" />
      </TrackedMethods>
    </Module>
    <Module>
      <Summary numSequencePoints="14" visitedSequencePoints="14" numBranchPoints="0" visitedBranchPoints="0" sequenceCoverage="100.0" branchCoverage="0.0" maxCyclomaticComplexity="0" minCyclomaticComplexity="0" maxCrapScore="0" minCrapScore="0" visitedClasses="2" numClasses="2" visitedMethods="7" numMethods="7" />
      <ModuleTime>0001-01-01T00:00:00</ModuleTime>
      <ModuleName>ModelRef</ModuleName>
      <Files>
        <File uid="11" fullPath="C:/Users/Bali/Desktop/ELTE/24-25_2/SzoftTech/src/hunor-profetai/Assets/Scripts/Model/AnimalScripts/Animal.cs" />
        <File uid="12" fullPath="C:/Users/Bali/Desktop/ELTE/24-25_2/SzoftTech/src/hunor-profetai/Assets/Scripts/Model/AnimalScripts/Carnivorous.cs" />
        <File uid="13" fullPath="C:/Users/Bali/Desktop/ELTE/24-25_2/SzoftTech/src/hunor-profetai/Assets/Scripts/Model/AnimalScripts/Herbivore.cs" />
        <File uid="14" fullPath="C:/Users/Bali/Desktop/ELTE/24-25_2/SzoftTech/src/hunor-profetai/Assets/Scripts/Model/AnimalScripts/Jeep.cs" />
        <File uid="15" fullPath="C:/Users/Bali/Desktop/ELTE/24-25_2/SzoftTech/src/hunor-profetai/Assets/Scripts/Model/AnimalScripts/SlowZoneHandler.cs" />
        <File uid="16" fullPath="C:/Users/Bali/Desktop/ELTE/24-25_2/SzoftTech/src/hunor-profetai/Assets/Scripts/Model/GameManager.cs" />
        <File uid="17" fullPath="C:/Users/Bali/Desktop/ELTE/24-25_2/SzoftTech/src/hunor-profetai/Assets/Scripts/Model/GameSettings.cs" />
        <File uid="18" fullPath="C:/Users/Bali/Desktop/ELTE/24-25_2/SzoftTech/src/hunor-profetai/Assets/Scripts/Model/Map/Tile.cs" />
        <File uid="19" fullPath="C:/Users/Bali/Desktop/ELTE/24-25_2/SzoftTech/src/hunor-profetai/Assets/Scripts/Model/ShopElement.cs" />
        <File uid="20" fullPath="C:/Users/Bali/Desktop/ELTE/24-25_2/SzoftTech/src/hunor-profetai/Assets/Scripts/View/CameraManager.cs" />
        <File uid="21" fullPath="C:/Users/Bali/Desktop/ELTE/24-25_2/SzoftTech/src/hunor-profetai/Assets/Scripts/View/Draggable.cs" />
        <File uid="22" fullPath="C:/Users/Bali/Desktop/ELTE/24-25_2/SzoftTech/src/hunor-profetai/Assets/Scripts/View/EnablePauseMenu.cs" />
        <File uid="23" fullPath="C:/Users/Bali/Desktop/ELTE/24-25_2/SzoftTech/src/hunor-profetai/Assets/Scripts/View/EndPopUpUiScript.cs" />
        <File uid="24" fullPath="C:/Users/Bali/Desktop/ELTE/24-25_2/SzoftTech/src/hunor-profetai/Assets/Scripts/View/GameUIButtonsManager.cs" />
        <File uid="25" fullPath="C:/Users/Bali/Desktop/ELTE/24-25_2/SzoftTech/src/hunor-profetai/Assets/Scripts/View/InspectionManager.cs" />
        <File uid="26" fullPath="C:/Users/Bali/Desktop/ELTE/24-25_2/SzoftTech/src/hunor-profetai/Assets/Scripts/View/MainMenu.cs" />
        <File uid="27" fullPath="C:/Users/Bali/Desktop/ELTE/24-25_2/SzoftTech/src/hunor-profetai/Assets/Scripts/View/PauseMenu.cs" />
        <File uid="28" fullPath="C:/Users/Bali/Desktop/ELTE/24-25_2/SzoftTech/src/hunor-profetai/Assets/Scripts/Model/Map/Minimap.cs" />
        <File uid="29" fullPath="C:/Users/Bali/Desktop/ELTE/24-25_2/SzoftTech/src/hunor-profetai/Assets/Scripts/Model/Map/SafariMap.cs" />
      </Files>
      <Classes>
        <Class>
          <Summary numSequencePoints="3" visitedSequencePoints="3" numBranchPoints="0" visitedBranchPoints="0" sequenceCoverage="100.0" branchCoverage="0.0" maxCyclomaticComplexity="0" minCyclomaticComplexity="0" maxCrapScore="0" minCrapScore="0" visitedClasses="1" numClasses="1" visitedMethods="3" numMethods="3" />
          <FullName>Tile</FullName>
          <Methods>
            <Method visited="true" cyclomaticComplexity="0" nPathComplexity="0" sequenceCoverage="100.0" branchCoverage="0" crapScore="0" isConstructor="false" isStatic="false" isGetter="true" isSetter="false">
              <Summary numSequencePoints="1" visitedSequencePoints="1" numBranchPoints="0" visitedBranchPoints="0" sequenceCoverage="100.0" branchCoverage="0" maxCyclomaticComplexity="0" minCyclomaticComplexity="0" maxCrapScore="0" minCrapScore="0" visitedClasses="0" numClasses="0" visitedMethods="1" numMethods="1" />
              <MetadataToken>100663441</MetadataToken>
              <Name>Tile/ShopType Tile::get_Type()</Name>
              <FileRef uid="18" />
              <SequencePoints>
                <SequencePoint vc="1" uspid="130069" ordinal="0" offset="0" sl="24" sc="32" el="24" ec="32" bec="0" bev="0" fileid="18">
                  <TrackedMethodRefs>
                    <TrackedMethodRef uid="1" vc="1" />
                  </TrackedMethodRefs>
                </SequencePoint>
              </SequencePoints>
              <BranchPoints />
            </Method>
            <Method visited="true" cyclomaticComplexity="0" nPathComplexity="0" sequenceCoverage="100.0" branchCoverage="0" crapScore="0" isConstructor="false" isStatic="false" isGetter="false" isSetter="true">
              <Summary numSequencePoints="1" visitedSequencePoints="1" numBranchPoints="0" visitedBranchPoints="0" sequenceCoverage="100.0" branchCoverage="0" maxCyclomaticComplexity="0" minCyclomaticComplexity="0" maxCrapScore="0" minCrapScore="0" visitedClasses="0" numClasses="0" visitedMethods="1" numMethods="1" />
              <MetadataToken>100663442</MetadataToken>
              <Name>System.Void Tile::set_Type(Tile/ShopType)</Name>
              <FileRef uid="18" />
              <SequencePoints>
                <SequencePoint vc="1" uspid="130070" ordinal="0" offset="0" sl="24" sc="37" el="24" ec="37" bec="0" bev="0" fileid="18">
                  <TrackedMethodRefs>
                    <TrackedMethodRef uid="1" vc="1" />
                  </TrackedMethodRefs>
                </SequencePoint>
              </SequencePoints>
              <BranchPoints />
            </Method>
            <Method visited="true" cyclomaticComplexity="0" nPathComplexity="0" sequenceCoverage="100.0" branchCoverage="0" crapScore="0" isConstructor="true" isStatic="false" isGetter="false" isSetter="false">
              <Summary numSequencePoints="1" visitedSequencePoints="1" numBranchPoints="0" visitedBranchPoints="0" sequenceCoverage="100.0" branchCoverage="0" maxCyclomaticComplexity="0" minCyclomaticComplexity="0" maxCrapScore="0" minCrapScore="0" visitedClasses="0" numClasses="0" visitedMethods="1" numMethods="1" />
              <MetadataToken>100663448</MetadataToken>
              <Name>Tile::Tile()</Name>
              <FileRef uid="18" />
              <SequencePoints>
                <SequencePoint vc="14404" uspid="130112" ordinal="0" offset="0" sl="23" sc="26" el="23" ec="26" bec="0" bev="0" fileid="18">
                  <TrackedMethodRefs>
                    <TrackedMethodRef uid="1" vc="14404" />
                  </TrackedMethodRefs>
                </SequencePoint>
              </SequencePoints>
              <BranchPoints />
            </Method>
          </Methods>
        </Class>
        <Class>
          <Summary numSequencePoints="11" visitedSequencePoints="11" numBranchPoints="0" visitedBranchPoints="0" sequenceCoverage="100.0" branchCoverage="0.0" maxCyclomaticComplexity="0" minCyclomaticComplexity="0" maxCrapScore="0" minCrapScore="0" visitedClasses="1" numClasses="1" visitedMethods="4" numMethods="4" />
          <FullName>Assets.Scripts.Model.Map.SafariMap</FullName>
          <Methods>
            <Method visited="true" cyclomaticComplexity="0" nPathComplexity="0" sequenceCoverage="100.0" branchCoverage="0" crapScore="0" isConstructor="false" isStatic="false" isGetter="true" isSetter="false">
              <Summary numSequencePoints="1" visitedSequencePoints="1" numBranchPoints="0" visitedBranchPoints="0" sequenceCoverage="100.0" branchCoverage="0" maxCyclomaticComplexity="0" minCyclomaticComplexity="0" maxCrapScore="0" minCrapScore="0" visitedClasses="0" numClasses="0" visitedMethods="1" numMethods="1" />
              <MetadataToken>100663534</MetadataToken>
              <Name>System.Collections.Generic.Dictionary[Int32,GameObject] Assets.Scripts.Model.Map.SafariMap::get_tileset()</Name>
              <FileRef uid="29" />
              <SequencePoints>
                <SequencePoint vc="5" uspid="130752" ordinal="0" offset="0" sl="12" sc="54" el="12" ec="54" bec="0" bev="0" fileid="29">
                  <TrackedMethodRefs>
                    <TrackedMethodRef uid="1" vc="5" />
                  </TrackedMethodRefs>
                </SequencePoint>
              </SequencePoints>
              <BranchPoints />
            </Method>
            <Method visited="true" cyclomaticComplexity="0" nPathComplexity="0" sequenceCoverage="100.0" branchCoverage="0" crapScore="0" isConstructor="false" isStatic="false" isGetter="false" isSetter="true">
              <Summary numSequencePoints="1" visitedSequencePoints="1" numBranchPoints="0" visitedBranchPoints="0" sequenceCoverage="100.0" branchCoverage="0" maxCyclomaticComplexity="0" minCyclomaticComplexity="0" maxCrapScore="0" minCrapScore="0" visitedClasses="0" numClasses="0" visitedMethods="1" numMethods="1" />
              <MetadataToken>100663535</MetadataToken>
              <Name>System.Void Assets.Scripts.Model.Map.SafariMap::set_tileset(System.Collections.Generic.Dictionary[Int32,GameObject])</Name>
              <FileRef uid="29" />
              <SequencePoints>
                <SequencePoint vc="1" uspid="130753" ordinal="0" offset="0" sl="12" sc="59" el="12" ec="59" bec="0" bev="0" fileid="29">
                  <TrackedMethodRefs>
                    <TrackedMethodRef uid="1" vc="1" />
                  </TrackedMethodRefs>
                </SequencePoint>
              </SequencePoints>
              <BranchPoints />
            </Method>
            <Method visited="true" cyclomaticComplexity="0" nPathComplexity="0" sequenceCoverage="100.0" branchCoverage="0" crapScore="0" isConstructor="false" isStatic="false" isGetter="false" isSetter="true">
              <Summary numSequencePoints="1" visitedSequencePoints="1" numBranchPoints="0" visitedBranchPoints="0" sequenceCoverage="100.0" branchCoverage="0" maxCyclomaticComplexity="0" minCyclomaticComplexity="0" maxCrapScore="0" minCrapScore="0" visitedClasses="0" numClasses="0" visitedMethods="1" numMethods="1" />
              <MetadataToken>100663537</MetadataToken>
              <Name>System.Void Assets.Scripts.Model.Map.SafariMap::set_noise_grid(System.Collections.Generic.List[List`1])</Name>
              <FileRef uid="29" />
              <SequencePoints>
                <SequencePoint vc="1" uspid="130755" ordinal="0" offset="0" sl="43" sc="50" el="43" ec="50" bec="0" bev="0" fileid="29">
                  <TrackedMethodRefs>
                    <TrackedMethodRef uid="1" vc="1" />
                  </TrackedMethodRefs>
                </SequencePoint>
              </SequencePoints>
              <BranchPoints />
            </Method>
            <Method visited="true" cyclomaticComplexity="0" nPathComplexity="0" sequenceCoverage="100.0" branchCoverage="0" crapScore="0" isConstructor="true" isStatic="false" isGetter="false" isSetter="false">
              <Summary numSequencePoints="8" visitedSequencePoints="8" numBranchPoints="0" visitedBranchPoints="0" sequenceCoverage="100.0" branchCoverage="0" maxCyclomaticComplexity="0" minCyclomaticComplexity="0" maxCrapScore="0" minCrapScore="0" visitedClasses="0" numClasses="0" visitedMethods="1" numMethods="1" />
              <MetadataToken>100663557</MetadataToken>
              <Name>Assets.Scripts.Model.Map.SafariMap::SafariMap()</Name>
              <FileRef uid="29" />
              <SequencePoints>
                <SequencePoint vc="2" uspid="131235" ordinal="0" offset="0" sl="41" sc="9" el="41" ec="9" bec="0" bev="0" fileid="29">
                  <TrackedMethodRefs>
                    <TrackedMethodRef uid="1" vc="2" />
                  </TrackedMethodRefs>
                </SequencePoint>
                <SequencePoint vc="2" uspid="131236" ordinal="0" offset="21" sl="43" sc="59" el="43" ec="59" bec="0" bev="0" fileid="29">
                  <TrackedMethodRefs>
                    <TrackedMethodRef uid="1" vc="2" />
                  </TrackedMethodRefs>
                </SequencePoint>
                <SequencePoint vc="2" uspid="131237" ordinal="0" offset="32" sl="44" sc="9" el="44" ec="9" bec="0" bev="0" fileid="29">
                  <TrackedMethodRefs>
                    <TrackedMethodRef uid="1" vc="2" />
                  </TrackedMethodRefs>
                </SequencePoint>
                <SequencePoint vc="2" uspid="131238" ordinal="0" offset="43" sl="45" sc="9" el="45" ec="9" bec="0" bev="0" fileid="29">
                  <TrackedMethodRefs>
                    <TrackedMethodRef uid="1" vc="2" />
                  </TrackedMethodRefs>
                </SequencePoint>
                <SequencePoint vc="2" uspid="131239" ordinal="0" offset="54" sl="46" sc="9" el="46" ec="9" bec="0" bev="0" fileid="29">
                  <TrackedMethodRefs>
                    <TrackedMethodRef uid="1" vc="2" />
                  </TrackedMethodRefs>
                </SequencePoint>
                <SequencePoint vc="2" uspid="131240" ordinal="0" offset="65" sl="49" sc="9" el="49" ec="9" bec="0" bev="0" fileid="29">
                  <TrackedMethodRefs>
                    <TrackedMethodRef uid="1" vc="2" />
                  </TrackedMethodRefs>
                </SequencePoint>
                <SequencePoint vc="2" uspid="131241" ordinal="0" offset="76" sl="51" sc="9" el="51" ec="9" bec="0" bev="0" fileid="29">
                  <TrackedMethodRefs>
                    <TrackedMethodRef uid="1" vc="2" />
                  </TrackedMethodRefs>
                </SequencePoint>
                <SequencePoint vc="2" uspid="131242" ordinal="0" offset="83" sl="52" sc="9" el="52" ec="9" bec="0" bev="0" fileid="29">
                  <TrackedMethodRefs>
                    <TrackedMethodRef uid="1" vc="2" />
                  </TrackedMethodRefs>
                </SequencePoint>
              </SequencePoints>
              <BranchPoints />
            </Method>
          </Methods>
        </Class>
      </Classes>
      <TrackedMethods>
        <TrackedMethod uid="1" token="100663342" name="System.Void SafariMapTests::Test_IsMainBuilding_ReturnsTrueForMainBuildingTile()" strategy="Test" />
      </TrackedMethods>
    </Module>
  </Modules>
</CoverageSession>