<?xml version="1.0" encoding="utf-8"?>
<CoverageSession xmlns:xsd="http://www.w3.org/2001/XMLSchema" xmlns:xsi="http://www.w3.org/2001/XMLSchema-instance" Version="0.0.0.0">
  <Summary numSequencePoints="191" visitedSequencePoints="148" numBranchPoints="0" visitedBranchPoints="0" sequenceCoverage="77.49" branchCoverage="0.0" maxCyclomaticComplexity="0" minCyclomaticComplexity="0" maxCrapScore="0" minCrapScore="0" visitedClasses="3" numClasses="4" visitedMethods="14" numMethods="14" />
  <Modules>
    <Module>
      <Summary numSequencePoints="47" visitedSequencePoints="47" numBranchPoints="0" visitedBranchPoints="0" sequenceCoverage="100.0" branchCoverage="0.0" maxCyclomaticComplexity="0" minCyclomaticComplexity="0" maxCrapScore="0" minCrapScore="0" visitedClasses="1" numClasses="2" visitedMethods="2" numMethods="2" />
      <ModuleTime>0001-01-01T00:00:00</ModuleTime>
      <ModuleName>EditMode</ModuleName>
      <Files>
        <File uid="1" fullPath="C:/Users/Bali/Desktop/ELTE/24-25_2/SzoftTech/src/hunor-profetai/Assets/Scripts/Tests/EditMode/Entities/AnimalTest.cs" />
        <File uid="2" fullPath="C:/Users/Bali/Desktop/ELTE/24-25_2/SzoftTech/src/hunor-profetai/Assets/Scripts/Tests/EditMode/Entities/JeepTest.cs" />
        <File uid="3" fullPath="C:/Users/Bali/Desktop/ELTE/24-25_2/SzoftTech/src/hunor-profetai/Assets/Scripts/Tests/EditMode/Entities/SlowZTest.cs" />
        <File uid="4" fullPath="C:/Users/Bali/Desktop/ELTE/24-25_2/SzoftTech/src/hunor-profetai/Assets/Scripts/Tests/EditMode/GameManagerEditTest.cs" />
        <File uid="5" fullPath="C:/Users/Bali/Desktop/ELTE/24-25_2/SzoftTech/src/hunor-profetai/Assets/Scripts/Tests/EditMode/Map/MinimapTests.cs" />
        <File uid="6" fullPath="C:/Users/Bali/Desktop/ELTE/24-25_2/SzoftTech/src/hunor-profetai/Assets/Scripts/Tests/EditMode/Map/SafariMapTests.cs" />
        <File uid="7" fullPath="C:/Users/Bali/Desktop/ELTE/24-25_2/SzoftTech/src/hunor-profetai/Assets/Scripts/Tests/EditMode/Map/TileTests.cs" />
        <File uid="8" fullPath="C:/Users/Bali/Desktop/ELTE/24-25_2/SzoftTech/src/hunor-profetai/Assets/Scripts/Tests/EditMode/SanityTest.cs" />
        <File uid="9" fullPath="C:/Users/Bali/Desktop/ELTE/24-25_2/SzoftTech/src/hunor-profetai/Assets/Scripts/Tests/EditMode/View/CameraManagerTests.cs" />
        <File uid="10" fullPath="C:/Users/Bali/Desktop/ELTE/24-25_2/SzoftTech/src/hunor-profetai/Assets/Scripts/Tests/EditMode/View/EnablePauseMenuTest.cs" />
      </Files>
      <Classes>
        <Class>
          <Summary numSequencePoints="0" visitedSequencePoints="0" numBranchPoints="0" visitedBranchPoints="0" sequenceCoverage="0" branchCoverage="0" maxCyclomaticComplexity="0" minCyclomaticComplexity="0" maxCrapScore="0" minCrapScore="0" visitedClasses="0" numClasses="1" visitedMethods="0" numMethods="0" />
          <FullName>GameManagerEditModeTests</FullName>
          <Methods />
        </Class>
        <Class>
          <Summary numSequencePoints="47" visitedSequencePoints="47" numBranchPoints="0" visitedBranchPoints="0" sequenceCoverage="100.0" branchCoverage="0.0" maxCyclomaticComplexity="0" minCyclomaticComplexity="0" maxCrapScore="0" minCrapScore="0" visitedClasses="1" numClasses="1" visitedMethods="2" numMethods="2" />
          <FullName>SafariMapTests</FullName>
          <Methods>
            <Method visited="true" cyclomaticComplexity="0" nPathComplexity="0" sequenceCoverage="100.0" branchCoverage="0" crapScore="0" isConstructor="false" isStatic="false" isGetter="false" isSetter="false">
              <Summary numSequencePoints="40" visitedSequencePoints="40" numBranchPoints="0" visitedBranchPoints="0" sequenceCoverage="100.0" branchCoverage="0" maxCyclomaticComplexity="0" minCyclomaticComplexity="0" maxCrapScore="0" minCrapScore="0" visitedClasses="0" numClasses="0" visitedMethods="1" numMethods="1" />
              <MetadataToken>100663335</MetadataToken>
              <Name>System.Void SafariMapTests::SetUp()</Name>
              <FileRef uid="6" />
              <SequencePoints>
                <SequencePoint vc="1" uspid="134988" ordinal="0" offset="0" sl="19" sc="5" el="19" ec="5" bec="0" bev="0" fileid="6">
                  <TrackedMethodRefs>
                    <TrackedMethodRef uid="0" vc="1" />
                  </TrackedMethodRefs>
                </SequencePoint>
                <SequencePoint vc="1" uspid="134989" ordinal="0" offset="1" sl="20" sc="9" el="20" ec="9" bec="0" bev="0" fileid="6">
                  <TrackedMethodRefs>
                    <TrackedMethodRef uid="0" vc="1" />
                  </TrackedMethodRefs>
                </SequencePoint>
                <SequencePoint vc="1" uspid="134990" ordinal="0" offset="12" sl="23" sc="9" el="23" ec="9" bec="0" bev="0" fileid="6">
                  <TrackedMethodRefs>
                    <TrackedMethodRef uid="0" vc="1" />
                  </TrackedMethodRefs>
                </SequencePoint>
                <SequencePoint vc="1" uspid="134991" ordinal="0" offset="37" sl="24" sc="9" el="24" ec="9" bec="0" bev="0" fileid="6">
                  <TrackedMethodRefs>
                    <TrackedMethodRef uid="0" vc="1" />
                  </TrackedMethodRefs>
                </SequencePoint>
                <SequencePoint vc="1" uspid="134992" ordinal="0" offset="53" sl="25" sc="9" el="25" ec="9" bec="0" bev="0" fileid="6">
                  <TrackedMethodRefs>
                    <TrackedMethodRef uid="0" vc="1" />
                  </TrackedMethodRefs>
                </SequencePoint>
                <SequencePoint vc="1" uspid="134993" ordinal="0" offset="70" sl="26" sc="9" el="26" ec="9" bec="0" bev="0" fileid="6">
                  <TrackedMethodRefs>
                    <TrackedMethodRef uid="0" vc="1" />
                  </TrackedMethodRefs>
                </SequencePoint>
                <SequencePoint vc="1" uspid="134994" ordinal="0" offset="87" sl="29" sc="9" el="29" ec="9" bec="0" bev="0" fileid="6">
                  <TrackedMethodRefs>
                    <TrackedMethodRef uid="0" vc="1" />
                  </TrackedMethodRefs>
                </SequencePoint>
                <SequencePoint vc="1" uspid="134995" ordinal="0" offset="98" sl="30" sc="9" el="30" ec="9" bec="0" bev="0" fileid="6">
                  <TrackedMethodRefs>
                    <TrackedMethodRef uid="0" vc="1" />
                  </TrackedMethodRefs>
                </SequencePoint>
                <SequencePoint vc="1" uspid="134996" ordinal="0" offset="117" sl="31" sc="9" el="31" ec="9" bec="0" bev="0" fileid="6">
                  <TrackedMethodRefs>
                    <TrackedMethodRef uid="0" vc="1" />
                  </TrackedMethodRefs>
                </SequencePoint>
                <SequencePoint vc="1" uspid="134997" ordinal="0" offset="136" sl="32" sc="9" el="32" ec="9" bec="0" bev="0" fileid="6">
                  <TrackedMethodRefs>
                    <TrackedMethodRef uid="0" vc="1" />
                  </TrackedMethodRefs>
                </SequencePoint>
                <SequencePoint vc="1" uspid="134998" ordinal="0" offset="155" sl="33" sc="9" el="33" ec="9" bec="0" bev="0" fileid="6">
                  <TrackedMethodRefs>
                    <TrackedMethodRef uid="0" vc="1" />
                  </TrackedMethodRefs>
                </SequencePoint>
                <SequencePoint vc="1" uspid="134999" ordinal="0" offset="174" sl="34" sc="9" el="34" ec="9" bec="0" bev="0" fileid="6">
                  <TrackedMethodRefs>
                    <TrackedMethodRef uid="0" vc="1" />
                  </TrackedMethodRefs>
                </SequencePoint>
                <SequencePoint vc="1" uspid="135000" ordinal="0" offset="194" sl="36" sc="9" el="36" ec="9" bec="0" bev="0" fileid="6">
                  <TrackedMethodRefs>
                    <TrackedMethodRef uid="0" vc="1" />
                  </TrackedMethodRefs>
                </SequencePoint>
                <SequencePoint vc="1" uspid="135001" ordinal="0" offset="205" sl="37" sc="9" el="37" ec="9" bec="0" bev="0" fileid="6">
                  <TrackedMethodRefs>
                    <TrackedMethodRef uid="0" vc="1" />
                  </TrackedMethodRefs>
                </SequencePoint>
                <SequencePoint vc="1" uspid="135002" ordinal="0" offset="217" sl="41" sc="9" el="41" ec="9" bec="0" bev="0" fileid="6">
                  <TrackedMethodRefs>
                    <TrackedMethodRef uid="0" vc="1" />
                  </TrackedMethodRefs>
                </SequencePoint>
                <SequencePoint vc="1" uspid="135003" ordinal="0" offset="233" sl="42" sc="9" el="42" ec="9" bec="0" bev="0" fileid="6">
                  <TrackedMethodRefs>
                    <TrackedMethodRef uid="0" vc="1" />
                  </TrackedMethodRefs>
                </SequencePoint>
                <SequencePoint vc="1" uspid="135004" ordinal="0" offset="245" sl="44" sc="9" el="44" ec="9" bec="0" bev="0" fileid="6">
                  <TrackedMethodRefs>
                    <TrackedMethodRef uid="0" vc="1" />
                  </TrackedMethodRefs>
                </SequencePoint>
                <SequencePoint vc="1" uspid="135005" ordinal="0" offset="261" sl="45" sc="9" el="45" ec="9" bec="0" bev="0" fileid="6">
                  <TrackedMethodRefs>
                    <TrackedMethodRef uid="0" vc="1" />
                  </TrackedMethodRefs>
                </SequencePoint>
                <SequencePoint vc="1" uspid="135006" ordinal="0" offset="273" sl="47" sc="9" el="47" ec="9" bec="0" bev="0" fileid="6">
                  <TrackedMethodRefs>
                    <TrackedMethodRef uid="0" vc="1" />
                  </TrackedMethodRefs>
                </SequencePoint>
                <SequencePoint vc="1" uspid="135007" ordinal="0" offset="289" sl="48" sc="9" el="48" ec="9" bec="0" bev="0" fileid="6">
                  <TrackedMethodRefs>
                    <TrackedMethodRef uid="0" vc="1" />
                  </TrackedMethodRefs>
                </SequencePoint>
                <SequencePoint vc="1" uspid="135008" ordinal="0" offset="301" sl="50" sc="9" el="50" ec="9" bec="0" bev="0" fileid="6">
                  <TrackedMethodRefs>
                    <TrackedMethodRef uid="0" vc="1" />
                  </TrackedMethodRefs>
                </SequencePoint>
                <SequencePoint vc="1" uspid="135009" ordinal="0" offset="318" sl="51" sc="9" el="51" ec="9" bec="0" bev="0" fileid="6">
                  <TrackedMethodRefs>
                    <TrackedMethodRef uid="0" vc="1" />
                  </TrackedMethodRefs>
                </SequencePoint>
                <SequencePoint vc="1" uspid="135010" ordinal="0" offset="335" sl="52" sc="9" el="52" ec="9" bec="0" bev="0" fileid="6">
                  <TrackedMethodRefs>
                    <TrackedMethodRef uid="0" vc="1" />
                  </TrackedMethodRefs>
                </SequencePoint>
                <SequencePoint vc="1" uspid="135011" ordinal="0" offset="364" sl="54" sc="9" el="54" ec="9" bec="0" bev="0" fileid="6">
                  <TrackedMethodRefs>
                    <TrackedMethodRef uid="0" vc="1" />
                  </TrackedMethodRefs>
                </SequencePoint>
                <SequencePoint vc="1" uspid="135012" ordinal="0" offset="380" sl="55" sc="14" el="55" ec="14" bec="0" bev="0" fileid="6">
                  <TrackedMethodRefs>
                    <TrackedMethodRef uid="0" vc="1" />
                  </TrackedMethodRefs>
                </SequencePoint>
                <SequencePoint vc="160" uspid="135013" ordinal="0" offset="384" sl="56" sc="9" el="56" ec="9" bec="0" bev="0" fileid="6">
                  <TrackedMethodRefs>
                    <TrackedMethodRef uid="0" vc="160" />
                  </TrackedMethodRefs>
                </SequencePoint>
                <SequencePoint vc="160" uspid="135014" ordinal="0" offset="385" sl="57" sc="13" el="57" ec="13" bec="0" bev="0" fileid="6">
                  <TrackedMethodRefs>
                    <TrackedMethodRef uid="0" vc="160" />
                  </TrackedMethodRefs>
                </SequencePoint>
                <SequencePoint vc="160" uspid="135015" ordinal="0" offset="391" sl="58" sc="18" el="58" ec="18" bec="0" bev="0" fileid="6">
                  <TrackedMethodRefs>
                    <TrackedMethodRef uid="0" vc="160" />
                  </TrackedMethodRefs>
                </SequencePoint>
                <SequencePoint vc="14400" uspid="135016" ordinal="0" offset="396" sl="59" sc="13" el="59" ec="13" bec="0" bev="0" fileid="6">
                  <TrackedMethodRefs>
                    <TrackedMethodRef uid="0" vc="14400" />
                  </TrackedMethodRefs>
                </SequencePoint>
                <SequencePoint vc="14400" uspid="135017" ordinal="0" offset="397" sl="60" sc="17" el="60" ec="17" bec="0" bev="0" fileid="6">
                  <TrackedMethodRefs>
                    <TrackedMethodRef uid="0" vc="14400" />
                  </TrackedMethodRefs>
                </SequencePoint>
                <SequencePoint vc="14400" uspid="135018" ordinal="0" offset="409" sl="61" sc="17" el="61" ec="17" bec="0" bev="0" fileid="6">
                  <TrackedMethodRefs>
                    <TrackedMethodRef uid="0" vc="14400" />
                  </TrackedMethodRefs>
                </SequencePoint>
                <SequencePoint vc="14400" uspid="135019" ordinal="0" offset="417" sl="62" sc="17" el="62" ec="17" bec="0" bev="0" fileid="6">
                  <TrackedMethodRefs>
                    <TrackedMethodRef uid="0" vc="14400" />
                  </TrackedMethodRefs>
                </SequencePoint>
                <SequencePoint vc="14400" uspid="135020" ordinal="0" offset="426" sl="63" sc="13" el="63" ec="13" bec="0" bev="0" fileid="6">
                  <TrackedMethodRefs>
                    <TrackedMethodRef uid="0" vc="14400" />
                  </TrackedMethodRefs>
                </SequencePoint>
                <SequencePoint vc="14400" uspid="135021" ordinal="0" offset="427" sl="58" sc="37" el="58" ec="37" bec="0" bev="0" fileid="6">
                  <TrackedMethodRefs>
                    <TrackedMethodRef uid="0" vc="14400" />
                  </TrackedMethodRefs>
                </SequencePoint>
                <SequencePoint vc="14560" uspid="135022" ordinal="0" offset="433" sl="58" sc="29" el="58" ec="29" bec="0" bev="0" fileid="6">
                  <TrackedMethodRefs>
                    <TrackedMethodRef uid="0" vc="14560" />
                  </TrackedMethodRefs>
                </SequencePoint>
                <SequencePoint vc="160" uspid="135023" ordinal="0" offset="445" sl="64" sc="13" el="64" ec="13" bec="0" bev="0" fileid="6">
                  <TrackedMethodRefs>
                    <TrackedMethodRef uid="0" vc="160" />
                  </TrackedMethodRefs>
                </SequencePoint>
                <SequencePoint vc="160" uspid="135024" ordinal="0" offset="463" sl="65" sc="9" el="65" ec="9" bec="0" bev="0" fileid="6">
                  <TrackedMethodRefs>
                    <TrackedMethodRef uid="0" vc="160" />
                  </TrackedMethodRefs>
                </SequencePoint>
                <SequencePoint vc="160" uspid="135025" ordinal="0" offset="464" sl="55" sc="33" el="55" ec="33" bec="0" bev="0" fileid="6">
                  <TrackedMethodRefs>
                    <TrackedMethodRef uid="0" vc="160" />
                  </TrackedMethodRefs>
                </SequencePoint>
                <SequencePoint vc="161" uspid="135026" ordinal="0" offset="468" sl="55" sc="25" el="55" ec="25" bec="0" bev="0" fileid="6">
                  <TrackedMethodRefs>
                    <TrackedMethodRef uid="0" vc="161" />
                  </TrackedMethodRefs>
                </SequencePoint>
                <SequencePoint vc="1" uspid="135027" ordinal="0" offset="482" sl="66" sc="5" el="66" ec="5" bec="0" bev="0" fileid="6">
                  <TrackedMethodRefs>
                    <TrackedMethodRef uid="0" vc="1" />
                  </TrackedMethodRefs>
                </SequencePoint>
              </SequencePoints>
              <BranchPoints />
            </Method>
            <Method visited="true" cyclomaticComplexity="0" nPathComplexity="0" sequenceCoverage="100.0" branchCoverage="0" crapScore="0" isConstructor="false" isStatic="false" isGetter="false" isSetter="false">
              <Summary numSequencePoints="7" visitedSequencePoints="7" numBranchPoints="0" visitedBranchPoints="0" sequenceCoverage="100.0" branchCoverage="0" maxCyclomaticComplexity="0" minCyclomaticComplexity="0" maxCrapScore="0" minCrapScore="0" visitedClasses="0" numClasses="0" visitedMethods="1" numMethods="1" />
              <MetadataToken>100663340</MetadataToken>
              <Name>System.Void SafariMapTests::Test_IsRoad_ReturnsTrueForRoadTile()</Name>
              <FileRef uid="6" />
              <SequencePoints>
                <SequencePoint vc="1" uspid="135076" ordinal="0" offset="0" sl="149" sc="5" el="149" ec="5" bec="0" bev="0" fileid="6">
                  <TrackedMethodRefs>
                    <TrackedMethodRef uid="0" vc="1" />
                  </TrackedMethodRefs>
                </SequencePoint>
                <SequencePoint vc="1" uspid="135077" ordinal="0" offset="1" sl="150" sc="9" el="150" ec="9" bec="0" bev="0" fileid="6">
                  <TrackedMethodRefs>
                    <TrackedMethodRef uid="0" vc="1" />
                  </TrackedMethodRefs>
                </SequencePoint>
                <SequencePoint vc="1" uspid="135078" ordinal="0" offset="12" sl="151" sc="9" el="151" ec="9" bec="0" bev="0" fileid="6">
                  <TrackedMethodRefs>
                    <TrackedMethodRef uid="0" vc="1" />
                  </TrackedMethodRefs>
                </SequencePoint>
                <SequencePoint vc="1" uspid="135079" ordinal="0" offset="46" sl="154" sc="9" el="154" ec="9" bec="0" bev="0" fileid="6">
                  <TrackedMethodRefs>
                    <TrackedMethodRef uid="0" vc="1" />
                  </TrackedMethodRefs>
                </SequencePoint>
                <SequencePoint vc="1" uspid="135080" ordinal="0" offset="69" sl="155" sc="9" el="155" ec="9" bec="0" bev="0" fileid="6">
                  <TrackedMethodRefs>
                    <TrackedMethodRef uid="0" vc="1" />
                  </TrackedMethodRefs>
                </SequencePoint>
                <SequencePoint vc="1" uspid="135081" ordinal="0" offset="110" sl="157" sc="9" el="157" ec="9" bec="0" bev="0" fileid="6">
                  <TrackedMethodRefs>
                    <TrackedMethodRef uid="0" vc="1" />
                  </TrackedMethodRefs>
                </SequencePoint>
                <SequencePoint vc="1" uspid="135082" ordinal="0" offset="127" sl="158" sc="5" el="158" ec="5" bec="0" bev="0" fileid="6">
                  <TrackedMethodRefs>
                    <TrackedMethodRef uid="0" vc="1" />
                  </TrackedMethodRefs>
                </SequencePoint>
              </SequencePoints>
              <BranchPoints />
            </Method>
          </Methods>
        </Class>
      </Classes>
      <TrackedMethods>
        <TrackedMethod uid="0" token="100663340" name="System.Void SafariMapTests::Test_IsRoad_ReturnsTrueForRoadTile()" strategy="Test" />
      </TrackedMethods>
    </Module>
    <Module>
      <Summary numSequencePoints="144" visitedSequencePoints="101" numBranchPoints="0" visitedBranchPoints="0" sequenceCoverage="70.14" branchCoverage="0.0" maxCyclomaticComplexity="0" minCyclomaticComplexity="0" maxCrapScore="0" minCrapScore="0" visitedClasses="2" numClasses="2" visitedMethods="12" numMethods="12" />
      <ModuleTime>0001-01-01T00:00:00</ModuleTime>
      <ModuleName>ModelRef</ModuleName>
      <Files>
        <File uid="11" fullPath="C:/Users/Bali/Desktop/ELTE/24-25_2/SzoftTech/src/hunor-profetai/Assets/Scripts/Model/AnimalScripts/Animal.cs" />
        <File uid="12" fullPath="C:/Users/Bali/Desktop/ELTE/24-25_2/SzoftTech/src/hunor-profetai/Assets/Scripts/Model/AnimalScripts/Carnivorous.cs" />
        <File uid="13" fullPath="C:/Users/Bali/Desktop/ELTE/24-25_2/SzoftTech/src/hunor-profetai/Assets/Scripts/Model/AnimalScripts/Herbivore.cs" />
        <File uid="14" fullPath="C:/Users/Bali/Desktop/ELTE/24-25_2/SzoftTech/src/hunor-profetai/Assets/Scripts/Model/AnimalScripts/Jeep.cs" />
        <File uid="15" fullPath="C:/Users/Bali/Desktop/ELTE/24-25_2/SzoftTech/src/hunor-profetai/Assets/Scripts/Model/AnimalScripts/SlowZoneHandler.cs" />
        <File uid="16" fullPath="C:/Users/Bali/Desktop/ELTE/24-25_2/SzoftTech/src/hunor-profetai/Assets/Scripts/Model/GameManager.cs" />
        <File uid="17" fullPath="C:/Users/Bali/Desktop/ELTE/24-25_2/SzoftTech/src/hunor-profetai/Assets/Scripts/Model/GameSettings.cs" />
        <File uid="18" fullPath="C:/Users/Bali/Desktop/ELTE/24-25_2/SzoftTech/src/hunor-profetai/Assets/Scripts/Model/Map/Tile.cs" />
        <File uid="19" fullPath="C:/Users/Bali/Desktop/ELTE/24-25_2/SzoftTech/src/hunor-profetai/Assets/Scripts/Model/ShopElement.cs" />
        <File uid="20" fullPath="C:/Users/Bali/Desktop/ELTE/24-25_2/SzoftTech/src/hunor-profetai/Assets/Scripts/View/CameraManager.cs" />
        <File uid="21" fullPath="C:/Users/Bali/Desktop/ELTE/24-25_2/SzoftTech/src/hunor-profetai/Assets/Scripts/View/Draggable.cs" />
        <File uid="22" fullPath="C:/Users/Bali/Desktop/ELTE/24-25_2/SzoftTech/src/hunor-profetai/Assets/Scripts/View/EnablePauseMenu.cs" />
        <File uid="23" fullPath="C:/Users/Bali/Desktop/ELTE/24-25_2/SzoftTech/src/hunor-profetai/Assets/Scripts/View/EndPopUpUiScript.cs" />
        <File uid="24" fullPath="C:/Users/Bali/Desktop/ELTE/24-25_2/SzoftTech/src/hunor-profetai/Assets/Scripts/View/GameUIButtonsManager.cs" />
        <File uid="25" fullPath="C:/Users/Bali/Desktop/ELTE/24-25_2/SzoftTech/src/hunor-profetai/Assets/Scripts/View/InspectionManager.cs" />
        <File uid="26" fullPath="C:/Users/Bali/Desktop/ELTE/24-25_2/SzoftTech/src/hunor-profetai/Assets/Scripts/View/MainMenu.cs" />
        <File uid="27" fullPath="C:/Users/Bali/Desktop/ELTE/24-25_2/SzoftTech/src/hunor-profetai/Assets/Scripts/View/PauseMenu.cs" />
        <File uid="28" fullPath="C:/Users/Bali/Desktop/ELTE/24-25_2/SzoftTech/src/hunor-profetai/Assets/Scripts/Model/Map/Minimap.cs" />
        <File uid="29" fullPath="C:/Users/Bali/Desktop/ELTE/24-25_2/SzoftTech/src/hunor-profetai/Assets/Scripts/Model/Map/SafariMap.cs" />
      </Files>
      <Classes>
        <Class>
          <Summary numSequencePoints="3" visitedSequencePoints="3" numBranchPoints="0" visitedBranchPoints="0" sequenceCoverage="100.0" branchCoverage="0.0" maxCyclomaticComplexity="0" minCyclomaticComplexity="0" maxCrapScore="0" minCrapScore="0" visitedClasses="1" numClasses="1" visitedMethods="3" numMethods="3" />
          <FullName>Tile</FullName>
          <Methods>
            <Method visited="true" cyclomaticComplexity="0" nPathComplexity="0" sequenceCoverage="100.0" branchCoverage="0" crapScore="0" isConstructor="false" isStatic="false" isGetter="true" isSetter="false">
              <Summary numSequencePoints="1" visitedSequencePoints="1" numBranchPoints="0" visitedBranchPoints="0" sequenceCoverage="100.0" branchCoverage="0" maxCyclomaticComplexity="0" minCyclomaticComplexity="0" maxCrapScore="0" minCrapScore="0" visitedClasses="0" numClasses="0" visitedMethods="1" numMethods="1" />
              <MetadataToken>100663441</MetadataToken>
              <Name>Tile/ShopType Tile::get_Type()</Name>
              <FileRef uid="18" />
              <SequencePoints>
                <SequencePoint vc="19" uspid="136803" ordinal="0" offset="0" sl="24" sc="32" el="24" ec="32" bec="0" bev="0" fileid="18">
                  <TrackedMethodRefs>
                    <TrackedMethodRef uid="1" vc="19" />
                  </TrackedMethodRefs>
                </SequencePoint>
              </SequencePoints>
              <BranchPoints />
            </Method>
            <Method visited="true" cyclomaticComplexity="0" nPathComplexity="0" sequenceCoverage="100.0" branchCoverage="0" crapScore="0" isConstructor="false" isStatic="false" isGetter="false" isSetter="true">
              <Summary numSequencePoints="1" visitedSequencePoints="1" numBranchPoints="0" visitedBranchPoints="0" sequenceCoverage="100.0" branchCoverage="0" maxCyclomaticComplexity="0" minCyclomaticComplexity="0" maxCrapScore="0" minCrapScore="0" visitedClasses="0" numClasses="0" visitedMethods="1" numMethods="1" />
              <MetadataToken>100663442</MetadataToken>
              <Name>System.Void Tile::set_Type(Tile/ShopType)</Name>
              <FileRef uid="18" />
              <SequencePoints>
                <SequencePoint vc="1" uspid="136804" ordinal="0" offset="0" sl="24" sc="37" el="24" ec="37" bec="0" bev="0" fileid="18">
                  <TrackedMethodRefs>
                    <TrackedMethodRef uid="1" vc="1" />
                  </TrackedMethodRefs>
                </SequencePoint>
              </SequencePoints>
              <BranchPoints />
            </Method>
            <Method visited="true" cyclomaticComplexity="0" nPathComplexity="0" sequenceCoverage="100.0" branchCoverage="0" crapScore="0" isConstructor="true" isStatic="false" isGetter="false" isSetter="false">
              <Summary numSequencePoints="1" visitedSequencePoints="1" numBranchPoints="0" visitedBranchPoints="0" sequenceCoverage="100.0" branchCoverage="0" maxCyclomaticComplexity="0" minCyclomaticComplexity="0" maxCrapScore="0" minCrapScore="0" visitedClasses="0" numClasses="0" visitedMethods="1" numMethods="1" />
              <MetadataToken>100663448</MetadataToken>
              <Name>Tile::Tile()</Name>
              <FileRef uid="18" />
              <SequencePoints>
                <SequencePoint vc="14404" uspid="136846" ordinal="0" offset="0" sl="23" sc="26" el="23" ec="26" bec="0" bev="0" fileid="18">
                  <TrackedMethodRefs>
                    <TrackedMethodRef uid="1" vc="14404" />
                  </TrackedMethodRefs>
                </SequencePoint>
              </SequencePoints>
              <BranchPoints />
            </Method>
          </Methods>
        </Class>
        <Class>
          <Summary numSequencePoints="141" visitedSequencePoints="98" numBranchPoints="0" visitedBranchPoints="0" sequenceCoverage="69.50" branchCoverage="0.0" maxCyclomaticComplexity="0" minCyclomaticComplexity="0" maxCrapScore="0" minCrapScore="0" visitedClasses="1" numClasses="1" visitedMethods="9" numMethods="9" />
          <FullName>Assets.Scripts.Model.Map.SafariMap</FullName>
          <Methods>
            <Method visited="true" cyclomaticComplexity="0" nPathComplexity="0" sequenceCoverage="100.0" branchCoverage="0" crapScore="0" isConstructor="false" isStatic="false" isGetter="true" isSetter="false">
              <Summary numSequencePoints="1" visitedSequencePoints="1" numBranchPoints="0" visitedBranchPoints="0" sequenceCoverage="100.0" branchCoverage="0" maxCyclomaticComplexity="0" minCyclomaticComplexity="0" maxCrapScore="0" minCrapScore="0" visitedClasses="0" numClasses="0" visitedMethods="1" numMethods="1" />
              <MetadataToken>100663534</MetadataToken>
              <Name>System.Collections.Generic.Dictionary[Int32,GameObject] Assets.Scripts.Model.Map.SafariMap::get_tileset()</Name>
              <FileRef uid="29" />
              <SequencePoints>
                <SequencePoint vc="5" uspid="137486" ordinal="0" offset="0" sl="12" sc="54" el="12" ec="54" bec="0" bev="0" fileid="29">
                  <TrackedMethodRefs>
                    <TrackedMethodRef uid="1" vc="5" />
                  </TrackedMethodRefs>
                </SequencePoint>
              </SequencePoints>
              <BranchPoints />
            </Method>
            <Method visited="true" cyclomaticComplexity="0" nPathComplexity="0" sequenceCoverage="100.0" branchCoverage="0" crapScore="0" isConstructor="false" isStatic="false" isGetter="false" isSetter="true">
              <Summary numSequencePoints="1" visitedSequencePoints="1" numBranchPoints="0" visitedBranchPoints="0" sequenceCoverage="100.0" branchCoverage="0" maxCyclomaticComplexity="0" minCyclomaticComplexity="0" maxCrapScore="0" minCrapScore="0" visitedClasses="0" numClasses="0" visitedMethods="1" numMethods="1" />
              <MetadataToken>100663535</MetadataToken>
              <Name>System.Void Assets.Scripts.Model.Map.SafariMap::set_tileset(System.Collections.Generic.Dictionary[Int32,GameObject])</Name>
              <FileRef uid="29" />
              <SequencePoints>
                <SequencePoint vc="1" uspid="137487" ordinal="0" offset="0" sl="12" sc="59" el="12" ec="59" bec="0" bev="0" fileid="29">
                  <TrackedMethodRefs>
                    <TrackedMethodRef uid="1" vc="1" />
                  </TrackedMethodRefs>
                </SequencePoint>
              </SequencePoints>
              <BranchPoints />
            </Method>
            <Method visited="true" cyclomaticComplexity="0" nPathComplexity="0" sequenceCoverage="100.0" branchCoverage="0" crapScore="0" isConstructor="false" isStatic="false" isGetter="false" isSetter="true">
              <Summary numSequencePoints="1" visitedSequencePoints="1" numBranchPoints="0" visitedBranchPoints="0" sequenceCoverage="100.0" branchCoverage="0" maxCyclomaticComplexity="0" minCyclomaticComplexity="0" maxCrapScore="0" minCrapScore="0" visitedClasses="0" numClasses="0" visitedMethods="1" numMethods="1" />
              <MetadataToken>100663537</MetadataToken>
              <Name>System.Void Assets.Scripts.Model.Map.SafariMap::set_noise_grid(System.Collections.Generic.List[List`1])</Name>
              <FileRef uid="29" />
              <SequencePoints>
                <SequencePoint vc="1" uspid="137489" ordinal="0" offset="0" sl="43" sc="50" el="43" ec="50" bec="0" bev="0" fileid="29">
                  <TrackedMethodRefs>
                    <TrackedMethodRef uid="1" vc="1" />
                  </TrackedMethodRefs>
                </SequencePoint>
              </SequencePoints>
              <BranchPoints />
            </Method>
            <Method visited="true" cyclomaticComplexity="0" nPathComplexity="0" sequenceCoverage="60.00" branchCoverage="0" crapScore="0" isConstructor="false" isStatic="false" isGetter="false" isSetter="false">
              <Summary numSequencePoints="55" visitedSequencePoints="33" numBranchPoints="0" visitedBranchPoints="0" sequenceCoverage="60.00" branchCoverage="0" maxCyclomaticComplexity="0" minCyclomaticComplexity="0" maxCrapScore="0" minCrapScore="0" visitedClasses="0" numClasses="0" visitedMethods="1" numMethods="1" />
              <MetadataToken>100663542</MetadataToken>
              <Name>System.Void Assets.Scripts.Model.Map.SafariMap::ChangeTileToRoad(UnityEngine.Vector2, System.Boolean)</Name>
              <FileRef uid="29" />
              <SequencePoints>
                <SequencePoint vc="1" uspid="137584" ordinal="0" offset="0" sl="183" sc="9" el="183" ec="9" bec="0" bev="0" fileid="29">
                  <TrackedMethodRefs>
                    <TrackedMethodRef uid="1" vc="1" />
                  </TrackedMethodRefs>
                </SequencePoint>
                <SequencePoint vc="1" uspid="137585" ordinal="0" offset="1" sl="184" sc="13" el="184" ec="13" bec="0" bev="0" fileid="29">
                  <TrackedMethodRefs>
                    <TrackedMethodRef uid="1" vc="1" />
                  </TrackedMethodRefs>
                </SequencePoint>
                <SequencePoint vc="1" uspid="137586" ordinal="0" offset="13" sl="185" sc="13" el="185" ec="13" bec="0" bev="0" fileid="29">
                  <TrackedMethodRefs>
                    <TrackedMethodRef uid="1" vc="1" />
                  </TrackedMethodRefs>
                </SequencePoint>
                <SequencePoint vc="1" uspid="137587" ordinal="0" offset="25" sl="188" sc="13" el="188" ec="13" bec="0" bev="0" fileid="29">
                  <TrackedMethodRefs>
                    <TrackedMethodRef uid="1" vc="1" />
                  </TrackedMethodRefs>
                </SequencePoint>
                <SequencePoint vc="1" uspid="137588" ordinal="0" offset="78" sl="189" sc="13" el="189" ec="13" bec="0" bev="0" fileid="29">
                  <TrackedMethodRefs>
                    <TrackedMethodRef uid="1" vc="1" />
                  </TrackedMethodRefs>
                </SequencePoint>
                <SequencePoint vc="1" uspid="137589" ordinal="0" offset="79" sl="190" sc="17" el="190" ec="17" bec="0" bev="0" fileid="29">
                  <TrackedMethodRefs>
                    <TrackedMethodRef uid="1" vc="1" />
                  </TrackedMethodRefs>
                </SequencePoint>
                <SequencePoint vc="1" uspid="137590" ordinal="0" offset="90" sl="191" sc="17" el="191" ec="17" bec="0" bev="0" fileid="29">
                  <TrackedMethodRefs>
                    <TrackedMethodRef uid="1" vc="1" />
                  </TrackedMethodRefs>
                </SequencePoint>
                <SequencePoint vc="1" uspid="137591" ordinal="0" offset="122" sl="193" sc="17" el="193" ec="17" bec="0" bev="0" fileid="29">
                  <TrackedMethodRefs>
                    <TrackedMethodRef uid="1" vc="1" />
                  </TrackedMethodRefs>
                </SequencePoint>
                <SequencePoint vc="1" uspid="137592" ordinal="0" offset="139" sl="194" sc="17" el="194" ec="17" bec="0" bev="0" fileid="29">
                  <TrackedMethodRefs>
                    <TrackedMethodRef uid="1" vc="1" />
                  </TrackedMethodRefs>
                </SequencePoint>
                <SequencePoint vc="1" uspid="137593" ordinal="0" offset="140" sl="195" sc="21" el="195" ec="21" bec="0" bev="0" fileid="29">
                  <TrackedMethodRefs>
                    <TrackedMethodRef uid="1" vc="1" />
                  </TrackedMethodRefs>
                </SequencePoint>
                <SequencePoint vc="1" uspid="137594" ordinal="0" offset="149" sl="196" sc="21" el="196" ec="21" bec="0" bev="0" fileid="29">
                  <TrackedMethodRefs>
                    <TrackedMethodRef uid="1" vc="1" />
                  </TrackedMethodRefs>
                </SequencePoint>
                <SequencePoint vc="1" uspid="137595" ordinal="0" offset="225" sl="197" sc="21" el="197" ec="21" bec="0" bev="0" fileid="29">
                  <TrackedMethodRefs>
                    <TrackedMethodRef uid="1" vc="1" />
                  </TrackedMethodRefs>
                </SequencePoint>
                <SequencePoint vc="1" uspid="137596" ordinal="0" offset="293" sl="198" sc="21" el="198" ec="21" bec="0" bev="0" fileid="29">
                  <TrackedMethodRefs>
                    <TrackedMethodRef uid="1" vc="1" />
                  </TrackedMethodRefs>
                </SequencePoint>
                <SequencePoint vc="1" uspid="137597" ordinal="0" offset="294" sl="199" sc="25" el="199" ec="25" bec="0" bev="0" fileid="29">
                  <TrackedMethodRefs>
                    <TrackedMethodRef uid="1" vc="1" />
                  </TrackedMethodRefs>
                </SequencePoint>
                <SequencePoint vc="0" uspid="137598" ordinal="0" offset="326" sl="200" sc="25" el="200" ec="25" bec="0" bev="0" fileid="29">
                  <TrackedMethodRefs>
                    <TrackedMethodRef uid="1" vc="0" />
                  </TrackedMethodRefs>
                </SequencePoint>
                <SequencePoint vc="0" uspid="137599" ordinal="0" offset="327" sl="202" sc="29" el="202" ec="29" bec="0" bev="0" fileid="29">
                  <TrackedMethodRefs>
                    <TrackedMethodRef uid="1" vc="0" />
                  </TrackedMethodRefs>
                </SequencePoint>
                <SequencePoint vc="0" uspid="137600" ordinal="0" offset="340" sl="203" sc="29" el="203" ec="29" bec="0" bev="0" fileid="29">
                  <TrackedMethodRefs>
                    <TrackedMethodRef uid="1" vc="0" />
                  </TrackedMethodRefs>
                </SequencePoint>
                <SequencePoint vc="0" uspid="137601" ordinal="0" offset="341" sl="204" sc="33" el="204" ec="33" bec="0" bev="0" fileid="29">
                  <TrackedMethodRefs>
                    <TrackedMethodRef uid="1" vc="0" />
                  </TrackedMethodRefs>
                </SequencePoint>
                <SequencePoint vc="0" uspid="137602" ordinal="0" offset="352" sl="205" sc="33" el="205" ec="33" bec="0" bev="0" fileid="29">
                  <TrackedMethodRefs>
                    <TrackedMethodRef uid="1" vc="0" />
                  </TrackedMethodRefs>
                </SequencePoint>
                <SequencePoint vc="0" uspid="137603" ordinal="0" offset="357" sl="209" sc="29" el="209" ec="29" bec="0" bev="0" fileid="29">
                  <TrackedMethodRefs>
                    <TrackedMethodRef uid="1" vc="0" />
                  </TrackedMethodRefs>
                </SequencePoint>
                <SequencePoint vc="0" uspid="137604" ordinal="0" offset="375" sl="210" sc="29" el="210" ec="29" bec="0" bev="0" fileid="29">
                  <TrackedMethodRefs>
                    <TrackedMethodRef uid="1" vc="0" />
                  </TrackedMethodRefs>
                </SequencePoint>
                <SequencePoint vc="0" uspid="137605" ordinal="0" offset="376" sl="211" sc="33" el="211" ec="33" bec="0" bev="0" fileid="29">
                  <TrackedMethodRefs>
                    <TrackedMethodRef uid="1" vc="0" />
                  </TrackedMethodRefs>
                </SequencePoint>
                <SequencePoint vc="0" uspid="137606" ordinal="0" offset="390" sl="212" sc="33" el="212" ec="33" bec="0" bev="0" fileid="29">
                  <TrackedMethodRefs>
                    <TrackedMethodRef uid="1" vc="0" />
                  </TrackedMethodRefs>
                </SequencePoint>
                <SequencePoint vc="0" uspid="137607" ordinal="0" offset="412" sl="213" sc="33" el="213" ec="33" bec="0" bev="0" fileid="29">
                  <TrackedMethodRefs>
                    <TrackedMethodRef uid="1" vc="0" />
                  </TrackedMethodRefs>
                </SequencePoint>
                <SequencePoint vc="0" uspid="137608" ordinal="0" offset="437" sl="214" sc="33" el="214" ec="33" bec="0" bev="0" fileid="29">
                  <TrackedMethodRefs>
                    <TrackedMethodRef uid="1" vc="0" />
                  </TrackedMethodRefs>
                </SequencePoint>
                <SequencePoint vc="0" uspid="137609" ordinal="0" offset="470" sl="215" sc="33" el="215" ec="33" bec="0" bev="0" fileid="29">
                  <TrackedMethodRefs>
                    <TrackedMethodRef uid="1" vc="0" />
                  </TrackedMethodRefs>
                </SequencePoint>
                <SequencePoint vc="0" uspid="137610" ordinal="0" offset="483" sl="216" sc="29" el="216" ec="29" bec="0" bev="0" fileid="29">
                  <TrackedMethodRefs>
                    <TrackedMethodRef uid="1" vc="0" />
                  </TrackedMethodRefs>
                </SequencePoint>
                <SequencePoint vc="0" uspid="137611" ordinal="0" offset="484" sl="218" sc="57" el="218" ec="57" bec="0" bev="0" fileid="29">
                  <TrackedMethodRefs>
                    <TrackedMethodRef uid="1" vc="0" />
                  </TrackedMethodRefs>
                </SequencePoint>
                <SequencePoint vc="0" uspid="137612" ordinal="0" offset="492" sl="222" sc="25" el="222" ec="25" bec="0" bev="0" fileid="29">
                  <TrackedMethodRefs>
                    <TrackedMethodRef uid="1" vc="0" />
                  </TrackedMethodRefs>
                </SequencePoint>
                <SequencePoint vc="1" uspid="137613" ordinal="0" offset="498" sl="224" sc="25" el="224" ec="25" bec="0" bev="0" fileid="29">
                  <TrackedMethodRefs>
                    <TrackedMethodRef uid="1" vc="1" />
                  </TrackedMethodRefs>
                </SequencePoint>
                <SequencePoint vc="1" uspid="137614" ordinal="0" offset="499" sl="226" sc="29" el="226" ec="29" bec="0" bev="0" fileid="29">
                  <TrackedMethodRefs>
                    <TrackedMethodRef uid="1" vc="1" />
                  </TrackedMethodRefs>
                </SequencePoint>
                <SequencePoint vc="1" uspid="137615" ordinal="0" offset="520" sl="227" sc="29" el="227" ec="29" bec="0" bev="0" fileid="29">
                  <TrackedMethodRefs>
                    <TrackedMethodRef uid="1" vc="1" />
                  </TrackedMethodRefs>
                </SequencePoint>
                <SequencePoint vc="1" uspid="137616" ordinal="0" offset="521" sl="228" sc="33" el="228" ec="33" bec="0" bev="0" fileid="29">
                  <TrackedMethodRefs>
                    <TrackedMethodRef uid="1" vc="1" />
                  </TrackedMethodRefs>
                </SequencePoint>
                <SequencePoint vc="1" uspid="137617" ordinal="0" offset="535" sl="229" sc="29" el="229" ec="29" bec="0" bev="0" fileid="29">
                  <TrackedMethodRefs>
                    <TrackedMethodRef uid="1" vc="1" />
                  </TrackedMethodRefs>
                </SequencePoint>
                <SequencePoint vc="1" uspid="137618" ordinal="0" offset="536" sl="232" sc="29" el="232" ec="29" bec="0" bev="0" fileid="29">
                  <TrackedMethodRefs>
                    <TrackedMethodRef uid="1" vc="1" />
                  </TrackedMethodRefs>
                </SequencePoint>
                <SequencePoint vc="1" uspid="137619" ordinal="0" offset="567" sl="233" sc="29" el="233" ec="29" bec="0" bev="0" fileid="29">
                  <TrackedMethodRefs>
                    <TrackedMethodRef uid="1" vc="1" />
                  </TrackedMethodRefs>
                </SequencePoint>
                <SequencePoint vc="1" uspid="137620" ordinal="0" offset="592" sl="235" sc="29" el="235" ec="29" bec="0" bev="0" fileid="29">
                  <TrackedMethodRefs>
                    <TrackedMethodRef uid="1" vc="1" />
                  </TrackedMethodRefs>
                </SequencePoint>
                <SequencePoint vc="1" uspid="137621" ordinal="0" offset="601" sl="236" sc="29" el="236" ec="29" bec="0" bev="0" fileid="29">
                  <TrackedMethodRefs>
                    <TrackedMethodRef uid="1" vc="1" />
                  </TrackedMethodRefs>
                </SequencePoint>
                <SequencePoint vc="0" uspid="137622" ordinal="0" offset="615" sl="237" sc="33" el="237" ec="33" bec="0" bev="0" fileid="29">
                  <TrackedMethodRefs>
                    <TrackedMethodRef uid="1" vc="0" />
                  </TrackedMethodRefs>
                </SequencePoint>
                <SequencePoint vc="1" uspid="137623" ordinal="0" offset="624" sl="238" sc="29" el="238" ec="29" bec="0" bev="0" fileid="29">
                  <TrackedMethodRefs>
                    <TrackedMethodRef uid="1" vc="1" />
                  </TrackedMethodRefs>
                </SequencePoint>
                <SequencePoint vc="1" uspid="137624" ordinal="0" offset="633" sl="239" sc="29" el="239" ec="29" bec="0" bev="0" fileid="29">
                  <TrackedMethodRefs>
                    <TrackedMethodRef uid="1" vc="1" />
                  </TrackedMethodRefs>
                </SequencePoint>
                <SequencePoint vc="0" uspid="137625" ordinal="0" offset="640" sl="240" sc="29" el="240" ec="29" bec="0" bev="0" fileid="29">
                  <TrackedMethodRefs>
                    <TrackedMethodRef uid="1" vc="0" />
                  </TrackedMethodRefs>
                </SequencePoint>
                <SequencePoint vc="0" uspid="137626" ordinal="0" offset="641" sl="241" sc="33" el="241" ec="33" bec="0" bev="0" fileid="29">
                  <TrackedMethodRefs>
                    <TrackedMethodRef uid="1" vc="0" />
                  </TrackedMethodRefs>
                </SequencePoint>
                <SequencePoint vc="0" uspid="137627" ordinal="0" offset="649" sl="242" sc="29" el="242" ec="29" bec="0" bev="0" fileid="29">
                  <TrackedMethodRefs>
                    <TrackedMethodRef uid="1" vc="0" />
                  </TrackedMethodRefs>
                </SequencePoint>
                <SequencePoint vc="1" uspid="137628" ordinal="0" offset="650" sl="245" sc="57" el="245" ec="57" bec="0" bev="0" fileid="29">
                  <TrackedMethodRefs>
                    <TrackedMethodRef uid="1" vc="1" />
                  </TrackedMethodRefs>
                </SequencePoint>
                <SequencePoint vc="1" uspid="137629" ordinal="0" offset="658" sl="249" sc="29" el="249" ec="29" bec="0" bev="0" fileid="29">
                  <TrackedMethodRefs>
                    <TrackedMethodRef uid="1" vc="1" />
                  </TrackedMethodRefs>
                </SequencePoint>
                <SequencePoint vc="1" uspid="137630" ordinal="0" offset="691" sl="252" sc="29" el="252" ec="29" bec="0" bev="0" fileid="29">
                  <TrackedMethodRefs>
                    <TrackedMethodRef uid="1" vc="1" />
                  </TrackedMethodRefs>
                </SequencePoint>
                <SequencePoint vc="1" uspid="137631" ordinal="0" offset="699" sl="253" sc="25" el="253" ec="25" bec="0" bev="0" fileid="29">
                  <TrackedMethodRefs>
                    <TrackedMethodRef uid="1" vc="1" />
                  </TrackedMethodRefs>
                </SequencePoint>
                <SequencePoint vc="1" uspid="137632" ordinal="0" offset="700" sl="254" sc="21" el="254" ec="21" bec="0" bev="0" fileid="29">
                  <TrackedMethodRefs>
                    <TrackedMethodRef uid="1" vc="1" />
                  </TrackedMethodRefs>
                </SequencePoint>
                <SequencePoint vc="0" uspid="137633" ordinal="0" offset="703" sl="256" sc="21" el="256" ec="21" bec="0" bev="0" fileid="29">
                  <TrackedMethodRefs>
                    <TrackedMethodRef uid="1" vc="0" />
                  </TrackedMethodRefs>
                </SequencePoint>
                <SequencePoint vc="0" uspid="137634" ordinal="0" offset="704" sl="257" sc="25" el="257" ec="25" bec="0" bev="0" fileid="29">
                  <TrackedMethodRefs>
                    <TrackedMethodRef uid="1" vc="0" />
                  </TrackedMethodRefs>
                </SequencePoint>
                <SequencePoint vc="0" uspid="137635" ordinal="0" offset="715" sl="258" sc="21" el="258" ec="21" bec="0" bev="0" fileid="29">
                  <TrackedMethodRefs>
                    <TrackedMethodRef uid="1" vc="0" />
                  </TrackedMethodRefs>
                </SequencePoint>
                <SequencePoint vc="1" uspid="137636" ordinal="0" offset="716" sl="260" sc="17" el="260" ec="17" bec="0" bev="0" fileid="29">
                  <TrackedMethodRefs>
                    <TrackedMethodRef uid="1" vc="1" />
                  </TrackedMethodRefs>
                </SequencePoint>
                <SequencePoint vc="1" uspid="137637" ordinal="0" offset="717" sl="261" sc="13" el="261" ec="13" bec="0" bev="0" fileid="29">
                  <TrackedMethodRefs>
                    <TrackedMethodRef uid="1" vc="1" />
                  </TrackedMethodRefs>
                </SequencePoint>
                <SequencePoint vc="1" uspid="137638" ordinal="0" offset="718" sl="262" sc="9" el="262" ec="9" bec="0" bev="0" fileid="29">
                  <TrackedMethodRefs>
                    <TrackedMethodRef uid="1" vc="1" />
                  </TrackedMethodRefs>
                </SequencePoint>
              </SequencePoints>
              <BranchPoints />
            </Method>
            <Method visited="true" cyclomaticComplexity="0" nPathComplexity="0" sequenceCoverage="66.67" branchCoverage="0" crapScore="0" isConstructor="false" isStatic="false" isGetter="false" isSetter="false">
              <Summary numSequencePoints="39" visitedSequencePoints="26" numBranchPoints="0" visitedBranchPoints="0" sequenceCoverage="66.67" branchCoverage="0" maxCyclomaticComplexity="0" minCyclomaticComplexity="0" maxCrapScore="0" minCrapScore="0" visitedClasses="0" numClasses="0" visitedMethods="1" numMethods="1" />
              <MetadataToken>100663543</MetadataToken>
              <Name>UnityEngine.GameObject Assets.Scripts.Model.Map.SafariMap::RoadChange(UnityEngine.Vector2Int)</Name>
              <FileRef uid="29" />
              <SequencePoints>
                <SequencePoint vc="1" uspid="137639" ordinal="0" offset="0" sl="265" sc="9" el="265" ec="9" bec="0" bev="0" fileid="29">
                  <TrackedMethodRefs>
                    <TrackedMethodRef uid="1" vc="1" />
                  </TrackedMethodRefs>
                </SequencePoint>
                <SequencePoint vc="1" uspid="137640" ordinal="0" offset="1" sl="267" sc="13" el="267" ec="13" bec="0" bev="0" fileid="29">
                  <TrackedMethodRefs>
                    <TrackedMethodRef uid="1" vc="1" />
                  </TrackedMethodRefs>
                </SequencePoint>
                <SequencePoint vc="1" uspid="137641" ordinal="0" offset="24" sl="268" sc="13" el="268" ec="13" bec="0" bev="0" fileid="29">
                  <TrackedMethodRefs>
                    <TrackedMethodRef uid="1" vc="1" />
                  </TrackedMethodRefs>
                </SequencePoint>
                <SequencePoint vc="1" uspid="137642" ordinal="0" offset="47" sl="269" sc="13" el="269" ec="13" bec="0" bev="0" fileid="29">
                  <TrackedMethodRefs>
                    <TrackedMethodRef uid="1" vc="1" />
                  </TrackedMethodRefs>
                </SequencePoint>
                <SequencePoint vc="1" uspid="137643" ordinal="0" offset="70" sl="270" sc="13" el="270" ec="13" bec="0" bev="0" fileid="29">
                  <TrackedMethodRefs>
                    <TrackedMethodRef uid="1" vc="1" />
                  </TrackedMethodRefs>
                </SequencePoint>
                <SequencePoint vc="1" uspid="137644" ordinal="0" offset="93" sl="272" sc="13" el="272" ec="13" bec="0" bev="0" fileid="29">
                  <TrackedMethodRefs>
                    <TrackedMethodRef uid="1" vc="1" />
                  </TrackedMethodRefs>
                </SequencePoint>
                <SequencePoint vc="1" uspid="137645" ordinal="0" offset="114" sl="273" sc="13" el="273" ec="13" bec="0" bev="0" fileid="29">
                  <TrackedMethodRefs>
                    <TrackedMethodRef uid="1" vc="1" />
                  </TrackedMethodRefs>
                </SequencePoint>
                <SequencePoint vc="1" uspid="137646" ordinal="0" offset="135" sl="274" sc="13" el="274" ec="13" bec="0" bev="0" fileid="29">
                  <TrackedMethodRefs>
                    <TrackedMethodRef uid="1" vc="1" />
                  </TrackedMethodRefs>
                </SequencePoint>
                <SequencePoint vc="1" uspid="137647" ordinal="0" offset="156" sl="275" sc="13" el="275" ec="13" bec="0" bev="0" fileid="29">
                  <TrackedMethodRefs>
                    <TrackedMethodRef uid="1" vc="1" />
                  </TrackedMethodRefs>
                </SequencePoint>
                <SequencePoint vc="1" uspid="137648" ordinal="0" offset="177" sl="276" sc="13" el="276" ec="13" bec="0" bev="0" fileid="29">
                  <TrackedMethodRefs>
                    <TrackedMethodRef uid="1" vc="1" />
                  </TrackedMethodRefs>
                </SequencePoint>
                <SequencePoint vc="1" uspid="137649" ordinal="0" offset="266" sl="278" sc="13" el="278" ec="13" bec="0" bev="0" fileid="29">
                  <TrackedMethodRefs>
                    <TrackedMethodRef uid="1" vc="1" />
                  </TrackedMethodRefs>
                </SequencePoint>
                <SequencePoint vc="1" uspid="137650" ordinal="0" offset="274" sl="279" sc="13" el="279" ec="13" bec="0" bev="0" fileid="29">
                  <TrackedMethodRefs>
                    <TrackedMethodRef uid="1" vc="1" />
                  </TrackedMethodRefs>
                </SequencePoint>
                <SequencePoint vc="0" uspid="137651" ordinal="0" offset="291" sl="280" sc="17" el="280" ec="17" bec="0" bev="0" fileid="29">
                  <TrackedMethodRefs>
                    <TrackedMethodRef uid="1" vc="0" />
                  </TrackedMethodRefs>
                </SequencePoint>
                <SequencePoint vc="1" uspid="137652" ordinal="0" offset="304" sl="281" sc="18" el="281" ec="18" bec="0" bev="0" fileid="29">
                  <TrackedMethodRefs>
                    <TrackedMethodRef uid="1" vc="1" />
                  </TrackedMethodRefs>
                </SequencePoint>
                <SequencePoint vc="0" uspid="137653" ordinal="0" offset="318" sl="282" sc="17" el="282" ec="17" bec="0" bev="0" fileid="29">
                  <TrackedMethodRefs>
                    <TrackedMethodRef uid="1" vc="0" />
                  </TrackedMethodRefs>
                </SequencePoint>
                <SequencePoint vc="1" uspid="137654" ordinal="0" offset="331" sl="283" sc="18" el="283" ec="18" bec="0" bev="0" fileid="29">
                  <TrackedMethodRefs>
                    <TrackedMethodRef uid="1" vc="1" />
                  </TrackedMethodRefs>
                </SequencePoint>
                <SequencePoint vc="0" uspid="137655" ordinal="0" offset="345" sl="284" sc="17" el="284" ec="17" bec="0" bev="0" fileid="29">
                  <TrackedMethodRefs>
                    <TrackedMethodRef uid="1" vc="0" />
                  </TrackedMethodRefs>
                </SequencePoint>
                <SequencePoint vc="1" uspid="137656" ordinal="0" offset="358" sl="285" sc="18" el="285" ec="18" bec="0" bev="0" fileid="29">
                  <TrackedMethodRefs>
                    <TrackedMethodRef uid="1" vc="1" />
                  </TrackedMethodRefs>
                </SequencePoint>
                <SequencePoint vc="0" uspid="137657" ordinal="0" offset="372" sl="286" sc="17" el="286" ec="17" bec="0" bev="0" fileid="29">
                  <TrackedMethodRefs>
                    <TrackedMethodRef uid="1" vc="0" />
                  </TrackedMethodRefs>
                </SequencePoint>
                <SequencePoint vc="1" uspid="137658" ordinal="0" offset="385" sl="287" sc="18" el="287" ec="18" bec="0" bev="0" fileid="29">
                  <TrackedMethodRefs>
                    <TrackedMethodRef uid="1" vc="1" />
                  </TrackedMethodRefs>
                </SequencePoint>
                <SequencePoint vc="0" uspid="137659" ordinal="0" offset="399" sl="288" sc="17" el="288" ec="17" bec="0" bev="0" fileid="29">
                  <TrackedMethodRefs>
                    <TrackedMethodRef uid="1" vc="0" />
                  </TrackedMethodRefs>
                </SequencePoint>
                <SequencePoint vc="1" uspid="137660" ordinal="0" offset="412" sl="289" sc="18" el="289" ec="18" bec="0" bev="0" fileid="29">
                  <TrackedMethodRefs>
                    <TrackedMethodRef uid="1" vc="1" />
                  </TrackedMethodRefs>
                </SequencePoint>
                <SequencePoint vc="0" uspid="137661" ordinal="0" offset="423" sl="290" sc="17" el="290" ec="17" bec="0" bev="0" fileid="29">
                  <TrackedMethodRefs>
                    <TrackedMethodRef uid="1" vc="0" />
                  </TrackedMethodRefs>
                </SequencePoint>
                <SequencePoint vc="1" uspid="137662" ordinal="0" offset="436" sl="291" sc="18" el="291" ec="18" bec="0" bev="0" fileid="29">
                  <TrackedMethodRefs>
                    <TrackedMethodRef uid="1" vc="1" />
                  </TrackedMethodRefs>
                </SequencePoint>
                <SequencePoint vc="0" uspid="137663" ordinal="0" offset="447" sl="292" sc="17" el="292" ec="17" bec="0" bev="0" fileid="29">
                  <TrackedMethodRefs>
                    <TrackedMethodRef uid="1" vc="0" />
                  </TrackedMethodRefs>
                </SequencePoint>
                <SequencePoint vc="1" uspid="137664" ordinal="0" offset="457" sl="293" sc="18" el="293" ec="18" bec="0" bev="0" fileid="29">
                  <TrackedMethodRefs>
                    <TrackedMethodRef uid="1" vc="1" />
                  </TrackedMethodRefs>
                </SequencePoint>
                <SequencePoint vc="0" uspid="137665" ordinal="0" offset="468" sl="294" sc="17" el="294" ec="17" bec="0" bev="0" fileid="29">
                  <TrackedMethodRefs>
                    <TrackedMethodRef uid="1" vc="0" />
                  </TrackedMethodRefs>
                </SequencePoint>
                <SequencePoint vc="1" uspid="137666" ordinal="0" offset="478" sl="295" sc="18" el="295" ec="18" bec="0" bev="0" fileid="29">
                  <TrackedMethodRefs>
                    <TrackedMethodRef uid="1" vc="1" />
                  </TrackedMethodRefs>
                </SequencePoint>
                <SequencePoint vc="0" uspid="137667" ordinal="0" offset="489" sl="296" sc="17" el="296" ec="17" bec="0" bev="0" fileid="29">
                  <TrackedMethodRefs>
                    <TrackedMethodRef uid="1" vc="0" />
                  </TrackedMethodRefs>
                </SequencePoint>
                <SequencePoint vc="1" uspid="137668" ordinal="0" offset="499" sl="297" sc="18" el="297" ec="18" bec="0" bev="0" fileid="29">
                  <TrackedMethodRefs>
                    <TrackedMethodRef uid="1" vc="1" />
                  </TrackedMethodRefs>
                </SequencePoint>
                <SequencePoint vc="0" uspid="137669" ordinal="0" offset="510" sl="298" sc="17" el="298" ec="17" bec="0" bev="0" fileid="29">
                  <TrackedMethodRefs>
                    <TrackedMethodRef uid="1" vc="0" />
                  </TrackedMethodRefs>
                </SequencePoint>
                <SequencePoint vc="1" uspid="137670" ordinal="0" offset="520" sl="299" sc="18" el="299" ec="18" bec="0" bev="0" fileid="29">
                  <TrackedMethodRefs>
                    <TrackedMethodRef uid="1" vc="1" />
                  </TrackedMethodRefs>
                </SequencePoint>
                <SequencePoint vc="0" uspid="137671" ordinal="0" offset="531" sl="300" sc="17" el="300" ec="17" bec="0" bev="0" fileid="29">
                  <TrackedMethodRefs>
                    <TrackedMethodRef uid="1" vc="0" />
                  </TrackedMethodRefs>
                </SequencePoint>
                <SequencePoint vc="1" uspid="137672" ordinal="0" offset="541" sl="301" sc="18" el="301" ec="18" bec="0" bev="0" fileid="29">
                  <TrackedMethodRefs>
                    <TrackedMethodRef uid="1" vc="1" />
                  </TrackedMethodRefs>
                </SequencePoint>
                <SequencePoint vc="0" uspid="137673" ordinal="0" offset="552" sl="302" sc="17" el="302" ec="17" bec="0" bev="0" fileid="29">
                  <TrackedMethodRefs>
                    <TrackedMethodRef uid="1" vc="0" />
                  </TrackedMethodRefs>
                </SequencePoint>
                <SequencePoint vc="1" uspid="137674" ordinal="0" offset="562" sl="303" sc="18" el="303" ec="18" bec="0" bev="0" fileid="29">
                  <TrackedMethodRefs>
                    <TrackedMethodRef uid="1" vc="1" />
                  </TrackedMethodRefs>
                </SequencePoint>
                <SequencePoint vc="0" uspid="137675" ordinal="0" offset="573" sl="304" sc="17" el="304" ec="17" bec="0" bev="0" fileid="29">
                  <TrackedMethodRefs>
                    <TrackedMethodRef uid="1" vc="0" />
                  </TrackedMethodRefs>
                </SequencePoint>
                <SequencePoint vc="1" uspid="137676" ordinal="0" offset="581" sl="305" sc="13" el="305" ec="13" bec="0" bev="0" fileid="29">
                  <TrackedMethodRefs>
                    <TrackedMethodRef uid="1" vc="1" />
                  </TrackedMethodRefs>
                </SequencePoint>
                <SequencePoint vc="1" uspid="137677" ordinal="0" offset="587" sl="306" sc="9" el="306" ec="9" bec="0" bev="0" fileid="29">
                  <TrackedMethodRefs>
                    <TrackedMethodRef uid="1" vc="1" />
                  </TrackedMethodRefs>
                </SequencePoint>
              </SequencePoints>
              <BranchPoints />
            </Method>
            <Method visited="true" cyclomaticComplexity="0" nPathComplexity="0" sequenceCoverage="71.43" branchCoverage="0" crapScore="0" isConstructor="false" isStatic="false" isGetter="false" isSetter="false">
              <Summary numSequencePoints="14" visitedSequencePoints="10" numBranchPoints="0" visitedBranchPoints="0" sequenceCoverage="71.43" branchCoverage="0" maxCyclomaticComplexity="0" minCyclomaticComplexity="0" maxCrapScore="0" minCrapScore="0" visitedClasses="0" numClasses="0" visitedMethods="1" numMethods="1" />
              <MetadataToken>100663544</MetadataToken>
              <Name>System.Void Assets.Scripts.Model.Map.SafariMap::UpdateSurroundingRoads(UnityEngine.Vector2Int)</Name>
              <FileRef uid="29" />
              <SequencePoints>
                <SequencePoint vc="1" uspid="137678" ordinal="0" offset="0" sl="309" sc="9" el="309" ec="9" bec="0" bev="0" fileid="29">
                  <TrackedMethodRefs>
                    <TrackedMethodRef uid="1" vc="1" />
                  </TrackedMethodRefs>
                </SequencePoint>
                <SequencePoint vc="1" uspid="137679" ordinal="0" offset="1" sl="311" sc="13" el="311" ec="13" bec="0" bev="0" fileid="29">
                  <TrackedMethodRefs>
                    <TrackedMethodRef uid="1" vc="1" />
                  </TrackedMethodRefs>
                </SequencePoint>
                <SequencePoint vc="1" uspid="137680" ordinal="0" offset="24" sl="312" sc="13" el="312" ec="13" bec="0" bev="0" fileid="29">
                  <TrackedMethodRefs>
                    <TrackedMethodRef uid="1" vc="1" />
                  </TrackedMethodRefs>
                </SequencePoint>
                <SequencePoint vc="1" uspid="137681" ordinal="0" offset="47" sl="313" sc="13" el="313" ec="13" bec="0" bev="0" fileid="29">
                  <TrackedMethodRefs>
                    <TrackedMethodRef uid="1" vc="1" />
                  </TrackedMethodRefs>
                </SequencePoint>
                <SequencePoint vc="1" uspid="137682" ordinal="0" offset="70" sl="314" sc="13" el="314" ec="13" bec="0" bev="0" fileid="29">
                  <TrackedMethodRefs>
                    <TrackedMethodRef uid="1" vc="1" />
                  </TrackedMethodRefs>
                </SequencePoint>
                <SequencePoint vc="1" uspid="137683" ordinal="0" offset="93" sl="317" sc="13" el="317" ec="13" bec="0" bev="0" fileid="29">
                  <TrackedMethodRefs>
                    <TrackedMethodRef uid="1" vc="1" />
                  </TrackedMethodRefs>
                </SequencePoint>
                <SequencePoint vc="0" uspid="137684" ordinal="0" offset="106" sl="318" sc="17" el="318" ec="17" bec="0" bev="0" fileid="29">
                  <TrackedMethodRefs>
                    <TrackedMethodRef uid="1" vc="0" />
                  </TrackedMethodRefs>
                </SequencePoint>
                <SequencePoint vc="1" uspid="137685" ordinal="0" offset="114" sl="319" sc="13" el="319" ec="13" bec="0" bev="0" fileid="29">
                  <TrackedMethodRefs>
                    <TrackedMethodRef uid="1" vc="1" />
                  </TrackedMethodRefs>
                </SequencePoint>
                <SequencePoint vc="0" uspid="137686" ordinal="0" offset="127" sl="320" sc="17" el="320" ec="17" bec="0" bev="0" fileid="29">
                  <TrackedMethodRefs>
                    <TrackedMethodRef uid="1" vc="0" />
                  </TrackedMethodRefs>
                </SequencePoint>
                <SequencePoint vc="1" uspid="137687" ordinal="0" offset="135" sl="321" sc="13" el="321" ec="13" bec="0" bev="0" fileid="29">
                  <TrackedMethodRefs>
                    <TrackedMethodRef uid="1" vc="1" />
                  </TrackedMethodRefs>
                </SequencePoint>
                <SequencePoint vc="0" uspid="137688" ordinal="0" offset="148" sl="322" sc="17" el="322" ec="17" bec="0" bev="0" fileid="29">
                  <TrackedMethodRefs>
                    <TrackedMethodRef uid="1" vc="0" />
                  </TrackedMethodRefs>
                </SequencePoint>
                <SequencePoint vc="1" uspid="137689" ordinal="0" offset="156" sl="323" sc="13" el="323" ec="13" bec="0" bev="0" fileid="29">
                  <TrackedMethodRefs>
                    <TrackedMethodRef uid="1" vc="1" />
                  </TrackedMethodRefs>
                </SequencePoint>
                <SequencePoint vc="0" uspid="137690" ordinal="0" offset="169" sl="324" sc="17" el="324" ec="17" bec="0" bev="0" fileid="29">
                  <TrackedMethodRefs>
                    <TrackedMethodRef uid="1" vc="0" />
                  </TrackedMethodRefs>
                </SequencePoint>
                <SequencePoint vc="1" uspid="137691" ordinal="0" offset="177" sl="325" sc="9" el="325" ec="9" bec="0" bev="0" fileid="29">
                  <TrackedMethodRefs>
                    <TrackedMethodRef uid="1" vc="1" />
                  </TrackedMethodRefs>
                </SequencePoint>
              </SequencePoints>
              <BranchPoints />
            </Method>
            <Method visited="true" cyclomaticComplexity="0" nPathComplexity="0" sequenceCoverage="81.82" branchCoverage="0" crapScore="0" isConstructor="false" isStatic="false" isGetter="false" isSetter="false">
              <Summary numSequencePoints="11" visitedSequencePoints="9" numBranchPoints="0" visitedBranchPoints="0" sequenceCoverage="81.82" branchCoverage="0" maxCyclomaticComplexity="0" minCyclomaticComplexity="0" maxCrapScore="0" minCrapScore="0" visitedClasses="0" numClasses="0" visitedMethods="1" numMethods="1" />
              <MetadataToken>100663546</MetadataToken>
              <Name>System.Boolean Assets.Scripts.Model.Map.SafariMap::IsRoad(UnityEngine.Vector2Int)</Name>
              <FileRef uid="29" />
              <SequencePoints>
                <SequencePoint vc="9" uspid="137708" ordinal="0" offset="0" sl="347" sc="9" el="347" ec="9" bec="0" bev="0" fileid="29">
                  <TrackedMethodRefs>
                    <TrackedMethodRef uid="1" vc="9" />
                  </TrackedMethodRefs>
                </SequencePoint>
                <SequencePoint vc="9" uspid="137709" ordinal="0" offset="1" sl="348" sc="13" el="348" ec="13" bec="0" bev="0" fileid="29">
                  <TrackedMethodRefs>
                    <TrackedMethodRef uid="1" vc="9" />
                  </TrackedMethodRefs>
                </SequencePoint>
                <SequencePoint vc="9" uspid="137710" ordinal="0" offset="74" sl="349" sc="13" el="349" ec="13" bec="0" bev="0" fileid="29">
                  <TrackedMethodRefs>
                    <TrackedMethodRef uid="1" vc="9" />
                  </TrackedMethodRefs>
                </SequencePoint>
                <SequencePoint vc="9" uspid="137711" ordinal="0" offset="75" sl="350" sc="17" el="350" ec="17" bec="0" bev="0" fileid="29">
                  <TrackedMethodRefs>
                    <TrackedMethodRef uid="1" vc="9" />
                  </TrackedMethodRefs>
                </SequencePoint>
                <SequencePoint vc="9" uspid="137712" ordinal="0" offset="106" sl="351" sc="17" el="351" ec="17" bec="0" bev="0" fileid="29">
                  <TrackedMethodRefs>
                    <TrackedMethodRef uid="1" vc="9" />
                  </TrackedMethodRefs>
                </SequencePoint>
                <SequencePoint vc="9" uspid="137713" ordinal="0" offset="117" sl="352" sc="17" el="352" ec="17" bec="0" bev="0" fileid="29">
                  <TrackedMethodRefs>
                    <TrackedMethodRef uid="1" vc="9" />
                  </TrackedMethodRefs>
                </SequencePoint>
                <SequencePoint vc="9" uspid="137714" ordinal="0" offset="118" sl="353" sc="21" el="353" ec="21" bec="0" bev="0" fileid="29">
                  <TrackedMethodRefs>
                    <TrackedMethodRef uid="1" vc="9" />
                  </TrackedMethodRefs>
                </SequencePoint>
                <SequencePoint vc="9" uspid="137715" ordinal="0" offset="125" sl="354" sc="21" el="354" ec="21" bec="0" bev="0" fileid="29">
                  <TrackedMethodRefs>
                    <TrackedMethodRef uid="1" vc="9" />
                  </TrackedMethodRefs>
                </SequencePoint>
                <SequencePoint vc="0" uspid="137716" ordinal="0" offset="138" sl="356" sc="13" el="356" ec="13" bec="0" bev="0" fileid="29">
                  <TrackedMethodRefs>
                    <TrackedMethodRef uid="1" vc="0" />
                  </TrackedMethodRefs>
                </SequencePoint>
                <SequencePoint vc="0" uspid="137717" ordinal="0" offset="139" sl="357" sc="13" el="357" ec="13" bec="0" bev="0" fileid="29">
                  <TrackedMethodRefs>
                    <TrackedMethodRef uid="1" vc="0" />
                  </TrackedMethodRefs>
                </SequencePoint>
                <SequencePoint vc="9" uspid="137718" ordinal="0" offset="144" sl="358" sc="9" el="358" ec="9" bec="0" bev="0" fileid="29">
                  <TrackedMethodRefs>
                    <TrackedMethodRef uid="1" vc="9" />
                  </TrackedMethodRefs>
                </SequencePoint>
              </SequencePoints>
              <BranchPoints />
            </Method>
            <Method visited="true" cyclomaticComplexity="0" nPathComplexity="0" sequenceCoverage="81.82" branchCoverage="0" crapScore="0" isConstructor="false" isStatic="false" isGetter="false" isSetter="false">
              <Summary numSequencePoints="11" visitedSequencePoints="9" numBranchPoints="0" visitedBranchPoints="0" sequenceCoverage="81.82" branchCoverage="0" maxCyclomaticComplexity="0" minCyclomaticComplexity="0" maxCrapScore="0" minCrapScore="0" visitedClasses="0" numClasses="0" visitedMethods="1" numMethods="1" />
              <MetadataToken>100663547</MetadataToken>
              <Name>System.Boolean Assets.Scripts.Model.Map.SafariMap::IsMainBuilding(UnityEngine.Vector2Int)</Name>
              <FileRef uid="29" />
              <SequencePoints>
                <SequencePoint vc="4" uspid="137719" ordinal="0" offset="0" sl="361" sc="9" el="361" ec="9" bec="0" bev="0" fileid="29">
                  <TrackedMethodRefs>
                    <TrackedMethodRef uid="1" vc="4" />
                  </TrackedMethodRefs>
                </SequencePoint>
                <SequencePoint vc="4" uspid="137720" ordinal="0" offset="1" sl="362" sc="13" el="362" ec="13" bec="0" bev="0" fileid="29">
                  <TrackedMethodRefs>
                    <TrackedMethodRef uid="1" vc="4" />
                  </TrackedMethodRefs>
                </SequencePoint>
                <SequencePoint vc="4" uspid="137721" ordinal="0" offset="74" sl="363" sc="13" el="363" ec="13" bec="0" bev="0" fileid="29">
                  <TrackedMethodRefs>
                    <TrackedMethodRef uid="1" vc="4" />
                  </TrackedMethodRefs>
                </SequencePoint>
                <SequencePoint vc="4" uspid="137722" ordinal="0" offset="75" sl="364" sc="17" el="364" ec="17" bec="0" bev="0" fileid="29">
                  <TrackedMethodRefs>
                    <TrackedMethodRef uid="1" vc="4" />
                  </TrackedMethodRefs>
                </SequencePoint>
                <SequencePoint vc="4" uspid="137723" ordinal="0" offset="106" sl="365" sc="17" el="365" ec="17" bec="0" bev="0" fileid="29">
                  <TrackedMethodRefs>
                    <TrackedMethodRef uid="1" vc="4" />
                  </TrackedMethodRefs>
                </SequencePoint>
                <SequencePoint vc="4" uspid="137724" ordinal="0" offset="117" sl="366" sc="17" el="366" ec="17" bec="0" bev="0" fileid="29">
                  <TrackedMethodRefs>
                    <TrackedMethodRef uid="1" vc="4" />
                  </TrackedMethodRefs>
                </SequencePoint>
                <SequencePoint vc="4" uspid="137725" ordinal="0" offset="118" sl="367" sc="21" el="367" ec="21" bec="0" bev="0" fileid="29">
                  <TrackedMethodRefs>
                    <TrackedMethodRef uid="1" vc="4" />
                  </TrackedMethodRefs>
                </SequencePoint>
                <SequencePoint vc="4" uspid="137726" ordinal="0" offset="125" sl="368" sc="21" el="368" ec="21" bec="0" bev="0" fileid="29">
                  <TrackedMethodRefs>
                    <TrackedMethodRef uid="1" vc="4" />
                  </TrackedMethodRefs>
                </SequencePoint>
                <SequencePoint vc="0" uspid="137727" ordinal="0" offset="138" sl="370" sc="13" el="370" ec="13" bec="0" bev="0" fileid="29">
                  <TrackedMethodRefs>
                    <TrackedMethodRef uid="1" vc="0" />
                  </TrackedMethodRefs>
                </SequencePoint>
                <SequencePoint vc="0" uspid="137728" ordinal="0" offset="139" sl="371" sc="13" el="371" ec="13" bec="0" bev="0" fileid="29">
                  <TrackedMethodRefs>
                    <TrackedMethodRef uid="1" vc="0" />
                  </TrackedMethodRefs>
                </SequencePoint>
                <SequencePoint vc="4" uspid="137729" ordinal="0" offset="144" sl="372" sc="9" el="372" ec="9" bec="0" bev="0" fileid="29">
                  <TrackedMethodRefs>
                    <TrackedMethodRef uid="1" vc="4" />
                  </TrackedMethodRefs>
                </SequencePoint>
              </SequencePoints>
              <BranchPoints />
            </Method>
            <Method visited="true" cyclomaticComplexity="0" nPathComplexity="0" sequenceCoverage="100.0" branchCoverage="0" crapScore="0" isConstructor="true" isStatic="false" isGetter="false" isSetter="false">
              <Summary numSequencePoints="8" visitedSequencePoints="8" numBranchPoints="0" visitedBranchPoints="0" sequenceCoverage="100.0" branchCoverage="0" maxCyclomaticComplexity="0" minCyclomaticComplexity="0" maxCrapScore="0" minCrapScore="0" visitedClasses="0" numClasses="0" visitedMethods="1" numMethods="1" />
              <MetadataToken>100663557</MetadataToken>
              <Name>Assets.Scripts.Model.Map.SafariMap::SafariMap()</Name>
              <FileRef uid="29" />
              <SequencePoints>
                <SequencePoint vc="2" uspid="137969" ordinal="0" offset="0" sl="41" sc="9" el="41" ec="9" bec="0" bev="0" fileid="29">
                  <TrackedMethodRefs>
                    <TrackedMethodRef uid="1" vc="2" />
                  </TrackedMethodRefs>
                </SequencePoint>
                <SequencePoint vc="2" uspid="137970" ordinal="0" offset="21" sl="43" sc="59" el="43" ec="59" bec="0" bev="0" fileid="29">
                  <TrackedMethodRefs>
                    <TrackedMethodRef uid="1" vc="2" />
                  </TrackedMethodRefs>
                </SequencePoint>
                <SequencePoint vc="2" uspid="137971" ordinal="0" offset="32" sl="44" sc="9" el="44" ec="9" bec="0" bev="0" fileid="29">
                  <TrackedMethodRefs>
                    <TrackedMethodRef uid="1" vc="2" />
                  </TrackedMethodRefs>
                </SequencePoint>
                <SequencePoint vc="2" uspid="137972" ordinal="0" offset="43" sl="45" sc="9" el="45" ec="9" bec="0" bev="0" fileid="29">
                  <TrackedMethodRefs>
                    <TrackedMethodRef uid="1" vc="2" />
                  </TrackedMethodRefs>
                </SequencePoint>
                <SequencePoint vc="2" uspid="137973" ordinal="0" offset="54" sl="46" sc="9" el="46" ec="9" bec="0" bev="0" fileid="29">
                  <TrackedMethodRefs>
                    <TrackedMethodRef uid="1" vc="2" />
                  </TrackedMethodRefs>
                </SequencePoint>
                <SequencePoint vc="2" uspid="137974" ordinal="0" offset="65" sl="49" sc="9" el="49" ec="9" bec="0" bev="0" fileid="29">
                  <TrackedMethodRefs>
                    <TrackedMethodRef uid="1" vc="2" />
                  </TrackedMethodRefs>
                </SequencePoint>
                <SequencePoint vc="2" uspid="137975" ordinal="0" offset="76" sl="51" sc="9" el="51" ec="9" bec="0" bev="0" fileid="29">
                  <TrackedMethodRefs>
                    <TrackedMethodRef uid="1" vc="2" />
                  </TrackedMethodRefs>
                </SequencePoint>
                <SequencePoint vc="2" uspid="137976" ordinal="0" offset="83" sl="52" sc="9" el="52" ec="9" bec="0" bev="0" fileid="29">
                  <TrackedMethodRefs>
                    <TrackedMethodRef uid="1" vc="2" />
                  </TrackedMethodRefs>
                </SequencePoint>
              </SequencePoints>
              <BranchPoints />
            </Method>
          </Methods>
        </Class>
      </Classes>
      <TrackedMethods>
        <TrackedMethod uid="1" token="100663340" name="System.Void SafariMapTests::Test_IsRoad_ReturnsTrueForRoadTile()" strategy="Test" />
      </TrackedMethods>
    </Module>
  </Modules>
</CoverageSession>