<?xml version="1.0" encoding="utf-8"?>
<CoverageSession xmlns:xsd="http://www.w3.org/2001/XMLSchema" xmlns:xsi="http://www.w3.org/2001/XMLSchema-instance" Version="0.0.0.0">
  <Summary numSequencePoints="18" visitedSequencePoints="18" numBranchPoints="0" visitedBranchPoints="0" sequenceCoverage="100.0" branchCoverage="0.0" maxCyclomaticComplexity="0" minCyclomaticComplexity="0" maxCrapScore="0" minCrapScore="0" visitedClasses="2" numClasses="3" visitedMethods="6" numMethods="6" />
  <Modules>
    <Module>
      <Summary numSequencePoints="15" visitedSequencePoints="15" numBranchPoints="0" visitedBranchPoints="0" sequenceCoverage="100.0" branchCoverage="0.0" maxCyclomaticComplexity="0" minCyclomaticComplexity="0" maxCrapScore="0" minCrapScore="0" visitedClasses="1" numClasses="2" visitedMethods="3" numMethods="3" />
      <ModuleTime>0001-01-01T00:00:00</ModuleTime>
      <ModuleName>EditMode</ModuleName>
      <Files>
        <File uid="1" fullPath="C:/Users/Bali/Desktop/ELTE/24-25_2/SzoftTech/src/hunor-profetai/Assets/Scripts/Tests/EditMode/Entities/AnimalTest.cs" />
        <File uid="2" fullPath="C:/Users/Bali/Desktop/ELTE/24-25_2/SzoftTech/src/hunor-profetai/Assets/Scripts/Tests/EditMode/Entities/JeepTest.cs" />
        <File uid="3" fullPath="C:/Users/Bali/Desktop/ELTE/24-25_2/SzoftTech/src/hunor-profetai/Assets/Scripts/Tests/EditMode/Entities/SlowZTest.cs" />
        <File uid="4" fullPath="C:/Users/Bali/Desktop/ELTE/24-25_2/SzoftTech/src/hunor-profetai/Assets/Scripts/Tests/EditMode/GameManagerEditTest.cs" />
        <File uid="5" fullPath="C:/Users/Bali/Desktop/ELTE/24-25_2/SzoftTech/src/hunor-profetai/Assets/Scripts/Tests/EditMode/Map/MinimapTests.cs" />
        <File uid="6" fullPath="C:/Users/Bali/Desktop/ELTE/24-25_2/SzoftTech/src/hunor-profetai/Assets/Scripts/Tests/EditMode/Map/SafariMapTests.cs" />
        <File uid="7" fullPath="C:/Users/Bali/Desktop/ELTE/24-25_2/SzoftTech/src/hunor-profetai/Assets/Scripts/Tests/EditMode/Map/TileTests.cs" />
        <File uid="8" fullPath="C:/Users/Bali/Desktop/ELTE/24-25_2/SzoftTech/src/hunor-profetai/Assets/Scripts/Tests/EditMode/SanityTest.cs" />
        <File uid="9" fullPath="C:/Users/Bali/Desktop/ELTE/24-25_2/SzoftTech/src/hunor-profetai/Assets/Scripts/Tests/EditMode/View/CameraManagerTests.cs" />
        <File uid="10" fullPath="C:/Users/Bali/Desktop/ELTE/24-25_2/SzoftTech/src/hunor-profetai/Assets/Scripts/Tests/EditMode/View/EnablePauseMenuTest.cs" />
      </Files>
      <Classes>
        <Class>
          <Summary numSequencePoints="0" visitedSequencePoints="0" numBranchPoints="0" visitedBranchPoints="0" sequenceCoverage="0" branchCoverage="0" maxCyclomaticComplexity="0" minCyclomaticComplexity="0" maxCrapScore="0" minCrapScore="0" visitedClasses="0" numClasses="1" visitedMethods="0" numMethods="0" />
          <FullName>GameManagerEditModeTests</FullName>
          <Methods />
        </Class>
        <Class>
          <Summary numSequencePoints="15" visitedSequencePoints="15" numBranchPoints="0" visitedBranchPoints="0" sequenceCoverage="100.0" branchCoverage="0.0" maxCyclomaticComplexity="0" minCyclomaticComplexity="0" maxCrapScore="0" minCrapScore="0" visitedClasses="1" numClasses="1" visitedMethods="3" numMethods="3" />
          <FullName>TileTests</FullName>
          <Methods>
            <Method visited="true" cyclomaticComplexity="0" nPathComplexity="0" sequenceCoverage="100.0" branchCoverage="0" crapScore="0" isConstructor="false" isStatic="false" isGetter="false" isSetter="false">
              <Summary numSequencePoints="4" visitedSequencePoints="4" numBranchPoints="0" visitedBranchPoints="0" sequenceCoverage="100.0" branchCoverage="0" maxCyclomaticComplexity="0" minCyclomaticComplexity="0" maxCrapScore="0" minCrapScore="0" visitedClasses="0" numClasses="0" visitedMethods="1" numMethods="1" />
              <MetadataToken>100663347</MetadataToken>
              <Name>System.Void TileTests::Setup()</Name>
              <FileRef uid="7" />
              <SequencePoints>
                <SequencePoint vc="1" uspid="172162" ordinal="0" offset="0" sl="12" sc="5" el="12" ec="5" bec="0" bev="0" fileid="7">
                  <TrackedMethodRefs>
                    <TrackedMethodRef uid="0" vc="1" />
                  </TrackedMethodRefs>
                </SequencePoint>
                <SequencePoint vc="1" uspid="172163" ordinal="0" offset="1" sl="13" sc="9" el="13" ec="9" bec="0" bev="0" fileid="7">
                  <TrackedMethodRefs>
                    <TrackedMethodRef uid="0" vc="1" />
                  </TrackedMethodRefs>
                </SequencePoint>
                <SequencePoint vc="1" uspid="172164" ordinal="0" offset="12" sl="14" sc="9" el="14" ec="9" bec="0" bev="0" fileid="7">
                  <TrackedMethodRefs>
                    <TrackedMethodRef uid="0" vc="1" />
                  </TrackedMethodRefs>
                </SequencePoint>
                <SequencePoint vc="1" uspid="172165" ordinal="0" offset="29" sl="15" sc="5" el="15" ec="5" bec="0" bev="0" fileid="7">
                  <TrackedMethodRefs>
                    <TrackedMethodRef uid="0" vc="1" />
                  </TrackedMethodRefs>
                </SequencePoint>
              </SequencePoints>
              <BranchPoints />
            </Method>
            <Method visited="true" cyclomaticComplexity="0" nPathComplexity="0" sequenceCoverage="100.0" branchCoverage="0" crapScore="0" isConstructor="false" isStatic="false" isGetter="false" isSetter="false">
              <Summary numSequencePoints="3" visitedSequencePoints="3" numBranchPoints="0" visitedBranchPoints="0" sequenceCoverage="100.0" branchCoverage="0" maxCyclomaticComplexity="0" minCyclomaticComplexity="0" maxCrapScore="0" minCrapScore="0" visitedClasses="0" numClasses="0" visitedMethods="1" numMethods="1" />
              <MetadataToken>100663348</MetadataToken>
              <Name>System.Void TileTests::Teardown()</Name>
              <FileRef uid="7" />
              <SequencePoints>
                <SequencePoint vc="1" uspid="172166" ordinal="0" offset="0" sl="19" sc="5" el="19" ec="5" bec="0" bev="0" fileid="7">
                  <TrackedMethodRefs>
                    <TrackedMethodRef uid="0" vc="1" />
                  </TrackedMethodRefs>
                </SequencePoint>
                <SequencePoint vc="1" uspid="172167" ordinal="0" offset="1" sl="20" sc="9" el="20" ec="9" bec="0" bev="0" fileid="7">
                  <TrackedMethodRefs>
                    <TrackedMethodRef uid="0" vc="1" />
                  </TrackedMethodRefs>
                </SequencePoint>
                <SequencePoint vc="1" uspid="172168" ordinal="0" offset="13" sl="21" sc="5" el="21" ec="5" bec="0" bev="0" fileid="7">
                  <TrackedMethodRefs>
                    <TrackedMethodRef uid="0" vc="1" />
                  </TrackedMethodRefs>
                </SequencePoint>
              </SequencePoints>
              <BranchPoints />
            </Method>
            <Method visited="true" cyclomaticComplexity="0" nPathComplexity="0" sequenceCoverage="100.0" branchCoverage="0" crapScore="0" isConstructor="false" isStatic="false" isGetter="false" isSetter="false">
              <Summary numSequencePoints="8" visitedSequencePoints="8" numBranchPoints="0" visitedBranchPoints="0" sequenceCoverage="100.0" branchCoverage="0" maxCyclomaticComplexity="0" minCyclomaticComplexity="0" maxCrapScore="0" minCrapScore="0" visitedClasses="0" numClasses="0" visitedMethods="1" numMethods="1" />
              <MetadataToken>100663351</MetadataToken>
              <Name>System.Void TileTests::Initialization_SetsTypeAndFoodAmount_ForPlains()</Name>
              <FileRef uid="7" />
              <SequencePoints>
                <SequencePoint vc="1" uspid="172185" ordinal="0" offset="0" sl="50" sc="5" el="50" ec="5" bec="0" bev="0" fileid="7">
                  <TrackedMethodRefs>
                    <TrackedMethodRef uid="0" vc="1" />
                  </TrackedMethodRefs>
                </SequencePoint>
                <SequencePoint vc="1" uspid="172186" ordinal="0" offset="1" sl="51" sc="9" el="51" ec="9" bec="0" bev="0" fileid="7">
                  <TrackedMethodRefs>
                    <TrackedMethodRef uid="0" vc="1" />
                  </TrackedMethodRefs>
                </SequencePoint>
                <SequencePoint vc="1" uspid="172187" ordinal="0" offset="14" sl="52" sc="9" el="52" ec="9" bec="0" bev="0" fileid="7">
                  <TrackedMethodRefs>
                    <TrackedMethodRef uid="0" vc="1" />
                  </TrackedMethodRefs>
                </SequencePoint>
                <SequencePoint vc="1" uspid="172188" ordinal="0" offset="26" sl="53" sc="9" el="53" ec="9" bec="0" bev="0" fileid="7">
                  <TrackedMethodRefs>
                    <TrackedMethodRef uid="0" vc="1" />
                  </TrackedMethodRefs>
                </SequencePoint>
                <SequencePoint vc="1" uspid="172189" ordinal="0" offset="38" sl="55" sc="9" el="55" ec="9" bec="0" bev="0" fileid="7">
                  <TrackedMethodRefs>
                    <TrackedMethodRef uid="0" vc="1" />
                  </TrackedMethodRefs>
                </SequencePoint>
                <SequencePoint vc="1" uspid="172190" ordinal="0" offset="66" sl="56" sc="9" el="56" ec="9" bec="0" bev="0" fileid="7">
                  <TrackedMethodRefs>
                    <TrackedMethodRef uid="0" vc="1" />
                  </TrackedMethodRefs>
                </SequencePoint>
                <SequencePoint vc="1" uspid="172191" ordinal="0" offset="94" sl="57" sc="9" el="57" ec="9" bec="0" bev="0" fileid="7">
                  <TrackedMethodRefs>
                    <TrackedMethodRef uid="0" vc="1" />
                  </TrackedMethodRefs>
                </SequencePoint>
                <SequencePoint vc="1" uspid="172192" ordinal="0" offset="111" sl="58" sc="5" el="58" ec="5" bec="0" bev="0" fileid="7">
                  <TrackedMethodRefs>
                    <TrackedMethodRef uid="0" vc="1" />
                  </TrackedMethodRefs>
                </SequencePoint>
              </SequencePoints>
              <BranchPoints />
            </Method>
          </Methods>
        </Class>
      </Classes>
      <TrackedMethods>
        <TrackedMethod uid="0" token="100663351" name="System.Void TileTests::Initialization_SetsTypeAndFoodAmount_ForPlains()" strategy="Test" />
      </TrackedMethods>
    </Module>
    <Module>
      <Summary numSequencePoints="3" visitedSequencePoints="3" numBranchPoints="0" visitedBranchPoints="0" sequenceCoverage="100.0" branchCoverage="0.0" maxCyclomaticComplexity="0" minCyclomaticComplexity="0" maxCrapScore="0" minCrapScore="0" visitedClasses="1" numClasses="1" visitedMethods="3" numMethods="3" />
      <ModuleTime>0001-01-01T00:00:00</ModuleTime>
      <ModuleName>ModelRef</ModuleName>
      <Files>
        <File uid="11" fullPath="C:/Users/Bali/Desktop/ELTE/24-25_2/SzoftTech/src/hunor-profetai/Assets/Scripts/Model/AnimalScripts/Animal.cs" />
        <File uid="12" fullPath="C:/Users/Bali/Desktop/ELTE/24-25_2/SzoftTech/src/hunor-profetai/Assets/Scripts/Model/AnimalScripts/Carnivorous.cs" />
        <File uid="13" fullPath="C:/Users/Bali/Desktop/ELTE/24-25_2/SzoftTech/src/hunor-profetai/Assets/Scripts/Model/AnimalScripts/Herbivore.cs" />
        <File uid="14" fullPath="C:/Users/Bali/Desktop/ELTE/24-25_2/SzoftTech/src/hunor-profetai/Assets/Scripts/Model/AnimalScripts/Jeep.cs" />
        <File uid="15" fullPath="C:/Users/Bali/Desktop/ELTE/24-25_2/SzoftTech/src/hunor-profetai/Assets/Scripts/Model/AnimalScripts/SlowZoneHandler.cs" />
        <File uid="16" fullPath="C:/Users/Bali/Desktop/ELTE/24-25_2/SzoftTech/src/hunor-profetai/Assets/Scripts/Model/GameManager.cs" />
        <File uid="17" fullPath="C:/Users/Bali/Desktop/ELTE/24-25_2/SzoftTech/src/hunor-profetai/Assets/Scripts/Model/GameSettings.cs" />
        <File uid="18" fullPath="C:/Users/Bali/Desktop/ELTE/24-25_2/SzoftTech/src/hunor-profetai/Assets/Scripts/Model/Map/Tile.cs" />
        <File uid="19" fullPath="C:/Users/Bali/Desktop/ELTE/24-25_2/SzoftTech/src/hunor-profetai/Assets/Scripts/Model/ShopElement.cs" />
        <File uid="20" fullPath="C:/Users/Bali/Desktop/ELTE/24-25_2/SzoftTech/src/hunor-profetai/Assets/Scripts/View/CameraManager.cs" />
        <File uid="21" fullPath="C:/Users/Bali/Desktop/ELTE/24-25_2/SzoftTech/src/hunor-profetai/Assets/Scripts/View/Draggable.cs" />
        <File uid="22" fullPath="C:/Users/Bali/Desktop/ELTE/24-25_2/SzoftTech/src/hunor-profetai/Assets/Scripts/View/EnablePauseMenu.cs" />
        <File uid="23" fullPath="C:/Users/Bali/Desktop/ELTE/24-25_2/SzoftTech/src/hunor-profetai/Assets/Scripts/View/EndPopUpUiScript.cs" />
        <File uid="24" fullPath="C:/Users/Bali/Desktop/ELTE/24-25_2/SzoftTech/src/hunor-profetai/Assets/Scripts/View/GameUIButtonsManager.cs" />
        <File uid="25" fullPath="C:/Users/Bali/Desktop/ELTE/24-25_2/SzoftTech/src/hunor-profetai/Assets/Scripts/View/InspectionManager.cs" />
        <File uid="26" fullPath="C:/Users/Bali/Desktop/ELTE/24-25_2/SzoftTech/src/hunor-profetai/Assets/Scripts/View/MainMenu.cs" />
        <File uid="27" fullPath="C:/Users/Bali/Desktop/ELTE/24-25_2/SzoftTech/src/hunor-profetai/Assets/Scripts/View/PauseMenu.cs" />
        <File uid="28" fullPath="C:/Users/Bali/Desktop/ELTE/24-25_2/SzoftTech/src/hunor-profetai/Assets/Scripts/Model/Map/Minimap.cs" />
        <File uid="29" fullPath="C:/Users/Bali/Desktop/ELTE/24-25_2/SzoftTech/src/hunor-profetai/Assets/Scripts/Model/Map/SafariMap.cs" />
      </Files>
      <Classes>
        <Class>
          <Summary numSequencePoints="3" visitedSequencePoints="3" numBranchPoints="0" visitedBranchPoints="0" sequenceCoverage="100.0" branchCoverage="0.0" maxCyclomaticComplexity="0" minCyclomaticComplexity="0" maxCrapScore="0" minCrapScore="0" visitedClasses="1" numClasses="1" visitedMethods="3" numMethods="3" />
          <FullName>Tile</FullName>
          <Methods>
            <Method visited="true" cyclomaticComplexity="0" nPathComplexity="0" sequenceCoverage="100.0" branchCoverage="0" crapScore="0" isConstructor="false" isStatic="false" isGetter="true" isSetter="false">
              <Summary numSequencePoints="1" visitedSequencePoints="1" numBranchPoints="0" visitedBranchPoints="0" sequenceCoverage="100.0" branchCoverage="0" maxCyclomaticComplexity="0" minCyclomaticComplexity="0" maxCrapScore="0" minCrapScore="0" visitedClasses="0" numClasses="0" visitedMethods="1" numMethods="1" />
              <MetadataToken>100663441</MetadataToken>
              <Name>Tile/ShopType Tile::get_Type()</Name>
              <FileRef uid="18" />
              <SequencePoints>
                <SequencePoint vc="1" uspid="173840" ordinal="0" offset="0" sl="24" sc="32" el="24" ec="32" bec="0" bev="0" fileid="18">
                  <TrackedMethodRefs>
                    <TrackedMethodRef uid="1" vc="1" />
                  </TrackedMethodRefs>
                </SequencePoint>
              </SequencePoints>
              <BranchPoints />
            </Method>
            <Method visited="true" cyclomaticComplexity="0" nPathComplexity="0" sequenceCoverage="100.0" branchCoverage="0" crapScore="0" isConstructor="false" isStatic="false" isGetter="false" isSetter="true">
              <Summary numSequencePoints="1" visitedSequencePoints="1" numBranchPoints="0" visitedBranchPoints="0" sequenceCoverage="100.0" branchCoverage="0" maxCyclomaticComplexity="0" minCyclomaticComplexity="0" maxCrapScore="0" minCrapScore="0" visitedClasses="0" numClasses="0" visitedMethods="1" numMethods="1" />
              <MetadataToken>100663442</MetadataToken>
              <Name>System.Void Tile::set_Type(Tile/ShopType)</Name>
              <FileRef uid="18" />
              <SequencePoints>
                <SequencePoint vc="1" uspid="173841" ordinal="0" offset="0" sl="24" sc="37" el="24" ec="37" bec="0" bev="0" fileid="18">
                  <TrackedMethodRefs>
                    <TrackedMethodRef uid="1" vc="1" />
                  </TrackedMethodRefs>
                </SequencePoint>
              </SequencePoints>
              <BranchPoints />
            </Method>
            <Method visited="true" cyclomaticComplexity="0" nPathComplexity="0" sequenceCoverage="100.0" branchCoverage="0" crapScore="0" isConstructor="true" isStatic="false" isGetter="false" isSetter="false">
              <Summary numSequencePoints="1" visitedSequencePoints="1" numBranchPoints="0" visitedBranchPoints="0" sequenceCoverage="100.0" branchCoverage="0" maxCyclomaticComplexity="0" minCyclomaticComplexity="0" maxCrapScore="0" minCrapScore="0" visitedClasses="0" numClasses="0" visitedMethods="1" numMethods="1" />
              <MetadataToken>100663448</MetadataToken>
              <Name>Tile::Tile()</Name>
              <FileRef uid="18" />
              <SequencePoints>
                <SequencePoint vc="1" uspid="173883" ordinal="0" offset="0" sl="23" sc="26" el="23" ec="26" bec="0" bev="0" fileid="18">
                  <TrackedMethodRefs>
                    <TrackedMethodRef uid="1" vc="1" />
                  </TrackedMethodRefs>
                </SequencePoint>
              </SequencePoints>
              <BranchPoints />
            </Method>
          </Methods>
        </Class>
      </Classes>
      <TrackedMethods>
        <TrackedMethod uid="1" token="100663351" name="System.Void TileTests::Initialization_SetsTypeAndFoodAmount_ForPlains()" strategy="Test" />
      </TrackedMethods>
    </Module>
  </Modules>
</CoverageSession>