<?xml version="1.0" encoding="utf-8"?>
<CoverageSession xmlns:xsd="http://www.w3.org/2001/XMLSchema" xmlns:xsi="http://www.w3.org/2001/XMLSchema-instance" Version="0.0.0.0">
  <Summary numSequencePoints="70" visitedSequencePoints="68" numBranchPoints="0" visitedBranchPoints="0" sequenceCoverage="97.14" branchCoverage="0.0" maxCyclomaticComplexity="0" minCyclomaticComplexity="0" maxCrapScore="0" minCrapScore="0" visitedClasses="3" numClasses="4" visitedMethods="9" numMethods="9" />
  <Modules>
    <Module>
      <Summary numSequencePoints="46" visitedSequencePoints="46" numBranchPoints="0" visitedBranchPoints="0" sequenceCoverage="100.0" branchCoverage="0.0" maxCyclomaticComplexity="0" minCyclomaticComplexity="0" maxCrapScore="0" minCrapScore="0" visitedClasses="1" numClasses="2" visitedMethods="2" numMethods="2" />
      <ModuleTime>0001-01-01T00:00:00</ModuleTime>
      <ModuleName>EditMode</ModuleName>
      <Files>
        <File uid="1" fullPath="C:/Users/Bali/Desktop/ELTE/24-25_2/SzoftTech/src/hunor-profetai/Assets/Scripts/Tests/EditMode/Entities/AnimalTest.cs" />
        <File uid="2" fullPath="C:/Users/Bali/Desktop/ELTE/24-25_2/SzoftTech/src/hunor-profetai/Assets/Scripts/Tests/EditMode/Entities/JeepTest.cs" />
        <File uid="3" fullPath="C:/Users/Bali/Desktop/ELTE/24-25_2/SzoftTech/src/hunor-profetai/Assets/Scripts/Tests/EditMode/Entities/SlowZTest.cs" />
        <File uid="4" fullPath="C:/Users/Bali/Desktop/ELTE/24-25_2/SzoftTech/src/hunor-profetai/Assets/Scripts/Tests/EditMode/GameManagerEditTest.cs" />
        <File uid="5" fullPath="C:/Users/Bali/Desktop/ELTE/24-25_2/SzoftTech/src/hunor-profetai/Assets/Scripts/Tests/EditMode/Map/MinimapTests.cs" />
        <File uid="6" fullPath="C:/Users/Bali/Desktop/ELTE/24-25_2/SzoftTech/src/hunor-profetai/Assets/Scripts/Tests/EditMode/Map/SafariMapTests.cs" />
        <File uid="7" fullPath="C:/Users/Bali/Desktop/ELTE/24-25_2/SzoftTech/src/hunor-profetai/Assets/Scripts/Tests/EditMode/Map/TileTests.cs" />
        <File uid="8" fullPath="C:/Users/Bali/Desktop/ELTE/24-25_2/SzoftTech/src/hunor-profetai/Assets/Scripts/Tests/EditMode/SanityTest.cs" />
        <File uid="9" fullPath="C:/Users/Bali/Desktop/ELTE/24-25_2/SzoftTech/src/hunor-profetai/Assets/Scripts/Tests/EditMode/View/CameraManagerTests.cs" />
        <File uid="10" fullPath="C:/Users/Bali/Desktop/ELTE/24-25_2/SzoftTech/src/hunor-profetai/Assets/Scripts/Tests/EditMode/View/EnablePauseMenuTest.cs" />
      </Files>
      <Classes>
        <Class>
          <Summary numSequencePoints="0" visitedSequencePoints="0" numBranchPoints="0" visitedBranchPoints="0" sequenceCoverage="0" branchCoverage="0" maxCyclomaticComplexity="0" minCyclomaticComplexity="0" maxCrapScore="0" minCrapScore="0" visitedClasses="0" numClasses="1" visitedMethods="0" numMethods="0" />
          <FullName>GameManagerEditModeTests</FullName>
          <Methods />
        </Class>
        <Class>
          <Summary numSequencePoints="46" visitedSequencePoints="46" numBranchPoints="0" visitedBranchPoints="0" sequenceCoverage="100.0" branchCoverage="0.0" maxCyclomaticComplexity="0" minCyclomaticComplexity="0" maxCrapScore="0" minCrapScore="0" visitedClasses="1" numClasses="1" visitedMethods="2" numMethods="2" />
          <FullName>SafariMapTests</FullName>
          <Methods>
            <Method visited="true" cyclomaticComplexity="0" nPathComplexity="0" sequenceCoverage="100.0" branchCoverage="0" crapScore="0" isConstructor="false" isStatic="false" isGetter="false" isSetter="false">
              <Summary numSequencePoints="40" visitedSequencePoints="40" numBranchPoints="0" visitedBranchPoints="0" sequenceCoverage="100.0" branchCoverage="0" maxCyclomaticComplexity="0" minCyclomaticComplexity="0" maxCrapScore="0" minCrapScore="0" visitedClasses="0" numClasses="0" visitedMethods="1" numMethods="1" />
              <MetadataToken>100663335</MetadataToken>
              <Name>System.Void SafariMapTests::SetUp()</Name>
              <FileRef uid="6" />
              <SequencePoints>
                <SequencePoint vc="1" uspid="131621" ordinal="0" offset="0" sl="19" sc="5" el="19" ec="5" bec="0" bev="0" fileid="6">
                  <TrackedMethodRefs>
                    <TrackedMethodRef uid="0" vc="1" />
                  </TrackedMethodRefs>
                </SequencePoint>
                <SequencePoint vc="1" uspid="131622" ordinal="0" offset="1" sl="20" sc="9" el="20" ec="9" bec="0" bev="0" fileid="6">
                  <TrackedMethodRefs>
                    <TrackedMethodRef uid="0" vc="1" />
                  </TrackedMethodRefs>
                </SequencePoint>
                <SequencePoint vc="1" uspid="131623" ordinal="0" offset="12" sl="23" sc="9" el="23" ec="9" bec="0" bev="0" fileid="6">
                  <TrackedMethodRefs>
                    <TrackedMethodRef uid="0" vc="1" />
                  </TrackedMethodRefs>
                </SequencePoint>
                <SequencePoint vc="1" uspid="131624" ordinal="0" offset="37" sl="24" sc="9" el="24" ec="9" bec="0" bev="0" fileid="6">
                  <TrackedMethodRefs>
                    <TrackedMethodRef uid="0" vc="1" />
                  </TrackedMethodRefs>
                </SequencePoint>
                <SequencePoint vc="1" uspid="131625" ordinal="0" offset="53" sl="25" sc="9" el="25" ec="9" bec="0" bev="0" fileid="6">
                  <TrackedMethodRefs>
                    <TrackedMethodRef uid="0" vc="1" />
                  </TrackedMethodRefs>
                </SequencePoint>
                <SequencePoint vc="1" uspid="131626" ordinal="0" offset="70" sl="26" sc="9" el="26" ec="9" bec="0" bev="0" fileid="6">
                  <TrackedMethodRefs>
                    <TrackedMethodRef uid="0" vc="1" />
                  </TrackedMethodRefs>
                </SequencePoint>
                <SequencePoint vc="1" uspid="131627" ordinal="0" offset="87" sl="29" sc="9" el="29" ec="9" bec="0" bev="0" fileid="6">
                  <TrackedMethodRefs>
                    <TrackedMethodRef uid="0" vc="1" />
                  </TrackedMethodRefs>
                </SequencePoint>
                <SequencePoint vc="1" uspid="131628" ordinal="0" offset="98" sl="30" sc="9" el="30" ec="9" bec="0" bev="0" fileid="6">
                  <TrackedMethodRefs>
                    <TrackedMethodRef uid="0" vc="1" />
                  </TrackedMethodRefs>
                </SequencePoint>
                <SequencePoint vc="1" uspid="131629" ordinal="0" offset="117" sl="31" sc="9" el="31" ec="9" bec="0" bev="0" fileid="6">
                  <TrackedMethodRefs>
                    <TrackedMethodRef uid="0" vc="1" />
                  </TrackedMethodRefs>
                </SequencePoint>
                <SequencePoint vc="1" uspid="131630" ordinal="0" offset="136" sl="32" sc="9" el="32" ec="9" bec="0" bev="0" fileid="6">
                  <TrackedMethodRefs>
                    <TrackedMethodRef uid="0" vc="1" />
                  </TrackedMethodRefs>
                </SequencePoint>
                <SequencePoint vc="1" uspid="131631" ordinal="0" offset="155" sl="33" sc="9" el="33" ec="9" bec="0" bev="0" fileid="6">
                  <TrackedMethodRefs>
                    <TrackedMethodRef uid="0" vc="1" />
                  </TrackedMethodRefs>
                </SequencePoint>
                <SequencePoint vc="1" uspid="131632" ordinal="0" offset="174" sl="34" sc="9" el="34" ec="9" bec="0" bev="0" fileid="6">
                  <TrackedMethodRefs>
                    <TrackedMethodRef uid="0" vc="1" />
                  </TrackedMethodRefs>
                </SequencePoint>
                <SequencePoint vc="1" uspid="131633" ordinal="0" offset="194" sl="36" sc="9" el="36" ec="9" bec="0" bev="0" fileid="6">
                  <TrackedMethodRefs>
                    <TrackedMethodRef uid="0" vc="1" />
                  </TrackedMethodRefs>
                </SequencePoint>
                <SequencePoint vc="1" uspid="131634" ordinal="0" offset="205" sl="37" sc="9" el="37" ec="9" bec="0" bev="0" fileid="6">
                  <TrackedMethodRefs>
                    <TrackedMethodRef uid="0" vc="1" />
                  </TrackedMethodRefs>
                </SequencePoint>
                <SequencePoint vc="1" uspid="131635" ordinal="0" offset="217" sl="41" sc="9" el="41" ec="9" bec="0" bev="0" fileid="6">
                  <TrackedMethodRefs>
                    <TrackedMethodRef uid="0" vc="1" />
                  </TrackedMethodRefs>
                </SequencePoint>
                <SequencePoint vc="1" uspid="131636" ordinal="0" offset="233" sl="42" sc="9" el="42" ec="9" bec="0" bev="0" fileid="6">
                  <TrackedMethodRefs>
                    <TrackedMethodRef uid="0" vc="1" />
                  </TrackedMethodRefs>
                </SequencePoint>
                <SequencePoint vc="1" uspid="131637" ordinal="0" offset="245" sl="44" sc="9" el="44" ec="9" bec="0" bev="0" fileid="6">
                  <TrackedMethodRefs>
                    <TrackedMethodRef uid="0" vc="1" />
                  </TrackedMethodRefs>
                </SequencePoint>
                <SequencePoint vc="1" uspid="131638" ordinal="0" offset="261" sl="45" sc="9" el="45" ec="9" bec="0" bev="0" fileid="6">
                  <TrackedMethodRefs>
                    <TrackedMethodRef uid="0" vc="1" />
                  </TrackedMethodRefs>
                </SequencePoint>
                <SequencePoint vc="1" uspid="131639" ordinal="0" offset="273" sl="47" sc="9" el="47" ec="9" bec="0" bev="0" fileid="6">
                  <TrackedMethodRefs>
                    <TrackedMethodRef uid="0" vc="1" />
                  </TrackedMethodRefs>
                </SequencePoint>
                <SequencePoint vc="1" uspid="131640" ordinal="0" offset="289" sl="48" sc="9" el="48" ec="9" bec="0" bev="0" fileid="6">
                  <TrackedMethodRefs>
                    <TrackedMethodRef uid="0" vc="1" />
                  </TrackedMethodRefs>
                </SequencePoint>
                <SequencePoint vc="1" uspid="131641" ordinal="0" offset="301" sl="50" sc="9" el="50" ec="9" bec="0" bev="0" fileid="6">
                  <TrackedMethodRefs>
                    <TrackedMethodRef uid="0" vc="1" />
                  </TrackedMethodRefs>
                </SequencePoint>
                <SequencePoint vc="1" uspid="131642" ordinal="0" offset="318" sl="51" sc="9" el="51" ec="9" bec="0" bev="0" fileid="6">
                  <TrackedMethodRefs>
                    <TrackedMethodRef uid="0" vc="1" />
                  </TrackedMethodRefs>
                </SequencePoint>
                <SequencePoint vc="1" uspid="131643" ordinal="0" offset="335" sl="52" sc="9" el="52" ec="9" bec="0" bev="0" fileid="6">
                  <TrackedMethodRefs>
                    <TrackedMethodRef uid="0" vc="1" />
                  </TrackedMethodRefs>
                </SequencePoint>
                <SequencePoint vc="1" uspid="131644" ordinal="0" offset="364" sl="54" sc="9" el="54" ec="9" bec="0" bev="0" fileid="6">
                  <TrackedMethodRefs>
                    <TrackedMethodRef uid="0" vc="1" />
                  </TrackedMethodRefs>
                </SequencePoint>
                <SequencePoint vc="1" uspid="131645" ordinal="0" offset="380" sl="55" sc="14" el="55" ec="14" bec="0" bev="0" fileid="6">
                  <TrackedMethodRefs>
                    <TrackedMethodRef uid="0" vc="1" />
                  </TrackedMethodRefs>
                </SequencePoint>
                <SequencePoint vc="160" uspid="131646" ordinal="0" offset="384" sl="56" sc="9" el="56" ec="9" bec="0" bev="0" fileid="6">
                  <TrackedMethodRefs>
                    <TrackedMethodRef uid="0" vc="160" />
                  </TrackedMethodRefs>
                </SequencePoint>
                <SequencePoint vc="160" uspid="131647" ordinal="0" offset="385" sl="57" sc="13" el="57" ec="13" bec="0" bev="0" fileid="6">
                  <TrackedMethodRefs>
                    <TrackedMethodRef uid="0" vc="160" />
                  </TrackedMethodRefs>
                </SequencePoint>
                <SequencePoint vc="160" uspid="131648" ordinal="0" offset="391" sl="58" sc="18" el="58" ec="18" bec="0" bev="0" fileid="6">
                  <TrackedMethodRefs>
                    <TrackedMethodRef uid="0" vc="160" />
                  </TrackedMethodRefs>
                </SequencePoint>
                <SequencePoint vc="14400" uspid="131649" ordinal="0" offset="396" sl="59" sc="13" el="59" ec="13" bec="0" bev="0" fileid="6">
                  <TrackedMethodRefs>
                    <TrackedMethodRef uid="0" vc="14400" />
                  </TrackedMethodRefs>
                </SequencePoint>
                <SequencePoint vc="14400" uspid="131650" ordinal="0" offset="397" sl="60" sc="17" el="60" ec="17" bec="0" bev="0" fileid="6">
                  <TrackedMethodRefs>
                    <TrackedMethodRef uid="0" vc="14400" />
                  </TrackedMethodRefs>
                </SequencePoint>
                <SequencePoint vc="14400" uspid="131651" ordinal="0" offset="409" sl="61" sc="17" el="61" ec="17" bec="0" bev="0" fileid="6">
                  <TrackedMethodRefs>
                    <TrackedMethodRef uid="0" vc="14400" />
                  </TrackedMethodRefs>
                </SequencePoint>
                <SequencePoint vc="14400" uspid="131652" ordinal="0" offset="417" sl="62" sc="17" el="62" ec="17" bec="0" bev="0" fileid="6">
                  <TrackedMethodRefs>
                    <TrackedMethodRef uid="0" vc="14400" />
                  </TrackedMethodRefs>
                </SequencePoint>
                <SequencePoint vc="14400" uspid="131653" ordinal="0" offset="426" sl="63" sc="13" el="63" ec="13" bec="0" bev="0" fileid="6">
                  <TrackedMethodRefs>
                    <TrackedMethodRef uid="0" vc="14400" />
                  </TrackedMethodRefs>
                </SequencePoint>
                <SequencePoint vc="14400" uspid="131654" ordinal="0" offset="427" sl="58" sc="37" el="58" ec="37" bec="0" bev="0" fileid="6">
                  <TrackedMethodRefs>
                    <TrackedMethodRef uid="0" vc="14400" />
                  </TrackedMethodRefs>
                </SequencePoint>
                <SequencePoint vc="14560" uspid="131655" ordinal="0" offset="433" sl="58" sc="29" el="58" ec="29" bec="0" bev="0" fileid="6">
                  <TrackedMethodRefs>
                    <TrackedMethodRef uid="0" vc="14560" />
                  </TrackedMethodRefs>
                </SequencePoint>
                <SequencePoint vc="160" uspid="131656" ordinal="0" offset="445" sl="64" sc="13" el="64" ec="13" bec="0" bev="0" fileid="6">
                  <TrackedMethodRefs>
                    <TrackedMethodRef uid="0" vc="160" />
                  </TrackedMethodRefs>
                </SequencePoint>
                <SequencePoint vc="160" uspid="131657" ordinal="0" offset="463" sl="65" sc="9" el="65" ec="9" bec="0" bev="0" fileid="6">
                  <TrackedMethodRefs>
                    <TrackedMethodRef uid="0" vc="160" />
                  </TrackedMethodRefs>
                </SequencePoint>
                <SequencePoint vc="160" uspid="131658" ordinal="0" offset="464" sl="55" sc="33" el="55" ec="33" bec="0" bev="0" fileid="6">
                  <TrackedMethodRefs>
                    <TrackedMethodRef uid="0" vc="160" />
                  </TrackedMethodRefs>
                </SequencePoint>
                <SequencePoint vc="161" uspid="131659" ordinal="0" offset="468" sl="55" sc="25" el="55" ec="25" bec="0" bev="0" fileid="6">
                  <TrackedMethodRefs>
                    <TrackedMethodRef uid="0" vc="161" />
                  </TrackedMethodRefs>
                </SequencePoint>
                <SequencePoint vc="1" uspid="131660" ordinal="0" offset="482" sl="66" sc="5" el="66" ec="5" bec="0" bev="0" fileid="6">
                  <TrackedMethodRefs>
                    <TrackedMethodRef uid="0" vc="1" />
                  </TrackedMethodRefs>
                </SequencePoint>
              </SequencePoints>
              <BranchPoints />
            </Method>
            <Method visited="true" cyclomaticComplexity="0" nPathComplexity="0" sequenceCoverage="100.0" branchCoverage="0" crapScore="0" isConstructor="false" isStatic="false" isGetter="false" isSetter="false">
              <Summary numSequencePoints="6" visitedSequencePoints="6" numBranchPoints="0" visitedBranchPoints="0" sequenceCoverage="100.0" branchCoverage="0" maxCyclomaticComplexity="0" minCyclomaticComplexity="0" maxCrapScore="0" minCrapScore="0" visitedClasses="0" numClasses="0" visitedMethods="1" numMethods="1" />
              <MetadataToken>100663341</MetadataToken>
              <Name>System.Void SafariMapTests::Test_IsRoad_ReturnsFalseForNonRoadTile()</Name>
              <FileRef uid="6" />
              <SequencePoints>
                <SequencePoint vc="1" uspid="131716" ordinal="0" offset="0" sl="162" sc="5" el="162" ec="5" bec="0" bev="0" fileid="6">
                  <TrackedMethodRefs>
                    <TrackedMethodRef uid="0" vc="1" />
                  </TrackedMethodRefs>
                </SequencePoint>
                <SequencePoint vc="1" uspid="131717" ordinal="0" offset="1" sl="163" sc="9" el="163" ec="9" bec="0" bev="0" fileid="6">
                  <TrackedMethodRefs>
                    <TrackedMethodRef uid="0" vc="1" />
                  </TrackedMethodRefs>
                </SequencePoint>
                <SequencePoint vc="1" uspid="131718" ordinal="0" offset="12" sl="165" sc="9" el="165" ec="9" bec="0" bev="0" fileid="6">
                  <TrackedMethodRefs>
                    <TrackedMethodRef uid="0" vc="1" />
                  </TrackedMethodRefs>
                </SequencePoint>
                <SequencePoint vc="1" uspid="131719" ordinal="0" offset="35" sl="166" sc="9" el="166" ec="9" bec="0" bev="0" fileid="6">
                  <TrackedMethodRefs>
                    <TrackedMethodRef uid="0" vc="1" />
                  </TrackedMethodRefs>
                </SequencePoint>
                <SequencePoint vc="1" uspid="131720" ordinal="0" offset="68" sl="168" sc="9" el="168" ec="9" bec="0" bev="0" fileid="6">
                  <TrackedMethodRefs>
                    <TrackedMethodRef uid="0" vc="1" />
                  </TrackedMethodRefs>
                </SequencePoint>
                <SequencePoint vc="1" uspid="131721" ordinal="0" offset="85" sl="169" sc="5" el="169" ec="5" bec="0" bev="0" fileid="6">
                  <TrackedMethodRefs>
                    <TrackedMethodRef uid="0" vc="1" />
                  </TrackedMethodRefs>
                </SequencePoint>
              </SequencePoints>
              <BranchPoints />
            </Method>
          </Methods>
        </Class>
      </Classes>
      <TrackedMethods>
        <TrackedMethod uid="0" token="100663341" name="System.Void SafariMapTests::Test_IsRoad_ReturnsFalseForNonRoadTile()" strategy="Test" />
      </TrackedMethods>
    </Module>
    <Module>
      <Summary numSequencePoints="24" visitedSequencePoints="22" numBranchPoints="0" visitedBranchPoints="0" sequenceCoverage="91.67" branchCoverage="0.0" maxCyclomaticComplexity="0" minCyclomaticComplexity="0" maxCrapScore="0" minCrapScore="0" visitedClasses="2" numClasses="2" visitedMethods="7" numMethods="7" />
      <ModuleTime>0001-01-01T00:00:00</ModuleTime>
      <ModuleName>ModelRef</ModuleName>
      <Files>
        <File uid="11" fullPath="C:/Users/Bali/Desktop/ELTE/24-25_2/SzoftTech/src/hunor-profetai/Assets/Scripts/Model/AnimalScripts/Animal.cs" />
        <File uid="12" fullPath="C:/Users/Bali/Desktop/ELTE/24-25_2/SzoftTech/src/hunor-profetai/Assets/Scripts/Model/AnimalScripts/Carnivorous.cs" />
        <File uid="13" fullPath="C:/Users/Bali/Desktop/ELTE/24-25_2/SzoftTech/src/hunor-profetai/Assets/Scripts/Model/AnimalScripts/Herbivore.cs" />
        <File uid="14" fullPath="C:/Users/Bali/Desktop/ELTE/24-25_2/SzoftTech/src/hunor-profetai/Assets/Scripts/Model/AnimalScripts/Jeep.cs" />
        <File uid="15" fullPath="C:/Users/Bali/Desktop/ELTE/24-25_2/SzoftTech/src/hunor-profetai/Assets/Scripts/Model/AnimalScripts/SlowZoneHandler.cs" />
        <File uid="16" fullPath="C:/Users/Bali/Desktop/ELTE/24-25_2/SzoftTech/src/hunor-profetai/Assets/Scripts/Model/GameManager.cs" />
        <File uid="17" fullPath="C:/Users/Bali/Desktop/ELTE/24-25_2/SzoftTech/src/hunor-profetai/Assets/Scripts/Model/GameSettings.cs" />
        <File uid="18" fullPath="C:/Users/Bali/Desktop/ELTE/24-25_2/SzoftTech/src/hunor-profetai/Assets/Scripts/Model/Map/Tile.cs" />
        <File uid="19" fullPath="C:/Users/Bali/Desktop/ELTE/24-25_2/SzoftTech/src/hunor-profetai/Assets/Scripts/Model/ShopElement.cs" />
        <File uid="20" fullPath="C:/Users/Bali/Desktop/ELTE/24-25_2/SzoftTech/src/hunor-profetai/Assets/Scripts/View/CameraManager.cs" />
        <File uid="21" fullPath="C:/Users/Bali/Desktop/ELTE/24-25_2/SzoftTech/src/hunor-profetai/Assets/Scripts/View/Draggable.cs" />
        <File uid="22" fullPath="C:/Users/Bali/Desktop/ELTE/24-25_2/SzoftTech/src/hunor-profetai/Assets/Scripts/View/EnablePauseMenu.cs" />
        <File uid="23" fullPath="C:/Users/Bali/Desktop/ELTE/24-25_2/SzoftTech/src/hunor-profetai/Assets/Scripts/View/EndPopUpUiScript.cs" />
        <File uid="24" fullPath="C:/Users/Bali/Desktop/ELTE/24-25_2/SzoftTech/src/hunor-profetai/Assets/Scripts/View/GameUIButtonsManager.cs" />
        <File uid="25" fullPath="C:/Users/Bali/Desktop/ELTE/24-25_2/SzoftTech/src/hunor-profetai/Assets/Scripts/View/InspectionManager.cs" />
        <File uid="26" fullPath="C:/Users/Bali/Desktop/ELTE/24-25_2/SzoftTech/src/hunor-profetai/Assets/Scripts/View/MainMenu.cs" />
        <File uid="27" fullPath="C:/Users/Bali/Desktop/ELTE/24-25_2/SzoftTech/src/hunor-profetai/Assets/Scripts/View/PauseMenu.cs" />
        <File uid="28" fullPath="C:/Users/Bali/Desktop/ELTE/24-25_2/SzoftTech/src/hunor-profetai/Assets/Scripts/Model/Map/Minimap.cs" />
        <File uid="29" fullPath="C:/Users/Bali/Desktop/ELTE/24-25_2/SzoftTech/src/hunor-profetai/Assets/Scripts/Model/Map/SafariMap.cs" />
      </Files>
      <Classes>
        <Class>
          <Summary numSequencePoints="2" visitedSequencePoints="2" numBranchPoints="0" visitedBranchPoints="0" sequenceCoverage="100.0" branchCoverage="0.0" maxCyclomaticComplexity="0" minCyclomaticComplexity="0" maxCrapScore="0" minCrapScore="0" visitedClasses="1" numClasses="1" visitedMethods="2" numMethods="2" />
          <FullName>Tile</FullName>
          <Methods>
            <Method visited="true" cyclomaticComplexity="0" nPathComplexity="0" sequenceCoverage="100.0" branchCoverage="0" crapScore="0" isConstructor="false" isStatic="false" isGetter="true" isSetter="false">
              <Summary numSequencePoints="1" visitedSequencePoints="1" numBranchPoints="0" visitedBranchPoints="0" sequenceCoverage="100.0" branchCoverage="0" maxCyclomaticComplexity="0" minCyclomaticComplexity="0" maxCrapScore="0" minCrapScore="0" visitedClasses="0" numClasses="0" visitedMethods="1" numMethods="1" />
              <MetadataToken>100663441</MetadataToken>
              <Name>Tile/ShopType Tile::get_Type()</Name>
              <FileRef uid="18" />
              <SequencePoints>
                <SequencePoint vc="1" uspid="133436" ordinal="0" offset="0" sl="24" sc="32" el="24" ec="32" bec="0" bev="0" fileid="18">
                  <TrackedMethodRefs>
                    <TrackedMethodRef uid="1" vc="1" />
                  </TrackedMethodRefs>
                </SequencePoint>
              </SequencePoints>
              <BranchPoints />
            </Method>
            <Method visited="true" cyclomaticComplexity="0" nPathComplexity="0" sequenceCoverage="100.0" branchCoverage="0" crapScore="0" isConstructor="true" isStatic="false" isGetter="false" isSetter="false">
              <Summary numSequencePoints="1" visitedSequencePoints="1" numBranchPoints="0" visitedBranchPoints="0" sequenceCoverage="100.0" branchCoverage="0" maxCyclomaticComplexity="0" minCyclomaticComplexity="0" maxCrapScore="0" minCrapScore="0" visitedClasses="0" numClasses="0" visitedMethods="1" numMethods="1" />
              <MetadataToken>100663448</MetadataToken>
              <Name>Tile::Tile()</Name>
              <FileRef uid="18" />
              <SequencePoints>
                <SequencePoint vc="14403" uspid="133479" ordinal="0" offset="0" sl="23" sc="26" el="23" ec="26" bec="0" bev="0" fileid="18">
                  <TrackedMethodRefs>
                    <TrackedMethodRef uid="1" vc="14403" />
                  </TrackedMethodRefs>
                </SequencePoint>
              </SequencePoints>
              <BranchPoints />
            </Method>
          </Methods>
        </Class>
        <Class>
          <Summary numSequencePoints="22" visitedSequencePoints="20" numBranchPoints="0" visitedBranchPoints="0" sequenceCoverage="90.91" branchCoverage="0.0" maxCyclomaticComplexity="0" minCyclomaticComplexity="0" maxCrapScore="0" minCrapScore="0" visitedClasses="1" numClasses="1" visitedMethods="5" numMethods="5" />
          <FullName>Assets.Scripts.Model.Map.SafariMap</FullName>
          <Methods>
            <Method visited="true" cyclomaticComplexity="0" nPathComplexity="0" sequenceCoverage="100.0" branchCoverage="0" crapScore="0" isConstructor="false" isStatic="false" isGetter="true" isSetter="false">
              <Summary numSequencePoints="1" visitedSequencePoints="1" numBranchPoints="0" visitedBranchPoints="0" sequenceCoverage="100.0" branchCoverage="0" maxCyclomaticComplexity="0" minCyclomaticComplexity="0" maxCrapScore="0" minCrapScore="0" visitedClasses="0" numClasses="0" visitedMethods="1" numMethods="1" />
              <MetadataToken>100663534</MetadataToken>
              <Name>System.Collections.Generic.Dictionary[Int32,GameObject] Assets.Scripts.Model.Map.SafariMap::get_tileset()</Name>
              <FileRef uid="29" />
              <SequencePoints>
                <SequencePoint vc="5" uspid="134119" ordinal="0" offset="0" sl="12" sc="54" el="12" ec="54" bec="0" bev="0" fileid="29">
                  <TrackedMethodRefs>
                    <TrackedMethodRef uid="1" vc="5" />
                  </TrackedMethodRefs>
                </SequencePoint>
              </SequencePoints>
              <BranchPoints />
            </Method>
            <Method visited="true" cyclomaticComplexity="0" nPathComplexity="0" sequenceCoverage="100.0" branchCoverage="0" crapScore="0" isConstructor="false" isStatic="false" isGetter="false" isSetter="true">
              <Summary numSequencePoints="1" visitedSequencePoints="1" numBranchPoints="0" visitedBranchPoints="0" sequenceCoverage="100.0" branchCoverage="0" maxCyclomaticComplexity="0" minCyclomaticComplexity="0" maxCrapScore="0" minCrapScore="0" visitedClasses="0" numClasses="0" visitedMethods="1" numMethods="1" />
              <MetadataToken>100663535</MetadataToken>
              <Name>System.Void Assets.Scripts.Model.Map.SafariMap::set_tileset(System.Collections.Generic.Dictionary[Int32,GameObject])</Name>
              <FileRef uid="29" />
              <SequencePoints>
                <SequencePoint vc="1" uspid="134120" ordinal="0" offset="0" sl="12" sc="59" el="12" ec="59" bec="0" bev="0" fileid="29">
                  <TrackedMethodRefs>
                    <TrackedMethodRef uid="1" vc="1" />
                  </TrackedMethodRefs>
                </SequencePoint>
              </SequencePoints>
              <BranchPoints />
            </Method>
            <Method visited="true" cyclomaticComplexity="0" nPathComplexity="0" sequenceCoverage="100.0" branchCoverage="0" crapScore="0" isConstructor="false" isStatic="false" isGetter="false" isSetter="true">
              <Summary numSequencePoints="1" visitedSequencePoints="1" numBranchPoints="0" visitedBranchPoints="0" sequenceCoverage="100.0" branchCoverage="0" maxCyclomaticComplexity="0" minCyclomaticComplexity="0" maxCrapScore="0" minCrapScore="0" visitedClasses="0" numClasses="0" visitedMethods="1" numMethods="1" />
              <MetadataToken>100663537</MetadataToken>
              <Name>System.Void Assets.Scripts.Model.Map.SafariMap::set_noise_grid(System.Collections.Generic.List[List`1])</Name>
              <FileRef uid="29" />
              <SequencePoints>
                <SequencePoint vc="1" uspid="134122" ordinal="0" offset="0" sl="43" sc="50" el="43" ec="50" bec="0" bev="0" fileid="29">
                  <TrackedMethodRefs>
                    <TrackedMethodRef uid="1" vc="1" />
                  </TrackedMethodRefs>
                </SequencePoint>
              </SequencePoints>
              <BranchPoints />
            </Method>
            <Method visited="true" cyclomaticComplexity="0" nPathComplexity="0" sequenceCoverage="81.82" branchCoverage="0" crapScore="0" isConstructor="false" isStatic="false" isGetter="false" isSetter="false">
              <Summary numSequencePoints="11" visitedSequencePoints="9" numBranchPoints="0" visitedBranchPoints="0" sequenceCoverage="81.82" branchCoverage="0" maxCyclomaticComplexity="0" minCyclomaticComplexity="0" maxCrapScore="0" minCrapScore="0" visitedClasses="0" numClasses="0" visitedMethods="1" numMethods="1" />
              <MetadataToken>100663546</MetadataToken>
              <Name>System.Boolean Assets.Scripts.Model.Map.SafariMap::IsRoad(UnityEngine.Vector2Int)</Name>
              <FileRef uid="29" />
              <SequencePoints>
                <SequencePoint vc="1" uspid="134341" ordinal="0" offset="0" sl="347" sc="9" el="347" ec="9" bec="0" bev="0" fileid="29">
                  <TrackedMethodRefs>
                    <TrackedMethodRef uid="1" vc="1" />
                  </TrackedMethodRefs>
                </SequencePoint>
                <SequencePoint vc="1" uspid="134342" ordinal="0" offset="1" sl="348" sc="13" el="348" ec="13" bec="0" bev="0" fileid="29">
                  <TrackedMethodRefs>
                    <TrackedMethodRef uid="1" vc="1" />
                  </TrackedMethodRefs>
                </SequencePoint>
                <SequencePoint vc="1" uspid="134343" ordinal="0" offset="74" sl="349" sc="13" el="349" ec="13" bec="0" bev="0" fileid="29">
                  <TrackedMethodRefs>
                    <TrackedMethodRef uid="1" vc="1" />
                  </TrackedMethodRefs>
                </SequencePoint>
                <SequencePoint vc="1" uspid="134344" ordinal="0" offset="75" sl="350" sc="17" el="350" ec="17" bec="0" bev="0" fileid="29">
                  <TrackedMethodRefs>
                    <TrackedMethodRef uid="1" vc="1" />
                  </TrackedMethodRefs>
                </SequencePoint>
                <SequencePoint vc="1" uspid="134345" ordinal="0" offset="106" sl="351" sc="17" el="351" ec="17" bec="0" bev="0" fileid="29">
                  <TrackedMethodRefs>
                    <TrackedMethodRef uid="1" vc="1" />
                  </TrackedMethodRefs>
                </SequencePoint>
                <SequencePoint vc="1" uspid="134346" ordinal="0" offset="117" sl="352" sc="17" el="352" ec="17" bec="0" bev="0" fileid="29">
                  <TrackedMethodRefs>
                    <TrackedMethodRef uid="1" vc="1" />
                  </TrackedMethodRefs>
                </SequencePoint>
                <SequencePoint vc="1" uspid="134347" ordinal="0" offset="118" sl="353" sc="21" el="353" ec="21" bec="0" bev="0" fileid="29">
                  <TrackedMethodRefs>
                    <TrackedMethodRef uid="1" vc="1" />
                  </TrackedMethodRefs>
                </SequencePoint>
                <SequencePoint vc="1" uspid="134348" ordinal="0" offset="125" sl="354" sc="21" el="354" ec="21" bec="0" bev="0" fileid="29">
                  <TrackedMethodRefs>
                    <TrackedMethodRef uid="1" vc="1" />
                  </TrackedMethodRefs>
                </SequencePoint>
                <SequencePoint vc="0" uspid="134349" ordinal="0" offset="138" sl="356" sc="13" el="356" ec="13" bec="0" bev="0" fileid="29">
                  <TrackedMethodRefs>
                    <TrackedMethodRef uid="1" vc="0" />
                  </TrackedMethodRefs>
                </SequencePoint>
                <SequencePoint vc="0" uspid="134350" ordinal="0" offset="139" sl="357" sc="13" el="357" ec="13" bec="0" bev="0" fileid="29">
                  <TrackedMethodRefs>
                    <TrackedMethodRef uid="1" vc="0" />
                  </TrackedMethodRefs>
                </SequencePoint>
                <SequencePoint vc="1" uspid="134351" ordinal="0" offset="144" sl="358" sc="9" el="358" ec="9" bec="0" bev="0" fileid="29">
                  <TrackedMethodRefs>
                    <TrackedMethodRef uid="1" vc="1" />
                  </TrackedMethodRefs>
                </SequencePoint>
              </SequencePoints>
              <BranchPoints />
            </Method>
            <Method visited="true" cyclomaticComplexity="0" nPathComplexity="0" sequenceCoverage="100.0" branchCoverage="0" crapScore="0" isConstructor="true" isStatic="false" isGetter="false" isSetter="false">
              <Summary numSequencePoints="8" visitedSequencePoints="8" numBranchPoints="0" visitedBranchPoints="0" sequenceCoverage="100.0" branchCoverage="0" maxCyclomaticComplexity="0" minCyclomaticComplexity="0" maxCrapScore="0" minCrapScore="0" visitedClasses="0" numClasses="0" visitedMethods="1" numMethods="1" />
              <MetadataToken>100663557</MetadataToken>
              <Name>Assets.Scripts.Model.Map.SafariMap::SafariMap()</Name>
              <FileRef uid="29" />
              <SequencePoints>
                <SequencePoint vc="2" uspid="134602" ordinal="0" offset="0" sl="41" sc="9" el="41" ec="9" bec="0" bev="0" fileid="29">
                  <TrackedMethodRefs>
                    <TrackedMethodRef uid="1" vc="2" />
                  </TrackedMethodRefs>
                </SequencePoint>
                <SequencePoint vc="2" uspid="134603" ordinal="0" offset="21" sl="43" sc="59" el="43" ec="59" bec="0" bev="0" fileid="29">
                  <TrackedMethodRefs>
                    <TrackedMethodRef uid="1" vc="2" />
                  </TrackedMethodRefs>
                </SequencePoint>
                <SequencePoint vc="2" uspid="134604" ordinal="0" offset="32" sl="44" sc="9" el="44" ec="9" bec="0" bev="0" fileid="29">
                  <TrackedMethodRefs>
                    <TrackedMethodRef uid="1" vc="2" />
                  </TrackedMethodRefs>
                </SequencePoint>
                <SequencePoint vc="2" uspid="134605" ordinal="0" offset="43" sl="45" sc="9" el="45" ec="9" bec="0" bev="0" fileid="29">
                  <TrackedMethodRefs>
                    <TrackedMethodRef uid="1" vc="2" />
                  </TrackedMethodRefs>
                </SequencePoint>
                <SequencePoint vc="2" uspid="134606" ordinal="0" offset="54" sl="46" sc="9" el="46" ec="9" bec="0" bev="0" fileid="29">
                  <TrackedMethodRefs>
                    <TrackedMethodRef uid="1" vc="2" />
                  </TrackedMethodRefs>
                </SequencePoint>
                <SequencePoint vc="2" uspid="134607" ordinal="0" offset="65" sl="49" sc="9" el="49" ec="9" bec="0" bev="0" fileid="29">
                  <TrackedMethodRefs>
                    <TrackedMethodRef uid="1" vc="2" />
                  </TrackedMethodRefs>
                </SequencePoint>
                <SequencePoint vc="2" uspid="134608" ordinal="0" offset="76" sl="51" sc="9" el="51" ec="9" bec="0" bev="0" fileid="29">
                  <TrackedMethodRefs>
                    <TrackedMethodRef uid="1" vc="2" />
                  </TrackedMethodRefs>
                </SequencePoint>
                <SequencePoint vc="2" uspid="134609" ordinal="0" offset="83" sl="52" sc="9" el="52" ec="9" bec="0" bev="0" fileid="29">
                  <TrackedMethodRefs>
                    <TrackedMethodRef uid="1" vc="2" />
                  </TrackedMethodRefs>
                </SequencePoint>
              </SequencePoints>
              <BranchPoints />
            </Method>
          </Methods>
        </Class>
      </Classes>
      <TrackedMethods>
        <TrackedMethod uid="1" token="100663341" name="System.Void SafariMapTests::Test_IsRoad_ReturnsFalseForNonRoadTile()" strategy="Test" />
      </TrackedMethods>
    </Module>
  </Modules>
</CoverageSession>